#
# There is insufficient memory for the Java Runtime Environment to continue.
# Native memory allocation (malloc) failed to allocate 9104 bytes for AllocateHeap
# Possible reasons:
#   The system is out of physical RAM or swap space
#   The process is running with CompressedOops enabled, and the Java Heap may be blocking the growth of the native heap
# Possible solutions:
#   Reduce memory load on the system
#   Increase physical memory or swap space
#   Check if swap backing store is full
#   Decrease Java heap size (-Xmx/-Xms)
#   Decrease number of Java threads
#   Decrease Java thread stack sizes (-Xss)
#   Set larger code cache with -XX:ReservedCodeCacheSize=
#   JVM is running with Unscaled Compressed Oops mode in which the Java heap is
#     placed in the first 4GB address space. The Java Heap base address is the
#     maximum limit for the native heap growth. Please use -XX:HeapBaseMinAddress
#     to set the Java Heap base and to place the Java Heap above 4GB virtual address.
# This output file may be truncated or incomplete.
#
#  Out of Memory Error (./open/src/hotspot/share/memory/allocation.cpp:46), pid=14516, tid=1340
#
# JRE version: Java(TM) SE Runtime Environment 18.9 (11.0.14+8) (build 11.0.14+8-LTS-263)
# Java VM: Java HotSpot(TM) 64-Bit Server VM 18.9 (11.0.14+8-LTS-263, mixed mode, tiered, compressed oops, g1 gc, windows-amd64)
# No core dump will be written. Minidumps are not enabled by default on client versions of Windows
#

---------------  S U M M A R Y ------------

Command Line: -Xmx64m -Xms64m -Dorg.gradle.appname=gradlew org.gradle.wrapper.GradleWrapperMain tasks

Host: Intel(R) Core(TM) i5-4590S CPU @ 3.00GHz, 4 cores, 11G,  Windows 10 , 64 bit Build 19041 (10.0.19041.3031)
Time: Wed Jun 28 17:13:52 2023 Pakistan Standard Time elapsed time: 157.360386 seconds (0d 0h 2m 37s)

---------------  T H R E A D  ---------------

Current thread (0x000001f47d57a000):  JavaThread "main" [_thread_in_Java, id=1340, stack(0x0000003943100000,0x0000003943200000)]

Stack: [0x0000003943100000,0x0000003943200000]
[error occurred during error reporting (printing stack bounds), id 0xc0000005, EXCEPTION_ACCESS_VIOLATION (0xc0000005) at pc=0x00007ff8058684ca]

Native frames: (J=compiled Java code, j=interpreted, Vv=VM code, C=native code)
V  [jvm.dll+0x6296da]
V  [jvm.dll+0x76323f]
V  [jvm.dll+0x7648e9]
V  [jvm.dll+0x764ed5]
V  [jvm.dll+0x764e8b]
V  [jvm.dll+0x628c23]
V  [jvm.dll+0x6292d8]
C  [ntdll.dll+0xa247f]
C  [ntdll.dll+0x514f4]
C  [ntdll.dll+0xa0f8e]
V  [jvm.dll+0x6984ca]
C  0x000001f4075c86be

Java frames: (J=compiled Java code, j=interpreted, Vv=VM code)
v  blob 0x000001f4075e65ab
J 1597 c2 org.gradle.internal.logging.sink.OutputEventTransformer.onOutput(Lorg/gradle/internal/logging/events/OutputEvent;)V (399 bytes) @ 0x000001f40f12499c [0x000001f40f123820+0x000000000000117c]
J 1598 c2 org.gradle.internal.logging.sink.OutputEventListenerManager$1.onOutput(Lorg/gradle/internal/logging/events/OutputEvent;)V (33 bytes) @ 0x000001f40f126290 [0x000001f40f126140+0x0000000000000150]
j  org.gradle.launcher.daemon.client.DaemonClient.monitorBuild(Lorg/gradle/launcher/daemon/protocol/Build;Lorg/gradle/launcher/daemon/diagnostics/DaemonDiagnostics;Lorg/gradle/internal/remote/internal/Connection;Lorg/gradle/initialization/BuildCancellationToken;Lorg/gradle/initialization/BuildEventConsumer;)Ljava/lang/Object;+159
j  org.gradle.launcher.daemon.client.DaemonClient.executeBuild(Lorg/gradle/launcher/daemon/protocol/Build;Lorg/gradle/launcher/daemon/client/DaemonClientConnection;Lorg/gradle/initialization/BuildCancellationToken;Lorg/gradle/initialization/BuildEventConsumer;)Lorg/gradle/launcher/exec/BuildActionResult;+128
j  org.gradle.launcher.daemon.client.DaemonClient.execute(Lorg/gradle/internal/invocation/BuildAction;Lorg/gradle/launcher/exec/BuildActionParameters;Lorg/gradle/initialization/BuildRequestContext;)Lorg/gradle/launcher/exec/BuildActionResult;+272
j  org.gradle.launcher.daemon.client.DaemonClient.execute(Lorg/gradle/internal/invocation/BuildAction;Ljava/lang/Object;Ljava/lang/Object;)Lorg/gradle/launcher/exec/BuildActionResult;+10
j  org.gradle.launcher.cli.RunBuildAction.run()V+74
j  org.gradle.internal.Actions$RunnableActionAdapter.execute(Ljava/lang/Object;)V+4
j  org.gradle.launcher.cli.DefaultCommandLineActionFactory$ParseAndBuildAction.execute(Lorg/gradle/launcher/bootstrap/ExecutionListener;)V+60
j  org.gradle.launcher.cli.DefaultCommandLineActionFactory$ParseAndBuildAction.execute(Ljava/lang/Object;)V+5
j  org.gradle.launcher.cli.DebugLoggerWarningAction.execute(Lorg/gradle/launcher/bootstrap/ExecutionListener;)V+9
j  org.gradle.launcher.cli.DebugLoggerWarningAction.execute(Ljava/lang/Object;)V+5
j  org.gradle.launcher.cli.WelcomeMessageAction.execute(Lorg/gradle/launcher/bootstrap/ExecutionListener;)V+218
j  org.gradle.launcher.cli.WelcomeMessageAction.execute(Ljava/lang/Object;)V+5
j  org.gradle.launcher.cli.NativeServicesInitializingAction.execute(Lorg/gradle/launcher/bootstrap/ExecutionListener;)V+35
j  org.gradle.launcher.cli.NativeServicesInitializingAction.execute(Ljava/lang/Object;)V+5
j  org.gradle.launcher.cli.ExceptionReportingAction.execute(Lorg/gradle/launcher/bootstrap/ExecutionListener;)V+5
j  org.gradle.launcher.cli.ExceptionReportingAction.execute(Ljava/lang/Object;)V+5
j  org.gradle.launcher.cli.DefaultCommandLineActionFactory$WithLogging.execute(Lorg/gradle/launcher/bootstrap/ExecutionListener;)V+299
j  org.gradle.launcher.Main.doAction([Ljava/lang/String;Lorg/gradle/launcher/bootstrap/ExecutionListener;)V+14
j  org.gradle.launcher.bootstrap.EntryPoint.run([Ljava/lang/String;)V+12
v  ~StubRoutines::call_stub
j  jdk.internal.reflect.NativeMethodAccessorImpl.invoke0(Ljava/lang/reflect/Method;Ljava/lang/Object;[Ljava/lang/Object;)Ljava/lang/Object;+0 java.base@11.0.14
j  jdk.internal.reflect.NativeMethodAccessorImpl.invoke(Ljava/lang/Object;[Ljava/lang/Object;)Ljava/lang/Object;+100 java.base@11.0.14
j  jdk.internal.reflect.DelegatingMethodAccessorImpl.invoke(Ljava/lang/Object;[Ljava/lang/Object;)Ljava/lang/Object;+6 java.base@11.0.14
j  java.lang.reflect.Method.invoke(Ljava/lang/Object;[Ljava/lang/Object;)Ljava/lang/Object;+59 java.base@11.0.14
j  org.gradle.launcher.bootstrap.ProcessBootstrap.runNoExit(Ljava/lang/String;[Ljava/lang/String;)V+159
j  org.gradle.launcher.bootstrap.ProcessBootstrap.run(Ljava/lang/String;[Ljava/lang/String;)V+2
v  ~StubRoutines::call_stub
j  jdk.internal.reflect.NativeMethodAccessorImpl.invoke0(Ljava/lang/reflect/Method;Ljava/lang/Object;[Ljava/lang/Object;)Ljava/lang/Object;+0 java.base@11.0.14
j  jdk.internal.reflect.NativeMethodAccessorImpl.invoke(Ljava/lang/Object;[Ljava/lang/Object;)Ljava/lang/Object;+100 java.base@11.0.14
j  jdk.internal.reflect.DelegatingMethodAccessorImpl.invoke(Ljava/lang/Object;[Ljava/lang/Object;)Ljava/lang/Object;+6 java.base@11.0.14
j  java.lang.reflect.Method.invoke(Ljava/lang/Object;[Ljava/lang/Object;)Ljava/lang/Object;+59 java.base@11.0.14
j  org.gradle.launcher.GradleMain.main([Ljava/lang/String;)V+100
v  ~StubRoutines::call_stub
j  jdk.internal.reflect.NativeMethodAccessorImpl.invoke0(Ljava/lang/reflect/Method;Ljava/lang/Object;[Ljava/lang/Object;)Ljava/lang/Object;+0 java.base@11.0.14
j  jdk.internal.reflect.NativeMethodAccessorImpl.invoke(Ljava/lang/Object;[Ljava/lang/Object;)Ljava/lang/Object;+100 java.base@11.0.14
j  jdk.internal.reflect.DelegatingMethodAccessorImpl.invoke(Ljava/lang/Object;[Ljava/lang/Object;)Ljava/lang/Object;+6 java.base@11.0.14
j  java.lang.reflect.Method.invoke(Ljava/lang/Object;[Ljava/lang/Object;)Ljava/lang/Object;+59 java.base@11.0.14
j  org.gradle.wrapper.BootstrapMainStarter.start([Ljava/lang/String;Ljava/io/File;)V+105
j  org.gradle.wrapper.WrapperExecutor.execute([Ljava/lang/String;Lorg/gradle/wrapper/Install;Lorg/gradle/wrapper/BootstrapMainStarter;)V+14
j  org.gradle.wrapper.GradleWrapperMain.main([Ljava/lang/String;)V+206
v  ~StubRoutines::call_stub

---------------  P R O C E S S  ---------------

Threads class SMR info:
_java_thread_list=0x000001f41b2afc60, length=11, elements={
0x000001f47d57a000, 0x000001f419bf8000, 0x000001f419bfa000, 0x000001f419c64800,
0x000001f419c67000, 0x000001f419c68000, 0x000001f419c11800, 0x000001f419dd8800,
0x000001f419cad800, 0x000001f419ef2000, 0x000001f41a9f6800
}

Java Threads: ( => current thread )
=>0x000001f47d57a000 JavaThread "main" [_thread_in_Java, id=1340, stack(0x0000003943100000,0x0000003943200000)]
  0x000001f419bf8000 JavaThread "Reference Handler" daemon [_thread_blocked, id=1248, stack(0x0000003943800000,0x0000003943900000)]
  0x000001f419bfa000 JavaThread "Finalizer" daemon [_thread_blocked, id=6044, stack(0x0000003943900000,0x0000003943a00000)]
  0x000001f419c64800 JavaThread "Signal Dispatcher" daemon [_thread_blocked, id=9412, stack(0x0000003943a00000,0x0000003943b00000)]
  0x000001f419c67000 JavaThread "Attach Listener" daemon [_thread_blocked, id=14916, stack(0x0000003943b00000,0x0000003943c00000)]
  0x000001f419c68000 JavaThread "Service Thread" daemon [_thread_blocked, id=7392, stack(0x0000003943c00000,0x0000003943d00000)]
  0x000001f419c11800 JavaThread "C2 CompilerThread0" daemon [_thread_blocked, id=11428, stack(0x0000003943d00000,0x0000003943e00000)]
  0x000001f419dd8800 JavaThread "C1 CompilerThread0" daemon [_thread_blocked, id=14716, stack(0x0000003943e00000,0x0000003943f00000)]
  0x000001f419cad800 JavaThread "Sweeper thread" daemon [_thread_blocked, id=14416, stack(0x0000003943f00000,0x0000003944000000)]
  0x000001f419ef2000 JavaThread "Common-Cleaner" daemon [_thread_blocked, id=12180, stack(0x0000003944100000,0x0000003944200000)]
  0x000001f41a9f6800 JavaThread "pool-1-thread-1" [_thread_blocked, id=72, stack(0x0000003944400000,0x0000003944500000)]

Other Threads:
  0x000001f419bd1000 VMThread "VM Thread" [stack: 0x0000003943700000,0x0000003943800000] [id=14552]
  0x000001f419eeb000 WatcherThread [stack: 0x0000003944000000,0x0000003944100000] [id=4992]
  0x000001f47d590000 GCTaskThread "GC Thread#0" [stack: 0x0000003943200000,0x0000003943300000] [id=14132]
  0x000001f41a3f8000 GCTaskThread "GC Thread#1" [stack: 0x0000003944200000,0x0000003944300000] [id=7852]
  0x000001f41b37f800 GCTaskThread "GC Thread#2" [stack: 0x0000003942f00000,0x0000003943000000] [id=14948]
  0x000001f41aa42000 GCTaskThread "GC Thread#3" [stack: 0x0000003943000000,0x0000003943100000] [id=16240]
  0x000001f47d595800 ConcurrentGCThread "G1 Main Marker" [stack: 0x0000003943300000,0x0000003943400000] [id=5756]
  0x000001f47d597000 ConcurrentGCThread "G1 Conc#0" [stack: 0x0000003943400000,0x0000003943500000] [id=12244]
  0x000001f47d5eb800 ConcurrentGCThread "G1 Refine#0" [stack: 0x0000003943500000,0x0000003943600000] [id=12876]
  0x000001f47d5ed800 ConcurrentGCThread "G1 Young RemSet Sampling" [stack: 0x0000003943600000,0x0000003943700000] [id=15104]

Threads with active compile tasks:

VM state:not at safepoint (normal execution)

VM Mutex/Monitor currently owned by a thread: None

Heap address: 0x00000000fc000000, size: 64 MB, Compressed Oops mode: 32-bit
Narrow klass base: 0x0000000000000000, Narrow klass shift: 3
Compressed class space size: 1073741824 Address: 0x0000000100000000

Heap:
 garbage-first heap   total 65536K, used 13486K [0x00000000fc000000, 0x0000000100000000)
  region size 1024K, 8 young (8192K), 5 survivors (5120K)
 Metaspace       used 16492K, capacity 16872K, committed 17152K, reserved 1064960K
  class space    used 1859K, capacity 1997K, committed 2048K, reserved 1048576K
Heap Regions: E=young(eden), S=young(survivor), O=old, HS=humongous(starts), HC=humongous(continues), CS=collection set, F=free, A=archive, TAMS=top-at-mark-start (previous, next)
|   0|0x00000000fc000000, 0x00000000fc100000, 0x00000000fc100000|100%| O|  |TAMS 0x00000000fc000000, 0x00000000fc000000| Untracked 
|   1|0x00000000fc100000, 0x00000000fc200000, 0x00000000fc200000|100%| O|  |TAMS 0x00000000fc100000, 0x00000000fc100000| Untracked 
|   2|0x00000000fc200000, 0x00000000fc300000, 0x00000000fc300000|100%|HS|  |TAMS 0x00000000fc200000, 0x00000000fc200000| Complete 
|   3|0x00000000fc300000, 0x00000000fc400000, 0x00000000fc400000|100%|HC|  |TAMS 0x00000000fc300000, 0x00000000fc300000| Complete 
|   4|0x00000000fc400000, 0x00000000fc500000, 0x00000000fc500000|100%|HC|  |TAMS 0x00000000fc400000, 0x00000000fc400000| Complete 
|   5|0x00000000fc500000, 0x00000000fc600000, 0x00000000fc600000|100%|HC|  |TAMS 0x00000000fc500000, 0x00000000fc500000| Complete 
|   6|0x00000000fc600000, 0x00000000fc62ba00, 0x00000000fc700000| 17%| O|  |TAMS 0x00000000fc600000, 0x00000000fc600000| Untracked 
|   7|0x00000000fc700000, 0x00000000fc700000, 0x00000000fc800000|  0%| F|  |TAMS 0x00000000fc700000, 0x00000000fc700000| Untracked 
|   8|0x00000000fc800000, 0x00000000fc800000, 0x00000000fc900000|  0%| F|  |TAMS 0x00000000fc800000, 0x00000000fc800000| Untracked 
|   9|0x00000000fc900000, 0x00000000fc900000, 0x00000000fca00000|  0%| F|  |TAMS 0x00000000fc900000, 0x00000000fc900000| Untracked 
|  10|0x00000000fca00000, 0x00000000fca00000, 0x00000000fcb00000|  0%| F|  |TAMS 0x00000000fca00000, 0x00000000fca00000| Untracked 
|  11|0x00000000fcb00000, 0x00000000fcb00000, 0x00000000fcc00000|  0%| F|  |TAMS 0x00000000fcb00000, 0x00000000fcb00000| Untracked 
|  12|0x00000000fcc00000, 0x00000000fcc00000, 0x00000000fcd00000|  0%| F|  |TAMS 0x00000000fcc00000, 0x00000000fcc00000| Untracked 
|  13|0x00000000fcd00000, 0x00000000fcd00000, 0x00000000fce00000|  0%| F|  |TAMS 0x00000000fcd00000, 0x00000000fcd00000| Untracked 
|  14|0x00000000fce00000, 0x00000000fce00000, 0x00000000fcf00000|  0%| F|  |TAMS 0x00000000fce00000, 0x00000000fce00000| Untracked 
|  15|0x00000000fcf00000, 0x00000000fcf00000, 0x00000000fd000000|  0%| F|  |TAMS 0x00000000fcf00000, 0x00000000fcf00000| Untracked 
|  16|0x00000000fd000000, 0x00000000fd000000, 0x00000000fd100000|  0%| F|  |TAMS 0x00000000fd000000, 0x00000000fd000000| Untracked 
|  17|0x00000000fd100000, 0x00000000fd100000, 0x00000000fd200000|  0%| F|  |TAMS 0x00000000fd100000, 0x00000000fd100000| Untracked 
|  18|0x00000000fd200000, 0x00000000fd200000, 0x00000000fd300000|  0%| F|  |TAMS 0x00000000fd200000, 0x00000000fd200000| Untracked 
|  19|0x00000000fd300000, 0x00000000fd300000, 0x00000000fd400000|  0%| F|  |TAMS 0x00000000fd300000, 0x00000000fd300000| Untracked 
|  20|0x00000000fd400000, 0x00000000fd400000, 0x00000000fd500000|  0%| F|  |TAMS 0x00000000fd400000, 0x00000000fd400000| Untracked 
|  21|0x00000000fd500000, 0x00000000fd600000, 0x00000000fd600000|100%| S|CS|TAMS 0x00000000fd500000, 0x00000000fd500000| Complete 
|  22|0x00000000fd600000, 0x00000000fd700000, 0x00000000fd700000|100%| S|CS|TAMS 0x00000000fd600000, 0x00000000fd600000| Complete 
|  23|0x00000000fd700000, 0x00000000fd800000, 0x00000000fd800000|100%| S|CS|TAMS 0x00000000fd700000, 0x00000000fd700000| Complete 
|  24|0x00000000fd800000, 0x00000000fd900000, 0x00000000fd900000|100%| S|CS|TAMS 0x00000000fd800000, 0x00000000fd800000| Complete 
|  25|0x00000000fd900000, 0x00000000fda00000, 0x00000000fda00000|100%| S|CS|TAMS 0x00000000fd900000, 0x00000000fd900000| Complete 
|  26|0x00000000fda00000, 0x00000000fda00000, 0x00000000fdb00000|  0%| F|  |TAMS 0x00000000fda00000, 0x00000000fda00000| Untracked 
|  27|0x00000000fdb00000, 0x00000000fdb00000, 0x00000000fdc00000|  0%| F|  |TAMS 0x00000000fdb00000, 0x00000000fdb00000| Untracked 
|  28|0x00000000fdc00000, 0x00000000fdc00000, 0x00000000fdd00000|  0%| F|  |TAMS 0x00000000fdc00000, 0x00000000fdc00000| Untracked 
|  29|0x00000000fdd00000, 0x00000000fdd00000, 0x00000000fde00000|  0%| F|  |TAMS 0x00000000fdd00000, 0x00000000fdd00000| Untracked 
|  30|0x00000000fde00000, 0x00000000fde00000, 0x00000000fdf00000|  0%| F|  |TAMS 0x00000000fde00000, 0x00000000fde00000| Untracked 
|  31|0x00000000fdf00000, 0x00000000fdf00000, 0x00000000fe000000|  0%| F|  |TAMS 0x00000000fdf00000, 0x00000000fdf00000| Untracked 
|  32|0x00000000fe000000, 0x00000000fe000000, 0x00000000fe100000|  0%| F|  |TAMS 0x00000000fe000000, 0x00000000fe000000| Untracked 
|  33|0x00000000fe100000, 0x00000000fe100000, 0x00000000fe200000|  0%| F|  |TAMS 0x00000000fe100000, 0x00000000fe100000| Untracked 
|  34|0x00000000fe200000, 0x00000000fe200000, 0x00000000fe300000|  0%| F|  |TAMS 0x00000000fe200000, 0x00000000fe200000| Untracked 
|  35|0x00000000fe300000, 0x00000000fe300000, 0x00000000fe400000|  0%| F|  |TAMS 0x00000000fe300000, 0x00000000fe300000| Untracked 
|  36|0x00000000fe400000, 0x00000000fe400000, 0x00000000fe500000|  0%| F|  |TAMS 0x00000000fe400000, 0x00000000fe400000| Untracked 
|  37|0x00000000fe500000, 0x00000000fe500000, 0x00000000fe600000|  0%| F|  |TAMS 0x00000000fe500000, 0x00000000fe500000| Untracked 
|  38|0x00000000fe600000, 0x00000000fe600000, 0x00000000fe700000|  0%| F|  |TAMS 0x00000000fe600000, 0x00000000fe600000| Untracked 
|  39|0x00000000fe700000, 0x00000000fe700000, 0x00000000fe800000|  0%| F|  |TAMS 0x00000000fe700000, 0x00000000fe700000| Untracked 
|  40|0x00000000fe800000, 0x00000000fe800000, 0x00000000fe900000|  0%| F|  |TAMS 0x00000000fe800000, 0x00000000fe800000| Untracked 
|  41|0x00000000fe900000, 0x00000000fe900000, 0x00000000fea00000|  0%| F|  |TAMS 0x00000000fe900000, 0x00000000fe900000| Untracked 
|  42|0x00000000fea00000, 0x00000000fea00000, 0x00000000feb00000|  0%| F|  |TAMS 0x00000000fea00000, 0x00000000fea00000| Untracked 
|  43|0x00000000feb00000, 0x00000000feb00000, 0x00000000fec00000|  0%| F|  |TAMS 0x00000000feb00000, 0x00000000feb00000| Untracked 
|  44|0x00000000fec00000, 0x00000000fec00000, 0x00000000fed00000|  0%| F|  |TAMS 0x00000000fec00000, 0x00000000fec00000| Untracked 
|  45|0x00000000fed00000, 0x00000000fed00000, 0x00000000fee00000|  0%| F|  |TAMS 0x00000000fed00000, 0x00000000fed00000| Untracked 
|  46|0x00000000fee00000, 0x00000000fee00000, 0x00000000fef00000|  0%| F|  |TAMS 0x00000000fee00000, 0x00000000fee00000| Untracked 
|  47|0x00000000fef00000, 0x00000000fef00000, 0x00000000ff000000|  0%| F|  |TAMS 0x00000000fef00000, 0x00000000fef00000| Untracked 
|  48|0x00000000ff000000, 0x00000000ff000000, 0x00000000ff100000|  0%| F|  |TAMS 0x00000000ff000000, 0x00000000ff000000| Untracked 
|  49|0x00000000ff100000, 0x00000000ff100000, 0x00000000ff200000|  0%| F|  |TAMS 0x00000000ff100000, 0x00000000ff100000| Untracked 
|  50|0x00000000ff200000, 0x00000000ff200000, 0x00000000ff300000|  0%| F|  |TAMS 0x00000000ff200000, 0x00000000ff200000| Untracked 
|  51|0x00000000ff300000, 0x00000000ff300000, 0x00000000ff400000|  0%| F|  |TAMS 0x00000000ff300000, 0x00000000ff300000| Untracked 
|  52|0x00000000ff400000, 0x00000000ff400000, 0x00000000ff500000|  0%| F|  |TAMS 0x00000000ff400000, 0x00000000ff400000| Untracked 
|  53|0x00000000ff500000, 0x00000000ff500000, 0x00000000ff600000|  0%| F|  |TAMS 0x00000000ff500000, 0x00000000ff500000| Untracked 
|  54|0x00000000ff600000, 0x00000000ff600000, 0x00000000ff700000|  0%| F|  |TAMS 0x00000000ff600000, 0x00000000ff600000| Untracked 
|  55|0x00000000ff700000, 0x00000000ff700000, 0x00000000ff800000|  0%| F|  |TAMS 0x00000000ff700000, 0x00000000ff700000| Untracked 
|  56|0x00000000ff800000, 0x00000000ff800000, 0x00000000ff900000|  0%| F|  |TAMS 0x00000000ff800000, 0x00000000ff800000| Untracked 
|  57|0x00000000ff900000, 0x00000000ff900000, 0x00000000ffa00000|  0%| F|  |TAMS 0x00000000ff900000, 0x00000000ff900000| Untracked 
|  58|0x00000000ffa00000, 0x00000000ffa00000, 0x00000000ffb00000|  0%| F|  |TAMS 0x00000000ffa00000, 0x00000000ffa00000| Untracked 
|  59|0x00000000ffb00000, 0x00000000ffb00000, 0x00000000ffc00000|  0%| F|  |TAMS 0x00000000ffb00000, 0x00000000ffb00000| Untracked 
|  60|0x00000000ffc00000, 0x00000000ffc00000, 0x00000000ffd00000|  0%| F|  |TAMS 0x00000000ffc00000, 0x00000000ffc00000| Untracked 
|  61|0x00000000ffd00000, 0x00000000ffdfb7a8, 0x00000000ffe00000| 98%| E|  |TAMS 0x00000000ffd00000, 0x00000000ffd00000| Complete 
|  62|0x00000000ffe00000, 0x00000000fff00000, 0x00000000fff00000|100%| E|CS|TAMS 0x00000000ffe00000, 0x00000000ffe00000| Complete 
|  63|0x00000000fff00000, 0x0000000100000000, 0x0000000100000000|100%| E|CS|TAMS 0x00000000fff00000, 0x00000000fff00000| Complete 

Card table byte_map: [0x000001f416c10000,0x000001f416c30000] _byte_map_base: 0x000001f416430000

Marking Bits (Prev, Next): (CMBitMap*) 0x000001f47d594a48, (CMBitMap*) 0x000001f47d594a80
 Prev Bits: [0x000001f416c50000, 0x000001f416d50000)
 Next Bits: [0x000001f416d50000, 0x000001f416e50000)

Polling page: 0x000001f400000000

Metaspace:

Usage:
  Non-class:     14.53 MB capacity,    14.29 MB ( 98%) used,   217.46 KB (  1%) free+waste,    24.63 KB ( <1%) overhead. 
      Class:      1.95 MB capacity,     1.82 MB ( 93%) used,   125.05 KB (  6%) free+waste,    12.63 KB ( <1%) overhead. 
       Both:     16.48 MB capacity,    16.11 MB ( 98%) used,   342.51 KB (  2%) free+waste,    37.25 KB ( <1%) overhead. 

Virtual space:
  Non-class space:       16.00 MB reserved,      14.75 MB ( 92%) committed 
      Class space:        1.00 GB reserved,       2.00 MB ( <1%) committed 
             Both:        1.02 GB reserved,      16.75 MB (  2%) committed 

Chunk freelists:
   Non-Class:  4.63 KB
       Class:  2.38 KB
        Both:  7.00 KB

CodeHeap 'non-profiled nmethods': size=120064Kb used=732Kb max_used=732Kb free=119331Kb
 bounds [0x000001f40f080000, 0x000001f40f2f0000, 0x000001f4165c0000]
CodeHeap 'profiled nmethods': size=120000Kb used=3329Kb max_used=3329Kb free=116670Kb
 bounds [0x000001f407b50000, 0x000001f407ea0000, 0x000001f40f080000]
CodeHeap 'non-nmethods': size=5696Kb used=1109Kb max_used=1130Kb free=4587Kb
 bounds [0x000001f4075c0000, 0x000001f407830000, 0x000001f407b50000]
 total_blobs=2109 nmethods=1677 adapters=344
 compilation: enabled
              stopped_count=0, restarted_count=0
 full_count=0

Compilation events (10 events):
Event: 155.585 Thread 0x000001f419c11800 1674       4       org.gradle.internal.logging.text.AbstractLineChoppingStyledTextOutput$StateContext::isCurrentCharEquals (70 bytes)
Event: 155.586 Thread 0x000001f419dd8800 1675       3       java.nio.charset.CoderResult::isUnderflow (13 bytes)
Event: 155.586 Thread 0x000001f419dd8800 nmethod 1675 0x000001f407e8f610 code [0x000001f407e8f7a0, 0x000001f407e8f8f8]
Event: 155.586 Thread 0x000001f419c11800 nmethod 1674 0x000001f40f136c10 code [0x000001f40f136da0, 0x000001f40f136ec8]
Event: 155.586 Thread 0x000001f419dd8800 1676       3       java.nio.CharBuffer::position (8 bytes)
Event: 155.586 Thread 0x000001f419dd8800 nmethod 1676 0x000001f407e8f990 code [0x000001f407e8fb40, 0x000001f407e8fc88]
Event: 155.586 Thread 0x000001f419dd8800 1677       3       java.nio.CharBuffer::position (6 bytes)
Event: 155.587 Thread 0x000001f419dd8800 nmethod 1677 0x000001f407e8fd10 code [0x000001f407e8fec0, 0x000001f407e90068]
Event: 155.587 Thread 0x000001f419dd8800 1678       3       java.nio.ByteBuffer::array (35 bytes)
Event: 155.587 Thread 0x000001f419dd8800 nmethod 1678 0x000001f407e90110 code [0x000001f407e902e0, 0x000001f407e90598]

GC Heap History (4 events):
Event: 0.504 GC heap before
{Heap before GC invocations=0 (full 0):
 garbage-first heap   total 65536K, used 13312K [0x00000000fc000000, 0x0000000100000000)
  region size 1024K, 14 young (14336K), 0 survivors (0K)
 Metaspace       used 7488K, capacity 7696K, committed 7936K, reserved 1056768K
  class space    used 667K, capacity 754K, committed 768K, reserved 1048576K
}
Event: 0.508 GC heap after
{Heap after GC invocations=1 (full 0):
 garbage-first heap   total 65536K, used 3773K [0x00000000fc000000, 0x0000000100000000)
  region size 1024K, 2 young (2048K), 2 survivors (2048K)
 Metaspace       used 7488K, capacity 7696K, committed 7936K, reserved 1056768K
  class space    used 667K, capacity 754K, committed 768K, reserved 1048576K
}
Event: 72.885 GC heap before
{Heap before GC invocations=1 (full 0):
 garbage-first heap   total 65536K, used 43709K [0x00000000fc000000, 0x0000000100000000)
  region size 1024K, 38 young (38912K), 2 survivors (2048K)
 Metaspace       used 16226K, capacity 16570K, committed 16896K, reserved 1064960K
  class space    used 1830K, capacity 1958K, committed 2048K, reserved 1048576K
}
Event: 72.890 GC heap after
{Heap after GC invocations=2 (full 0):
 garbage-first heap   total 65536K, used 11438K [0x00000000fc000000, 0x0000000100000000)
  region size 1024K, 5 young (5120K), 5 survivors (5120K)
 Metaspace       used 16226K, capacity 16570K, committed 16896K, reserved 1064960K
  class space    used 1830K, capacity 1958K, committed 2048K, reserved 1048576K
}

Deoptimization events (10 events):
Event: 127.193 Thread 0x000001f41a9f6800 Uncommon trap: reason=unstable_if action=reinterpret pc=0x000001f40f11ca3c method=org.gradle.internal.operations.OperationIdentifier.equals(Ljava/lang/Object;)Z @ 2 c2
Event: 155.524 Thread 0x000001f47d57a000 Uncommon trap: reason=unstable_if action=reinterpret pc=0x000001f40f11a3a4 method=java.lang.reflect.AccessibleObject.checkCanSetAccessible(Ljava/lang/Class;Ljava/lang/Class;Z)Z @ 30 c2
Event: 155.524 Thread 0x000001f47d57a000 Uncommon trap: reason=class_check action=maybe_recompile pc=0x000001f40f11c500 method=jdk.internal.reflect.DelegatingMethodAccessorImpl.invoke(Ljava/lang/Object;[Ljava/lang/Object;)Ljava/lang/Object; @ 6 c2
Event: 155.532 Thread 0x000001f47d57a000 Uncommon trap: reason=unstable_if action=reinterpret pc=0x000001f40f11f4a4 method=com.esotericsoftware.kryo.io.Input.readBoolean()Z @ 23 c2
Event: 155.532 Thread 0x000001f47d57a000 Uncommon trap: reason=class_check action=maybe_recompile pc=0x000001f40f12499c method=org.gradle.internal.logging.sink.OutputEventTransformer.onOutput(Lorg/gradle/internal/logging/events/OutputEvent;)V @ 287 c2
Event: 155.532 Thread 0x000001f47d57a000 Uncommon trap: reason=unstable_if action=reinterpret pc=0x000001f40f110334 method=com.esotericsoftware.kryo.io.Input.readUtf8(I)V @ 79 c2
Event: 155.533 Thread 0x000001f47d57a000 Uncommon trap: reason=class_check action=maybe_recompile pc=0x000001f40f12499c method=org.gradle.internal.logging.sink.OutputEventTransformer.onOutput(Lorg/gradle/internal/logging/events/OutputEvent;)V @ 287 c2
Event: 155.533 Thread 0x000001f47d57a000 Uncommon trap: reason=class_check action=maybe_recompile pc=0x000001f40f12499c method=org.gradle.internal.logging.sink.OutputEventTransformer.onOutput(Lorg/gradle/internal/logging/events/OutputEvent;)V @ 287 c2
Event: 155.579 Thread 0x000001f41a9f6800 Uncommon trap: reason=unstable_if action=reinterpret pc=0x000001f40f117c40 method=org.gradle.internal.logging.sink.GroupingProgressLogEventGenerator.onOutput(Lorg/gradle/internal/logging/events/OutputEvent;)V @ 22 c2
Event: 157.356 Thread 0x000001f47d57a000 Uncommon trap: reason=class_check action=maybe_recompile pc=0x000001f40f12499c method=org.gradle.internal.logging.sink.OutputEventTransformer.onOutput(Lorg/gradle/internal/logging/events/OutputEvent;)V @ 287 c2

Classes redefined (0 events):
No events

Internal exceptions (10 events):
Event: 155.588 Thread 0x000001f41a9f6800 Exception <a 'java/io/IOException'{0x00000000ffddac78}> (0x00000000ffddac78) thrown at [./open/src/hotspot/share/prims/jni.cpp, line 611]
Event: 155.588 Thread 0x000001f41a9f6800 Exception <a 'java/io/IOException'{0x00000000ffddb230}> (0x00000000ffddb230) thrown at [./open/src/hotspot/share/prims/jni.cpp, line 611]
Event: 155.588 Thread 0x000001f41a9f6800 Exception <a 'java/io/IOException'{0x00000000ffddb830}> (0x00000000ffddb830) thrown at [./open/src/hotspot/share/prims/jni.cpp, line 611]
Event: 155.588 Thread 0x000001f41a9f6800 Exception <a 'java/io/IOException'{0x00000000ffddbde8}> (0x00000000ffddbde8) thrown at [./open/src/hotspot/share/prims/jni.cpp, line 611]
Event: 155.588 Thread 0x000001f41a9f6800 Exception <a 'java/io/IOException'{0x00000000ffddc448}> (0x00000000ffddc448) thrown at [./open/src/hotspot/share/prims/jni.cpp, line 611]
Event: 155.588 Thread 0x000001f41a9f6800 Exception <a 'java/io/IOException'{0x00000000ffddca00}> (0x00000000ffddca00) thrown at [./open/src/hotspot/share/prims/jni.cpp, line 611]
Event: 155.588 Thread 0x000001f41a9f6800 Exception <a 'java/io/IOException'{0x00000000ffddd0d0}> (0x00000000ffddd0d0) thrown at [./open/src/hotspot/share/prims/jni.cpp, line 611]
Event: 155.588 Thread 0x000001f41a9f6800 Exception <a 'java/io/IOException'{0x00000000ffddd688}> (0x00000000ffddd688) thrown at [./open/src/hotspot/share/prims/jni.cpp, line 611]
Event: 155.588 Thread 0x000001f41a9f6800 Exception <a 'java/io/IOException'{0x00000000ffddda40}> (0x00000000ffddda40) thrown at [./open/src/hotspot/share/prims/jni.cpp, line 611]
Event: 155.588 Thread 0x000001f41a9f6800 Exception <a 'java/io/IOException'{0x00000000ffdddff8}> (0x00000000ffdddff8) thrown at [./open/src/hotspot/share/prims/jni.cpp, line 611]

Events (10 events):
Event: 155.533 Thread 0x000001f47d57a000 DEOPT UNPACKING pc=0x000001f4075e662f sp=0x00000039431fcf18 mode 2
Event: 155.579 Thread 0x000001f41a9f6800 Uncommon trap: trap_request=0xffffff4d fr.pc=0x000001f40f117c40 relative=0x0000000000000c20
Event: 155.579 Thread 0x000001f41a9f6800 DEOPT PACKING pc=0x000001f40f117c40 sp=0x00000039444ff090
Event: 155.579 Thread 0x000001f41a9f6800 DEOPT UNPACKING pc=0x000001f4075e662f sp=0x00000039444feed8 mode 2
Event: 155.579 loading class com/google/common/base/Objects
Event: 155.579 loading class com/google/common/base/Objects done
Event: 155.580 loading class com/google/common/base/ExtraObjectsMethodsForWeb
Event: 155.580 loading class com/google/common/base/ExtraObjectsMethodsForWeb done
Event: 157.356 Thread 0x000001f47d57a000 Uncommon trap: trap_request=0xffffffde fr.pc=0x000001f40f12499c relative=0x000000000000117c
Event: 157.356 Thread 0x000001f47d57a000 DEOPT PACKING pc=0x000001f40f12499c sp=0x00000039431fcf80


Dynamic libraries:
0x00007ff753000000 - 0x00007ff75300f000 	C:\Program Files\Java\jdk-11.0.14\bin\java.exe
0x00007ff856110000 - 0x00007ff856308000 	C:\WINDOWS\SYSTEM32\ntdll.dll
0x00007ff8553b0000 - 0x00007ff85546f000 	C:\WINDOWS\System32\KERNEL32.DLL
0x00007ff8537f0000 - 0x00007ff853ae6000 	C:\WINDOWS\System32\KERNELBASE.dll
0x00007ff853d00000 - 0x00007ff853e00000 	C:\WINDOWS\System32\ucrtbase.dll
0x00007ff845a30000 - 0x00007ff845a48000 	C:\Program Files\Java\jdk-11.0.14\bin\jli.dll
0x00007ff855470000 - 0x00007ff85551f000 	C:\WINDOWS\System32\ADVAPI32.dll
0x00007ff855520000 - 0x00007ff8555be000 	C:\WINDOWS\System32\msvcrt.dll
0x00007ff854310000 - 0x00007ff8543ac000 	C:\WINDOWS\System32\sechost.dll
0x00007ff855c20000 - 0x00007ff855d46000 	C:\WINDOWS\System32\RPCRT4.dll
0x00007ff855880000 - 0x00007ff855a1d000 	C:\WINDOWS\System32\USER32.dll
0x00007ff853fe0000 - 0x00007ff854002000 	C:\WINDOWS\System32\win32u.dll
0x00007ff8551b0000 - 0x00007ff8551dc000 	C:\WINDOWS\System32\GDI32.dll
0x00007ff853e70000 - 0x00007ff853f85000 	C:\WINDOWS\System32\gdi32full.dll
0x00007ff853af0000 - 0x00007ff853b8d000 	C:\WINDOWS\System32\msvcp_win.dll
0x00007ff842f30000 - 0x00007ff842f45000 	C:\Program Files\Java\jdk-11.0.14\bin\VCRUNTIME140.dll
0x00007ff83e140000 - 0x00007ff83e3da000 	C:\WINDOWS\WinSxS\amd64_microsoft.windows.common-controls_6595b64144ccf1df_6.0.19041.1110_none_60b5254171f9507e\COMCTL32.dll
0x00007ff851d70000 - 0x00007ff851d7a000 	C:\WINDOWS\SYSTEM32\VERSION.dll
0x00007ff855850000 - 0x00007ff855880000 	C:\WINDOWS\System32\IMM32.DLL
0x00007ff835d40000 - 0x00007ff835ddb000 	C:\Program Files\Java\jdk-11.0.14\bin\msvcp140.dll
0x00007ff8051d0000 - 0x00007ff805ce6000 	C:\Program Files\Java\jdk-11.0.14\bin\server\jvm.dll
0x00007ff855d60000 - 0x00007ff855d68000 	C:\WINDOWS\System32\PSAPI.DLL
0x00007ff8496b0000 - 0x00007ff8496b9000 	C:\WINDOWS\SYSTEM32\WSOCK32.dll
0x00007ff855bb0000 - 0x00007ff855c1b000 	C:\WINDOWS\System32\WS2_32.dll
0x00007ff84a690000 - 0x00007ff84a6b7000 	C:\WINDOWS\SYSTEM32\WINMM.dll
0x00007ff8520d0000 - 0x00007ff8520e2000 	C:\WINDOWS\SYSTEM32\kernel.appcore.dll
0x00007ff849160000 - 0x00007ff849170000 	C:\Program Files\Java\jdk-11.0.14\bin\verify.dll
0x00007ff844210000 - 0x00007ff8443f4000 	C:\WINDOWS\SYSTEM32\DBGHELP.DLL
0x00007ff843fc0000 - 0x00007ff843ff4000 	C:\WINDOWS\SYSTEM32\dbgcore.DLL
0x00007ff853c70000 - 0x00007ff853cf2000 	C:\WINDOWS\System32\bcryptPrimitives.dll
0x00007ff83ea40000 - 0x00007ff83ea68000 	C:\Program Files\Java\jdk-11.0.14\bin\java.dll
0x00007ff848490000 - 0x00007ff84849a000 	C:\Program Files\Java\jdk-11.0.14\bin\jimage.dll
0x00007ff842ba0000 - 0x00007ff842bb6000 	C:\Program Files\Java\jdk-11.0.14\bin\zip.dll
0x00007ff854410000 - 0x00007ff854b54000 	C:\WINDOWS\System32\SHELL32.dll
0x00007ff851520000 - 0x00007ff851cb3000 	C:\WINDOWS\SYSTEM32\windows.storage.dll
0x00007ff855d70000 - 0x00007ff8560c4000 	C:\WINDOWS\System32\combase.dll
0x00007ff853160000 - 0x00007ff85318e000 	C:\WINDOWS\SYSTEM32\Wldp.dll
0x00007ff854be0000 - 0x00007ff854c8d000 	C:\WINDOWS\System32\SHCORE.dll
0x00007ff8543b0000 - 0x00007ff854405000 	C:\WINDOWS\System32\shlwapi.dll
0x00007ff853730000 - 0x00007ff85374f000 	C:\WINDOWS\SYSTEM32\profapi.dll
0x00007ff840d60000 - 0x00007ff840d79000 	C:\Program Files\Java\jdk-11.0.14\bin\net.dll
0x00007ff84c8e0000 - 0x00007ff84c9ea000 	C:\WINDOWS\SYSTEM32\WINHTTP.dll
0x00007ff852ec0000 - 0x00007ff852f2a000 	C:\WINDOWS\system32\mswsock.dll
0x00007ff83e9c0000 - 0x00007ff83e9d2000 	C:\Program Files\Java\jdk-11.0.14\bin\nio.dll
0x00007ff83e930000 - 0x00007ff83e957000 	C:\Users\zeeshan.noorullah\.gradle\native\68d5fa5c4cc2d200863cafc0d521ce42e7d3e7ee720ec0a83991735586a16f82\windows-amd64\native-platform.dll
0x00007ff842a70000 - 0x00007ff842a79000 	C:\Program Files\Java\jdk-11.0.14\bin\management.dll
0x00007ff841b20000 - 0x00007ff841b2b000 	C:\Program Files\Java\jdk-11.0.14\bin\management_ext.dll
0x00007ff8530c0000 - 0x00007ff8530d8000 	C:\WINDOWS\SYSTEM32\CRYPTSP.dll
0x00007ff8527e0000 - 0x00007ff852814000 	C:\WINDOWS\system32\rsaenh.dll
0x00007ff853c40000 - 0x00007ff853c67000 	C:\WINDOWS\System32\bcrypt.dll
0x00007ff853680000 - 0x00007ff8536ae000 	C:\WINDOWS\SYSTEM32\USERENV.dll
0x00007ff8530b0000 - 0x00007ff8530bc000 	C:\WINDOWS\SYSTEM32\CRYPTBASE.dll
0x00007ff852bb0000 - 0x00007ff852bec000 	C:\WINDOWS\SYSTEM32\IPHLPAPI.DLL
0x00007ff855d50000 - 0x00007ff855d58000 	C:\WINDOWS\System32\NSI.dll
0x00007ff84e7c0000 - 0x00007ff84e7d7000 	C:\WINDOWS\SYSTEM32\dhcpcsvc6.DLL
0x00007ff84e6b0000 - 0x00007ff84e6cd000 	C:\WINDOWS\SYSTEM32\dhcpcsvc.DLL
0x00007ff852bf0000 - 0x00007ff852cba000 	C:\WINDOWS\SYSTEM32\DNSAPI.dll

dbghelp: loaded successfully - version: 4.0.5 - missing functions: none
symbol engine: initialized successfully - sym options: 0x614 - pdb path: .;C:\Program Files\Java\jdk-11.0.14\bin;C:\WINDOWS\SYSTEM32;C:\WINDOWS\WinSxS\amd64_microsoft.windows.common-controls_6595b64144ccf1df_6.0.19041.1110_none_60b5254171f9507e;C:\Program Files\Java\jdk-11.0.14\bin\server;C:\Users\zeeshan.noorullah\.gradle\native\68d5fa5c4cc2d200863cafc0d521ce42e7d3e7ee720ec0a83991735586a16f82\windows-amd64

VM Arguments:
jvm_args: -Xmx64m -Xms64m -Dorg.gradle.appname=gradlew 
java_command: org.gradle.wrapper.GradleWrapperMain tasks
java_class_path (initial): G:\ZeeshanNoorullah\ReactNative\reactredux\android\\gradle\wrapper\gradle-wrapper.jar
Launcher Type: SUN_STANDARD

[Global flags]
     intx CICompilerCount                          = 3                                         {product} {ergonomic}
     uint ConcGCThreads                            = 1                                         {product} {ergonomic}
     uint G1ConcRefinementThreads                  = 4                                         {product} {ergonomic}
   size_t G1HeapRegionSize                         = 1048576                                   {product} {ergonomic}
    uintx GCDrainStackTargetSize                   = 64                                        {product} {ergonomic}
   size_t InitialHeapSize                          = 67108864                                  {product} {command line}
   size_t MarkStackSize                            = 4194304                                   {product} {ergonomic}
   size_t MaxHeapSize                              = 67108864                                  {product} {command line}
   size_t MaxNewSize                               = 39845888                                  {product} {ergonomic}
   size_t MinHeapDeltaBytes                        = 1048576                                   {product} {ergonomic}
    uintx NonNMethodCodeHeapSize                   = 5830732                                {pd product} {ergonomic}
    uintx NonProfiledCodeHeapSize                  = 122913754                              {pd product} {ergonomic}
    uintx ProfiledCodeHeapSize                     = 122913754                              {pd product} {ergonomic}
    uintx ReservedCodeCacheSize                    = 251658240                              {pd product} {ergonomic}
     bool SegmentedCodeCache                       = true                                      {product} {ergonomic}
     bool UseCompressedClassPointers               = true                                 {lp64_product} {ergonomic}
     bool UseCompressedOops                        = true                                 {lp64_product} {ergonomic}
     bool UseG1GC                                  = true                                      {product} {ergonomic}
     bool UseLargePagesIndividualAllocation        = false                                  {pd product} {ergonomic}

Logging:
Log output configuration:
 #0: stdout all=warning uptime,level,tags
 #1: stderr all=off uptime,level,tags

Environment Variables:
JAVA_HOME=C:\Program Files\Java\jdk-11.0.14
CLASSPATH=G:\ZeeshanNoorullah\ReactNative\reactredux\android\\gradle\wrapper\gradle-wrapper.jar
PATH=C:\Users\ZEESHA~1.NOO\AppData\Local\Temp\yarn--1687954272198-0.8292294207667328;G:\ZeeshanNoorullah\ReactNative\reactredux\node_modules\.bin;C:\Users\zeeshan.noorullah\AppData\Local\Yarn\Data\link\node_modules\.bin;C:\Users\zeeshan.noorullah\AppData\Local\Yarn\bin;C:\Program Files\libexec\lib\node_modules\npm\bin\node-gyp-bin;C:\Program Files\lib\node_modules\npm\bin\node-gyp-bin;C:\Program Files\nodejs\node_modules\npm\bin\node-gyp-bin;C:\Program Files\Common Files\Oracle\Java\javapath;C:\WINDOWS\system32;C:\WINDOWS;C:\WINDOWS\System32\Wbem;C:\WINDOWS\System32\WindowsPowerShell\v1.0\;C:\WINDOWS\System32\OpenSSH\;C:\xampp\php;C:\composer;C:\ProgramData\chocolatey\bin;C:\Program Files\Git\cmd;C:\Program Files\nodejs\;C:\Users\zeeshan.noorullah\AppData\Local\Microsoft\WindowsApps;C:\Users\zeeshan.noorullah\AppData\Local\GitHubDesktop\bin;C:\Users\zeeshan.noorullah\AppData\Roaming\npm;C:\Users\zeeshan.noorullah\AppData\Local\Programs\Git\cmd;C:\Users\zeeshan.noorullah\AppData\Local\Android\Sdk\platform-tools;C:\Program Files (x86)\BrowserStackLocal\;C:\Users\zeeshan.noorullah\AppData\Local\Programs\Microsoft VS Code\bin
USERNAME=zeeshan.noorullah
OS=Windows_NT
PROCESSOR_IDENTIFIER=Intel64 Family 6 Model 60 Stepping 3, GenuineIntel



---------------  S Y S T E M  ---------------

OS: Windows 10 , 64 bit Build 19041 (10.0.19041.3031)

CPU:total 4 (initial active 4) (4 cores per cpu, 1 threads per core) family 6 model 60 stepping 3 microcode 0x27, cmov, cx8, fxsr, mmx, sse, sse2, sse3, ssse3, sse4.1, sse4.2, popcnt, avx, avx2, aes, clmul, erms, lzcnt, tsc, tscinvbit, bmi1, bmi2, fma

Memory: 4k page, system-wide physical 12196M (2134M free)
TotalPageFile size 14244M (AvailPageFile size 5M)
current process WorkingSet (physical memory assigned to process): 101M, peak: 108M
current process commit charge ("private bytes"): 152M, peak: 165M

vm_info: Java HotSpot(TM) 64-Bit Server VM (11.0.14+8-LTS-263) for windows-amd64 JRE (11.0.14+8-LTS-263), built on Dec  7 2021 21:53:57 by "mach5one" with MS VC++ 15.9 (VS2017)

END.
