#
# There is insufficient memory for the Java Runtime Environment to continue.
# Native memory allocation (malloc) failed to allocate 3707056 bytes for Chunk::new
# Possible reasons:
#   The system is out of physical RAM or swap space
#   The process is running with CompressedOops enabled, and the Java Heap may be blocking the growth of the native heap
# Possible solutions:
#   Reduce memory load on the system
#   Increase physical memory or swap space
#   Check if swap backing store is full
#   Decrease Java heap size (-Xmx/-Xms)
#   Decrease number of Java threads
#   Decrease Java thread stack sizes (-Xss)
#   Set larger code cache with -XX:ReservedCodeCacheSize=
#   JVM is running with Unscaled Compressed Oops mode in which the Java heap is
#     placed in the first 4GB address space. The Java Heap base address is the
#     maximum limit for the native heap growth. Please use -XX:HeapBaseMinAddress
#     to set the Java Heap base and to place the Java Heap above 4GB virtual address.
# This output file may be truncated or incomplete.
#
#  Out of Memory Error (./open/src/hotspot/share/memory/arena.cpp:197), pid=14728, tid=7340
#
# JRE version: Java(TM) SE Runtime Environment 18.9 (11.0.14+8) (build 11.0.14+8-LTS-263)
# Java VM: Java HotSpot(TM) 64-Bit Server VM 18.9 (11.0.14+8-LTS-263, mixed mode, tiered, compressed oops, g1 gc, windows-amd64)
# No core dump will be written. Minidumps are not enabled by default on client versions of Windows
#

---------------  S U M M A R Y ------------

Command Line: -XX:MaxMetaspaceSize=512m --add-opens=java.base/java.util=ALL-UNNAMED --add-opens=java.base/java.lang=ALL-UNNAMED --add-opens=java.base/java.lang.invoke=ALL-UNNAMED --add-opens=java.prefs/java.util.prefs=ALL-UNNAMED --add-opens=java.base/java.nio.charset=ALL-UNNAMED --add-opens=java.base/java.net=ALL-UNNAMED --add-opens=java.base/java.util.concurrent.atomic=ALL-UNNAMED -Xmx2048m -Dfile.encoding=windows-1252 -Duser.country=US -Duser.language=en -Duser.variant org.gradle.launcher.daemon.bootstrap.GradleDaemon 8.0.1

Host: Intel(R) Core(TM) i5-4590S CPU @ 3.00GHz, 4 cores, 11G,  Windows 10 , 64 bit Build 19041 (10.0.19041.3031)
Time: Wed Jun 28 17:09:38 2023 Pakistan Standard Time elapsed time: 22.262792 seconds (0d 0h 0m 22s)

---------------  T H R E A D  ---------------

Current thread (0x000001f9fe8f6000):  JavaThread "C2 CompilerThread0" daemon [_thread_in_native, id=7340, stack(0x0000008b98900000,0x0000008b98a00000)]


Current CompileTask:
C2:  22262 6811 %     4       org.objectweb.asm.ClassReader::readCode @ 2186 (5109 bytes)

Stack: [0x0000008b98900000,0x0000008b98a00000]
Native frames: (J=compiled Java code, j=interpreted, Vv=VM code, C=native code)
V  [jvm.dll+0x6296da]
V  [jvm.dll+0x76323f]
V  [jvm.dll+0x7648e9]
V  [jvm.dll+0x764f73]
V  [jvm.dll+0x23d7c8]
V  [jvm.dll+0xb297c]
V  [jvm.dll+0xb2f3c]
V  [jvm.dll+0x340e97]
V  [jvm.dll+0x18cb61]
V  [jvm.dll+0x1f8472]
V  [jvm.dll+0x1f754d]
V  [jvm.dll+0x177b21]
V  [jvm.dll+0x206e26]
V  [jvm.dll+0x204fbb]
V  [jvm.dll+0x729170]
V  [jvm.dll+0x721d44]
V  [jvm.dll+0x6285d6]
C  [ucrtbase.dll+0x21bb2]
C  [KERNEL32.DLL+0x17614]
C  [ntdll.dll+0x526f1]


---------------  P R O C E S S  ---------------

Threads class SMR info:
_java_thread_list=0x000001f999c0dbd0, length=37, elements={
0x000001f9f41eb000, 0x000001f9fe8d1000, 0x000001f9fe8db000, 0x000001f9fe8ec800,
0x000001f9fe8f0800, 0x000001f9fe8f1800, 0x000001f9fe8f6000, 0x000001f9fe8f7000,
0x000001f9fe8f9000, 0x000001f9ff3b6800, 0x000001f996767000, 0x000001f9962ff800,
0x000001f9962c0800, 0x000001f9958d0800, 0x000001f99502f800, 0x000001f99541a000,
0x000001f995614800, 0x000001f995615000, 0x000001f9ff67f000, 0x000001f996ab1000,
0x000001f996aaf800, 0x000001f996ab1800, 0x000001f996ab0000, 0x000001f997d45000,
0x000001f997d41000, 0x000001f997d42000, 0x000001f997d42800, 0x000001f997d43800,
0x000001f997d40800, 0x000001f997d3f800, 0x000001f997d49800, 0x000001f997d4a000,
0x000001f997d47000, 0x000001f997d4b000, 0x000001f997d4e000, 0x000001f997d4b800,
0x000001f99adcc800
}

Java Threads: ( => current thread )
  0x000001f9f41eb000 JavaThread "main" [_thread_blocked, id=14640, stack(0x0000008b97d00000,0x0000008b97e00000)]
  0x000001f9fe8d1000 JavaThread "Reference Handler" daemon [_thread_blocked, id=3920, stack(0x0000008b98400000,0x0000008b98500000)]
  0x000001f9fe8db000 JavaThread "Finalizer" daemon [_thread_blocked, id=7608, stack(0x0000008b98500000,0x0000008b98600000)]
  0x000001f9fe8ec800 JavaThread "Signal Dispatcher" daemon [_thread_blocked, id=8240, stack(0x0000008b98600000,0x0000008b98700000)]
  0x000001f9fe8f0800 JavaThread "Attach Listener" daemon [_thread_blocked, id=13748, stack(0x0000008b98700000,0x0000008b98800000)]
  0x000001f9fe8f1800 JavaThread "Service Thread" daemon [_thread_blocked, id=10284, stack(0x0000008b98800000,0x0000008b98900000)]
=>0x000001f9fe8f6000 JavaThread "C2 CompilerThread0" daemon [_thread_in_native, id=7340, stack(0x0000008b98900000,0x0000008b98a00000)]
  0x000001f9fe8f7000 JavaThread "C1 CompilerThread0" daemon [_thread_blocked, id=13948, stack(0x0000008b98a00000,0x0000008b98b00000)]
  0x000001f9fe8f9000 JavaThread "Sweeper thread" daemon [_thread_blocked, id=13712, stack(0x0000008b98b00000,0x0000008b98c00000)]
  0x000001f9ff3b6800 JavaThread "Common-Cleaner" daemon [_thread_blocked, id=12904, stack(0x0000008b98c00000,0x0000008b98d00000)]
  0x000001f996767000 JavaThread "Daemon health stats" [_thread_blocked, id=11380, stack(0x0000008b99200000,0x0000008b99300000)]
  0x000001f9962ff800 JavaThread "Incoming local TCP Connector on port 55438" [_thread_in_native, id=10076, stack(0x0000008b99300000,0x0000008b99400000)]
  0x000001f9962c0800 JavaThread "Daemon periodic checks" [_thread_blocked, id=9052, stack(0x0000008b99400000,0x0000008b99500000)]
  0x000001f9958d0800 JavaThread "Daemon" [_thread_blocked, id=8308, stack(0x0000008b99500000,0x0000008b99600000)]
  0x000001f99502f800 JavaThread "Handler for socket connection from /127.0.0.1:55438 to /127.0.0.1:55439" [_thread_in_native, id=15428, stack(0x0000008b99600000,0x0000008b99700000)]
  0x000001f99541a000 JavaThread "Cancel handler" [_thread_blocked, id=14756, stack(0x0000008b99700000,0x0000008b99800000)]
  0x000001f995614800 JavaThread "Daemon worker" [_thread_in_Java, id=3136, stack(0x0000008b99800000,0x0000008b99900000)]
  0x000001f995615000 JavaThread "Asynchronous log dispatcher for DefaultDaemonConnection: socket connection from /127.0.0.1:55438 to /127.0.0.1:55439" [_thread_blocked, id=15532, stack(0x0000008b99900000,0x0000008b99a00000)]
  0x000001f9ff67f000 JavaThread "Stdin handler" [_thread_blocked, id=13960, stack(0x0000008b99a00000,0x0000008b99b00000)]
  0x000001f996ab1000 JavaThread "Daemon client event forwarder" [_thread_blocked, id=15804, stack(0x0000008b99b00000,0x0000008b99c00000)]
  0x000001f996aaf800 JavaThread "Cache worker for journal cache (C:\Users\zeeshan.noorullah\.gradle\caches\journal-1)" [_thread_blocked, id=12064, stack(0x0000008b99c00000,0x0000008b99d00000)]
  0x000001f996ab1800 JavaThread "File lock request listener" [_thread_in_native, id=15128, stack(0x0000008b99d00000,0x0000008b99e00000)]
  0x000001f996ab0000 JavaThread "Cache worker for file hash cache (C:\Users\zeeshan.noorullah\.gradle\caches\8.0.1\fileHashes)" [_thread_blocked, id=16020, stack(0x0000008b99e00000,0x0000008b99f00000)]
  0x000001f997d45000 JavaThread "File watcher server" daemon [_thread_in_native, id=2324, stack(0x0000008b99f00000,0x0000008b9a000000)]
  0x000001f997d41000 JavaThread "File watcher consumer" daemon [_thread_blocked, id=12844, stack(0x0000008b9a000000,0x0000008b9a100000)]
  0x000001f997d42000 JavaThread "Cache worker for checksums cache (G:\ZeeshanNoorullah\ReactNative\reactredux\android\.gradle\8.0.1\checksums)" [_thread_blocked, id=11300, stack(0x0000008b9a100000,0x0000008b9a200000)]
  0x000001f997d42800 JavaThread "Cache worker for cache directory md-rule (C:\Users\zeeshan.noorullah\.gradle\caches\8.0.1\md-rule)" [_thread_blocked, id=12640, stack(0x0000008b9a200000,0x0000008b9a300000)]
  0x000001f997d43800 JavaThread "Cache worker for file content cache (C:\Users\zeeshan.noorullah\.gradle\caches\8.0.1\fileContent)" [_thread_blocked, id=11072, stack(0x0000008b9a300000,0x0000008b9a400000)]
  0x000001f997d40800 JavaThread "Cache worker for file hash cache (G:\ZeeshanNoorullah\ReactNative\reactredux\android\.gradle\8.0.1\fileHashes)" [_thread_blocked, id=15240, stack(0x0000008b9a400000,0x0000008b9a500000)]
  0x000001f997d3f800 JavaThread "Cache worker for cache directory md-supplier (C:\Users\zeeshan.noorullah\.gradle\caches\8.0.1\md-supplier)" [_thread_blocked, id=15468, stack(0x0000008b9a500000,0x0000008b9a600000)]
  0x000001f997d49800 JavaThread "Cache worker for execution history cache (C:\Users\zeeshan.noorullah\.gradle\caches\8.0.1\executionHistory)" [_thread_blocked, id=10536, stack(0x0000008b98e00000,0x0000008b98f00000)]
  0x000001f997d4a000 JavaThread "jar transforms" [_thread_blocked, id=9752, stack(0x0000008b9a700000,0x0000008b9a800000)]
  0x000001f997d47000 JavaThread "jar transforms Thread 2" [_thread_blocked, id=2796, stack(0x0000008b9a800000,0x0000008b9a900000)]
  0x000001f997d4b000 JavaThread "jar transforms Thread 3" [_thread_blocked, id=6656, stack(0x0000008b9a900000,0x0000008b9aa00000)]
  0x000001f997d4e000 JavaThread "jar transforms Thread 4" [_thread_blocked, id=7664, stack(0x0000008b9aa00000,0x0000008b9ab00000)]
  0x000001f997d4b800 JavaThread "Cache worker for kotlin-dsl (C:\Users\zeeshan.noorullah\.gradle\caches\8.0.1\kotlin-dsl)" [_thread_blocked, id=14912, stack(0x0000008b9ab00000,0x0000008b9ac00000)]
  0x000001f99adcc800 JavaThread "C2 CompilerThread1" daemon [_thread_blocked, id=7388, stack(0x0000008b9a600000,0x0000008b9a700000)]

Other Threads:
  0x000001f9fe8cd000 VMThread "VM Thread" [stack: 0x0000008b98300000,0x0000008b98400000] [id=14708]
  0x000001f9ff3cf800 WatcherThread [stack: 0x0000008b98d00000,0x0000008b98e00000] [id=9376]
  0x000001f9f4202000 GCTaskThread "GC Thread#0" [stack: 0x0000008b97e00000,0x0000008b97f00000] [id=8044]
  0x000001f995069800 GCTaskThread "GC Thread#1" [stack: 0x0000008b98f00000,0x0000008b99000000] [id=4400]
  0x000001f9ffb97800 GCTaskThread "GC Thread#2" [stack: 0x0000008b99000000,0x0000008b99100000] [id=4800]
  0x000001f9ffb7a000 GCTaskThread "GC Thread#3" [stack: 0x0000008b99100000,0x0000008b99200000] [id=2432]
  0x000001f9f4233000 ConcurrentGCThread "G1 Main Marker" [stack: 0x0000008b97f00000,0x0000008b98000000] [id=6308]
  0x000001f9f4234800 ConcurrentGCThread "G1 Conc#0" [stack: 0x0000008b98000000,0x0000008b98100000] [id=5444]
  0x000001f9f42ce000 ConcurrentGCThread "G1 Refine#0" [stack: 0x0000008b98100000,0x0000008b98200000] [id=14836]
  0x000001f9fe73c800 ConcurrentGCThread "G1 Young RemSet Sampling" [stack: 0x0000008b98200000,0x0000008b98300000] [id=14884]

Threads with active compile tasks:
C2 CompilerThread0  22313 6811 %     4       org.objectweb.asm.ClassReader::readCode @ 2186 (5109 bytes)

VM state:not at safepoint (normal execution)

VM Mutex/Monitor currently owned by a thread: None

Heap address: 0x0000000080000000, size: 2048 MB, Compressed Oops mode: 32-bit
Narrow klass base: 0x0000000000000000, Narrow klass shift: 3
Compressed class space size: 528482304 Address: 0x0000000100000000

Heap:
 garbage-first heap   total 284672K, used 158471K [0x0000000080000000, 0x0000000100000000)
  region size 1024K, 107 young (109568K), 10 survivors (10240K)
 Metaspace       used 49659K, capacity 51055K, committed 51272K, reserved 561152K
  class space    used 6282K, capacity 6845K, committed 6860K, reserved 516096K
Heap Regions: E=young(eden), S=young(survivor), O=old, HS=humongous(starts), HC=humongous(continues), CS=collection set, F=free, A=archive, TAMS=top-at-mark-start (previous, next)
|   0|0x0000000080000000, 0x0000000080100000, 0x0000000080100000|100%| O|  |TAMS 0x0000000080100000, 0x0000000080000000| Untracked 
|   1|0x0000000080100000, 0x0000000080200000, 0x0000000080200000|100%| O|  |TAMS 0x0000000080200000, 0x0000000080100000| Untracked 
|   2|0x0000000080200000, 0x0000000080300000, 0x0000000080300000|100%| O|  |TAMS 0x0000000080300000, 0x0000000080200000| Untracked 
|   3|0x0000000080300000, 0x0000000080400000, 0x0000000080400000|100%|HS|  |TAMS 0x0000000080400000, 0x0000000080300000| Complete 
|   4|0x0000000080400000, 0x0000000080500000, 0x0000000080500000|100%|HC|  |TAMS 0x0000000080500000, 0x0000000080400000| Complete 
|   5|0x0000000080500000, 0x0000000080600000, 0x0000000080600000|100%|HC|  |TAMS 0x0000000080600000, 0x0000000080500000| Complete 
|   6|0x0000000080600000, 0x0000000080700000, 0x0000000080700000|100%|HC|  |TAMS 0x0000000080700000, 0x0000000080600000| Complete 
|   7|0x0000000080700000, 0x0000000080800000, 0x0000000080800000|100%| O|  |TAMS 0x0000000080800000, 0x0000000080700000| Untracked 
|   8|0x0000000080800000, 0x0000000080900000, 0x0000000080900000|100%| O|  |TAMS 0x0000000080900000, 0x0000000080800000| Untracked 
|   9|0x0000000080900000, 0x0000000080a00000, 0x0000000080a00000|100%| O|  |TAMS 0x0000000080a00000, 0x0000000080900000| Untracked 
|  10|0x0000000080a00000, 0x0000000080b00000, 0x0000000080b00000|100%| O|  |TAMS 0x0000000080b00000, 0x0000000080a00000| Untracked 
|  11|0x0000000080b00000, 0x0000000080c00000, 0x0000000080c00000|100%| O|  |TAMS 0x0000000080c00000, 0x0000000080b00000| Untracked 
|  12|0x0000000080c00000, 0x0000000080d00000, 0x0000000080d00000|100%| O|  |TAMS 0x0000000080d00000, 0x0000000080c00000| Untracked 
|  13|0x0000000080d00000, 0x0000000080e00000, 0x0000000080e00000|100%| O|  |TAMS 0x0000000080e00000, 0x0000000080d00000| Untracked 
|  14|0x0000000080e00000, 0x0000000080f00000, 0x0000000080f00000|100%| O|  |TAMS 0x0000000080f00000, 0x0000000080e00000| Untracked 
|  15|0x0000000080f00000, 0x0000000081000000, 0x0000000081000000|100%| O|  |TAMS 0x0000000081000000, 0x0000000080f00000| Untracked 
|  16|0x0000000081000000, 0x0000000081100000, 0x0000000081100000|100%| O|  |TAMS 0x0000000081100000, 0x0000000081000000| Untracked 
|  17|0x0000000081100000, 0x0000000081200000, 0x0000000081200000|100%| O|  |TAMS 0x00000000811ee200, 0x0000000081100000| Untracked 
|  18|0x0000000081200000, 0x0000000081300000, 0x0000000081300000|100%| O|  |TAMS 0x0000000081200000, 0x0000000081200000| Untracked 
|  19|0x0000000081300000, 0x0000000081400000, 0x0000000081400000|100%| O|  |TAMS 0x0000000081300000, 0x0000000081300000| Untracked 
|  20|0x0000000081400000, 0x0000000081500000, 0x0000000081500000|100%| O|  |TAMS 0x0000000081400000, 0x0000000081400000| Untracked 
|  21|0x0000000081500000, 0x0000000081600000, 0x0000000081600000|100%| O|  |TAMS 0x0000000081500000, 0x0000000081500000| Untracked 
|  22|0x0000000081600000, 0x0000000081700000, 0x0000000081700000|100%| O|  |TAMS 0x0000000081600000, 0x0000000081600000| Untracked 
|  23|0x0000000081700000, 0x0000000081800000, 0x0000000081800000|100%| O|  |TAMS 0x0000000081700000, 0x0000000081700000| Untracked 
|  24|0x0000000081800000, 0x0000000081900000, 0x0000000081900000|100%| O|  |TAMS 0x0000000081800000, 0x0000000081800000| Untracked 
|  25|0x0000000081900000, 0x0000000081a00000, 0x0000000081a00000|100%| O|  |TAMS 0x0000000081900000, 0x0000000081900000| Untracked 
|  26|0x0000000081a00000, 0x0000000081b00000, 0x0000000081b00000|100%| O|  |TAMS 0x0000000081a00000, 0x0000000081a00000| Untracked 
|  27|0x0000000081b00000, 0x0000000081c00000, 0x0000000081c00000|100%| O|  |TAMS 0x0000000081b00000, 0x0000000081b00000| Untracked 
|  28|0x0000000081c00000, 0x0000000081d00000, 0x0000000081d00000|100%| O|  |TAMS 0x0000000081c00000, 0x0000000081c00000| Untracked 
|  29|0x0000000081d00000, 0x0000000081e00000, 0x0000000081e00000|100%| O|  |TAMS 0x0000000081d00000, 0x0000000081d00000| Untracked 
|  30|0x0000000081e00000, 0x0000000081f00000, 0x0000000081f00000|100%| O|  |TAMS 0x0000000081e00000, 0x0000000081e00000| Untracked 
|  31|0x0000000081f00000, 0x0000000082000000, 0x0000000082000000|100%| O|  |TAMS 0x0000000081f00000, 0x0000000081f00000| Untracked 
|  32|0x0000000082000000, 0x0000000082100000, 0x0000000082100000|100%| O|  |TAMS 0x0000000082000000, 0x0000000082000000| Untracked 
|  33|0x0000000082100000, 0x0000000082200000, 0x0000000082200000|100%| O|  |TAMS 0x0000000082100000, 0x0000000082100000| Untracked 
|  34|0x0000000082200000, 0x0000000082300000, 0x0000000082300000|100%| O|  |TAMS 0x0000000082200000, 0x0000000082200000| Untracked 
|  35|0x0000000082300000, 0x0000000082400000, 0x0000000082400000|100%| O|  |TAMS 0x0000000082300000, 0x0000000082300000| Untracked 
|  36|0x0000000082400000, 0x0000000082500000, 0x0000000082500000|100%| O|  |TAMS 0x0000000082400000, 0x0000000082400000| Untracked 
|  37|0x0000000082500000, 0x0000000082600000, 0x0000000082600000|100%| O|  |TAMS 0x0000000082500000, 0x0000000082500000| Untracked 
|  38|0x0000000082600000, 0x0000000082700000, 0x0000000082700000|100%| O|  |TAMS 0x0000000082600000, 0x0000000082600000| Untracked 
|  39|0x0000000082700000, 0x0000000082800000, 0x0000000082800000|100%| O|  |TAMS 0x0000000082700000, 0x0000000082700000| Untracked 
|  40|0x0000000082800000, 0x0000000082900000, 0x0000000082900000|100%| O|  |TAMS 0x0000000082800000, 0x0000000082800000| Untracked 
|  41|0x0000000082900000, 0x0000000082a00000, 0x0000000082a00000|100%| O|  |TAMS 0x0000000082900000, 0x0000000082900000| Untracked 
|  42|0x0000000082a00000, 0x0000000082b00000, 0x0000000082b00000|100%| O|  |TAMS 0x0000000082a00000, 0x0000000082a00000| Untracked 
|  43|0x0000000082b00000, 0x0000000082c00000, 0x0000000082c00000|100%| O|  |TAMS 0x0000000082b00000, 0x0000000082b00000| Untracked 
|  44|0x0000000082c00000, 0x0000000082d00000, 0x0000000082d00000|100%| O|  |TAMS 0x0000000082c00000, 0x0000000082c00000| Untracked 
|  45|0x0000000082d00000, 0x0000000082e00000, 0x0000000082e00000|100%| O|  |TAMS 0x0000000082d00000, 0x0000000082d00000| Untracked 
|  46|0x0000000082e00000, 0x0000000082f00000, 0x0000000082f00000|100%| O|  |TAMS 0x0000000082e00000, 0x0000000082e00000| Untracked 
|  47|0x0000000082f00000, 0x0000000083000000, 0x0000000083000000|100%| O|  |TAMS 0x0000000082f00000, 0x0000000082f00000| Untracked 
|  48|0x0000000083000000, 0x00000000830c1c00, 0x0000000083100000| 75%| O|  |TAMS 0x0000000083000000, 0x0000000083000000| Untracked 
|  49|0x0000000083100000, 0x0000000083100000, 0x0000000083200000|  0%| F|  |TAMS 0x0000000083100000, 0x0000000083100000| Untracked 
|  50|0x0000000083200000, 0x0000000083200000, 0x0000000083300000|  0%| F|  |TAMS 0x0000000083200000, 0x0000000083200000| Untracked 
|  51|0x0000000083300000, 0x0000000083300000, 0x0000000083400000|  0%| F|  |TAMS 0x0000000083300000, 0x0000000083300000| Untracked 
|  52|0x0000000083400000, 0x0000000083400000, 0x0000000083500000|  0%| F|  |TAMS 0x0000000083400000, 0x0000000083400000| Untracked 
|  53|0x0000000083500000, 0x0000000083500000, 0x0000000083600000|  0%| F|  |TAMS 0x0000000083500000, 0x0000000083500000| Untracked 
|  54|0x0000000083600000, 0x0000000083600000, 0x0000000083700000|  0%| F|  |TAMS 0x0000000083600000, 0x0000000083600000| Untracked 
|  55|0x0000000083700000, 0x0000000083700000, 0x0000000083800000|  0%| F|  |TAMS 0x0000000083700000, 0x0000000083700000| Untracked 
|  56|0x0000000083800000, 0x0000000083800000, 0x0000000083900000|  0%| F|  |TAMS 0x0000000083800000, 0x0000000083800000| Untracked 
|  57|0x0000000083900000, 0x0000000083900000, 0x0000000083a00000|  0%| F|  |TAMS 0x0000000083900000, 0x0000000083900000| Untracked 
|  58|0x0000000083a00000, 0x0000000083a00000, 0x0000000083b00000|  0%| F|  |TAMS 0x0000000083a00000, 0x0000000083a00000| Untracked 
|  59|0x0000000083b00000, 0x0000000083b00000, 0x0000000083c00000|  0%| F|  |TAMS 0x0000000083b00000, 0x0000000083b00000| Untracked 
|  60|0x0000000083c00000, 0x0000000083c00000, 0x0000000083d00000|  0%| F|  |TAMS 0x0000000083c00000, 0x0000000083c00000| Untracked 
|  61|0x0000000083d00000, 0x0000000083d00000, 0x0000000083e00000|  0%| F|  |TAMS 0x0000000083d00000, 0x0000000083d00000| Untracked 
|  62|0x0000000083e00000, 0x0000000083e00000, 0x0000000083f00000|  0%| F|  |TAMS 0x0000000083e00000, 0x0000000083e00000| Untracked 
|  63|0x0000000083f00000, 0x0000000083f00000, 0x0000000084000000|  0%| F|  |TAMS 0x0000000083f00000, 0x0000000083f00000| Untracked 
|  64|0x0000000084000000, 0x0000000084000000, 0x0000000084100000|  0%| F|  |TAMS 0x0000000084000000, 0x0000000084000000| Untracked 
|  65|0x0000000084100000, 0x0000000084100000, 0x0000000084200000|  0%| F|  |TAMS 0x0000000084100000, 0x0000000084100000| Untracked 
|  66|0x0000000084200000, 0x0000000084200000, 0x0000000084300000|  0%| F|  |TAMS 0x0000000084200000, 0x0000000084200000| Untracked 
|  67|0x0000000084300000, 0x0000000084300000, 0x0000000084400000|  0%| F|  |TAMS 0x0000000084300000, 0x0000000084300000| Untracked 
|  68|0x0000000084400000, 0x0000000084400000, 0x0000000084500000|  0%| F|  |TAMS 0x0000000084400000, 0x0000000084400000| Untracked 
|  69|0x0000000084500000, 0x0000000084500000, 0x0000000084600000|  0%| F|  |TAMS 0x0000000084500000, 0x0000000084500000| Untracked 
|  70|0x0000000084600000, 0x0000000084600000, 0x0000000084700000|  0%| F|  |TAMS 0x0000000084600000, 0x0000000084600000| Untracked 
|  71|0x0000000084700000, 0x0000000084700000, 0x0000000084800000|  0%| F|  |TAMS 0x0000000084700000, 0x0000000084700000| Untracked 
|  72|0x0000000084800000, 0x0000000084800000, 0x0000000084900000|  0%| F|  |TAMS 0x0000000084800000, 0x0000000084800000| Untracked 
|  73|0x0000000084900000, 0x0000000084900000, 0x0000000084a00000|  0%| F|  |TAMS 0x0000000084900000, 0x0000000084900000| Untracked 
|  74|0x0000000084a00000, 0x0000000084a00000, 0x0000000084b00000|  0%| F|  |TAMS 0x0000000084a00000, 0x0000000084a00000| Untracked 
|  75|0x0000000084b00000, 0x0000000084b00000, 0x0000000084c00000|  0%| F|  |TAMS 0x0000000084b00000, 0x0000000084b00000| Untracked 
|  76|0x0000000084c00000, 0x0000000084c00000, 0x0000000084d00000|  0%| F|  |TAMS 0x0000000084c00000, 0x0000000084c00000| Untracked 
|  77|0x0000000084d00000, 0x0000000084d00000, 0x0000000084e00000|  0%| F|  |TAMS 0x0000000084d00000, 0x0000000084d00000| Untracked 
|  78|0x0000000084e00000, 0x0000000084e00000, 0x0000000084f00000|  0%| F|  |TAMS 0x0000000084e00000, 0x0000000084e00000| Untracked 
|  79|0x0000000084f00000, 0x0000000084f00000, 0x0000000085000000|  0%| F|  |TAMS 0x0000000084f00000, 0x0000000084f00000| Untracked 
|  80|0x0000000085000000, 0x0000000085000000, 0x0000000085100000|  0%| F|  |TAMS 0x0000000085000000, 0x0000000085000000| Untracked 
|  81|0x0000000085100000, 0x0000000085100000, 0x0000000085200000|  0%| F|  |TAMS 0x0000000085100000, 0x0000000085100000| Untracked 
|  82|0x0000000085200000, 0x0000000085200000, 0x0000000085300000|  0%| F|  |TAMS 0x0000000085200000, 0x0000000085200000| Untracked 
|  83|0x0000000085300000, 0x0000000085400000, 0x0000000085400000|100%| S|CS|TAMS 0x0000000085300000, 0x0000000085300000| Complete 
|  84|0x0000000085400000, 0x0000000085500000, 0x0000000085500000|100%| S|CS|TAMS 0x0000000085400000, 0x0000000085400000| Complete 
|  85|0x0000000085500000, 0x0000000085600000, 0x0000000085600000|100%| S|CS|TAMS 0x0000000085500000, 0x0000000085500000| Complete 
|  86|0x0000000085600000, 0x0000000085700000, 0x0000000085700000|100%| S|CS|TAMS 0x0000000085600000, 0x0000000085600000| Complete 
|  87|0x0000000085700000, 0x0000000085800000, 0x0000000085800000|100%| S|CS|TAMS 0x0000000085700000, 0x0000000085700000| Complete 
|  88|0x0000000085800000, 0x0000000085900000, 0x0000000085900000|100%| S|CS|TAMS 0x0000000085800000, 0x0000000085800000| Complete 
|  89|0x0000000085900000, 0x0000000085a00000, 0x0000000085a00000|100%| S|CS|TAMS 0x0000000085900000, 0x0000000085900000| Complete 
|  90|0x0000000085a00000, 0x0000000085b00000, 0x0000000085b00000|100%| S|CS|TAMS 0x0000000085a00000, 0x0000000085a00000| Complete 
|  91|0x0000000085b00000, 0x0000000085c00000, 0x0000000085c00000|100%| S|CS|TAMS 0x0000000085b00000, 0x0000000085b00000| Complete 
|  92|0x0000000085c00000, 0x0000000085c00000, 0x0000000085d00000|  0%| F|  |TAMS 0x0000000085c00000, 0x0000000085c00000| Untracked 
|  93|0x0000000085d00000, 0x0000000085d00000, 0x0000000085e00000|  0%| F|  |TAMS 0x0000000085d00000, 0x0000000085d00000| Untracked 
|  94|0x0000000085e00000, 0x0000000085e00000, 0x0000000085f00000|  0%| F|  |TAMS 0x0000000085e00000, 0x0000000085e00000| Untracked 
|  95|0x0000000085f00000, 0x0000000085f00000, 0x0000000086000000|  0%| F|  |TAMS 0x0000000085f00000, 0x0000000085f00000| Untracked 
|  96|0x0000000086000000, 0x0000000086000000, 0x0000000086100000|  0%| F|  |TAMS 0x0000000086000000, 0x0000000086000000| Untracked 
|  97|0x0000000086100000, 0x0000000086100000, 0x0000000086200000|  0%| F|  |TAMS 0x0000000086100000, 0x0000000086100000| Untracked 
|  98|0x0000000086200000, 0x0000000086200000, 0x0000000086300000|  0%| F|  |TAMS 0x0000000086200000, 0x0000000086200000| Untracked 
|  99|0x0000000086300000, 0x0000000086300000, 0x0000000086400000|  0%| F|  |TAMS 0x0000000086300000, 0x0000000086300000| Untracked 
| 100|0x0000000086400000, 0x0000000086400000, 0x0000000086500000|  0%| F|  |TAMS 0x0000000086400000, 0x0000000086400000| Untracked 
| 101|0x0000000086500000, 0x0000000086500000, 0x0000000086600000|  0%| F|  |TAMS 0x0000000086500000, 0x0000000086500000| Untracked 
| 102|0x0000000086600000, 0x0000000086700000, 0x0000000086700000|100%| S|CS|TAMS 0x0000000086600000, 0x0000000086600000| Complete 
| 103|0x0000000086700000, 0x0000000086700000, 0x0000000086800000|  0%| F|  |TAMS 0x0000000086700000, 0x0000000086700000| Untracked 
| 104|0x0000000086800000, 0x0000000086800000, 0x0000000086900000|  0%| F|  |TAMS 0x0000000086800000, 0x0000000086800000| Untracked 
| 105|0x0000000086900000, 0x0000000086900000, 0x0000000086a00000|  0%| F|  |TAMS 0x0000000086900000, 0x0000000086900000| Untracked 
| 106|0x0000000086a00000, 0x0000000086a00000, 0x0000000086b00000|  0%| F|  |TAMS 0x0000000086a00000, 0x0000000086a00000| Untracked 
| 107|0x0000000086b00000, 0x0000000086b00000, 0x0000000086c00000|  0%| F|  |TAMS 0x0000000086b00000, 0x0000000086b00000| Untracked 
| 108|0x0000000086c00000, 0x0000000086c00000, 0x0000000086d00000|  0%| F|  |TAMS 0x0000000086c00000, 0x0000000086c00000| Untracked 
| 109|0x0000000086d00000, 0x0000000086d00000, 0x0000000086e00000|  0%| F|  |TAMS 0x0000000086d00000, 0x0000000086d00000| Untracked 
| 110|0x0000000086e00000, 0x0000000086e00000, 0x0000000086f00000|  0%| F|  |TAMS 0x0000000086e00000, 0x0000000086e00000| Untracked 
| 111|0x0000000086f00000, 0x0000000086f00000, 0x0000000087000000|  0%| F|  |TAMS 0x0000000086f00000, 0x0000000086f00000| Untracked 
| 112|0x0000000087000000, 0x0000000087000000, 0x0000000087100000|  0%| F|  |TAMS 0x0000000087000000, 0x0000000087000000| Untracked 
| 113|0x0000000087100000, 0x0000000087100000, 0x0000000087200000|  0%| F|  |TAMS 0x0000000087100000, 0x0000000087100000| Untracked 
| 114|0x0000000087200000, 0x0000000087200000, 0x0000000087300000|  0%| F|  |TAMS 0x0000000087200000, 0x0000000087200000| Untracked 
| 115|0x0000000087300000, 0x0000000087300000, 0x0000000087400000|  0%| F|  |TAMS 0x0000000087300000, 0x0000000087300000| Untracked 
| 116|0x0000000087400000, 0x0000000087400000, 0x0000000087500000|  0%| F|  |TAMS 0x0000000087400000, 0x0000000087400000| Untracked 
| 117|0x0000000087500000, 0x0000000087500000, 0x0000000087600000|  0%| F|  |TAMS 0x0000000087500000, 0x0000000087500000| Untracked 
| 118|0x0000000087600000, 0x0000000087600000, 0x0000000087700000|  0%| F|  |TAMS 0x0000000087600000, 0x0000000087600000| Untracked 
| 119|0x0000000087700000, 0x0000000087700000, 0x0000000087800000|  0%| F|  |TAMS 0x0000000087700000, 0x0000000087700000| Untracked 
| 120|0x0000000087800000, 0x0000000087800000, 0x0000000087900000|  0%| F|  |TAMS 0x0000000087800000, 0x0000000087800000| Untracked 
| 121|0x0000000087900000, 0x0000000087900000, 0x0000000087a00000|  0%| F|  |TAMS 0x0000000087900000, 0x0000000087900000| Untracked 
| 122|0x0000000087a00000, 0x0000000087a00000, 0x0000000087b00000|  0%| F|  |TAMS 0x0000000087a00000, 0x0000000087a00000| Untracked 
| 123|0x0000000087b00000, 0x0000000087b00000, 0x0000000087c00000|  0%| F|  |TAMS 0x0000000087b00000, 0x0000000087b00000| Untracked 
| 124|0x0000000087c00000, 0x0000000087c00000, 0x0000000087d00000|  0%| F|  |TAMS 0x0000000087c00000, 0x0000000087c00000| Untracked 
| 125|0x0000000087d00000, 0x0000000087d00000, 0x0000000087e00000|  0%| F|  |TAMS 0x0000000087d00000, 0x0000000087d00000| Untracked 
| 126|0x0000000087e00000, 0x0000000087e00000, 0x0000000087f00000|  0%| F|  |TAMS 0x0000000087e00000, 0x0000000087e00000| Untracked 
| 127|0x0000000087f00000, 0x0000000087f00000, 0x0000000088000000|  0%| F|  |TAMS 0x0000000087f00000, 0x0000000087f00000| Untracked 
| 128|0x0000000088000000, 0x0000000088000000, 0x0000000088100000|  0%| F|  |TAMS 0x0000000088000000, 0x0000000088000000| Untracked 
| 129|0x0000000088100000, 0x0000000088100000, 0x0000000088200000|  0%| F|  |TAMS 0x0000000088100000, 0x0000000088100000| Untracked 
| 130|0x0000000088200000, 0x0000000088200000, 0x0000000088300000|  0%| F|  |TAMS 0x0000000088200000, 0x0000000088200000| Untracked 
| 131|0x0000000088300000, 0x0000000088300000, 0x0000000088400000|  0%| F|  |TAMS 0x0000000088300000, 0x0000000088300000| Untracked 
| 132|0x0000000088400000, 0x0000000088400000, 0x0000000088500000|  0%| F|  |TAMS 0x0000000088400000, 0x0000000088400000| Untracked 
| 133|0x0000000088500000, 0x0000000088500000, 0x0000000088600000|  0%| F|  |TAMS 0x0000000088500000, 0x0000000088500000| Untracked 
| 134|0x0000000088600000, 0x0000000088600000, 0x0000000088700000|  0%| F|  |TAMS 0x0000000088600000, 0x0000000088600000| Untracked 
| 135|0x0000000088700000, 0x0000000088700000, 0x0000000088800000|  0%| F|  |TAMS 0x0000000088700000, 0x0000000088700000| Untracked 
| 136|0x0000000088800000, 0x0000000088800000, 0x0000000088900000|  0%| F|  |TAMS 0x0000000088800000, 0x0000000088800000| Untracked 
| 137|0x0000000088900000, 0x0000000088900000, 0x0000000088a00000|  0%| F|  |TAMS 0x0000000088900000, 0x0000000088900000| Untracked 
| 138|0x0000000088a00000, 0x0000000088a00000, 0x0000000088b00000|  0%| F|  |TAMS 0x0000000088a00000, 0x0000000088a00000| Untracked 
| 139|0x0000000088b00000, 0x0000000088b00000, 0x0000000088c00000|  0%| F|  |TAMS 0x0000000088b00000, 0x0000000088b00000| Untracked 
| 140|0x0000000088c00000, 0x0000000088c00000, 0x0000000088d00000|  0%| F|  |TAMS 0x0000000088c00000, 0x0000000088c00000| Untracked 
| 141|0x0000000088d00000, 0x0000000088d00000, 0x0000000088e00000|  0%| F|  |TAMS 0x0000000088d00000, 0x0000000088d00000| Untracked 
| 142|0x0000000088e00000, 0x0000000088e00000, 0x0000000088f00000|  0%| F|  |TAMS 0x0000000088e00000, 0x0000000088e00000| Untracked 
| 143|0x0000000088f00000, 0x0000000088f00000, 0x0000000089000000|  0%| F|  |TAMS 0x0000000088f00000, 0x0000000088f00000| Untracked 
| 144|0x0000000089000000, 0x0000000089000000, 0x0000000089100000|  0%| F|  |TAMS 0x0000000089000000, 0x0000000089000000| Untracked 
| 145|0x0000000089100000, 0x0000000089100000, 0x0000000089200000|  0%| F|  |TAMS 0x0000000089100000, 0x0000000089100000| Untracked 
| 146|0x0000000089200000, 0x0000000089200000, 0x0000000089300000|  0%| F|  |TAMS 0x0000000089200000, 0x0000000089200000| Untracked 
| 147|0x0000000089300000, 0x0000000089300000, 0x0000000089400000|  0%| F|  |TAMS 0x0000000089300000, 0x0000000089300000| Untracked 
| 148|0x0000000089400000, 0x0000000089400000, 0x0000000089500000|  0%| F|  |TAMS 0x0000000089400000, 0x0000000089400000| Untracked 
| 149|0x0000000089500000, 0x0000000089500000, 0x0000000089600000|  0%| F|  |TAMS 0x0000000089500000, 0x0000000089500000| Untracked 
| 150|0x0000000089600000, 0x0000000089600000, 0x0000000089700000|  0%| F|  |TAMS 0x0000000089600000, 0x0000000089600000| Untracked 
| 151|0x0000000089700000, 0x0000000089700000, 0x0000000089800000|  0%| F|  |TAMS 0x0000000089700000, 0x0000000089700000| Untracked 
| 152|0x0000000089800000, 0x0000000089800000, 0x0000000089900000|  0%| F|  |TAMS 0x0000000089800000, 0x0000000089800000| Untracked 
| 153|0x0000000089900000, 0x0000000089900000, 0x0000000089a00000|  0%| F|  |TAMS 0x0000000089900000, 0x0000000089900000| Untracked 
| 154|0x0000000089a00000, 0x0000000089a00000, 0x0000000089b00000|  0%| F|  |TAMS 0x0000000089a00000, 0x0000000089a00000| Untracked 
| 155|0x0000000089b00000, 0x0000000089b00000, 0x0000000089c00000|  0%| F|  |TAMS 0x0000000089b00000, 0x0000000089b00000| Untracked 
| 156|0x0000000089c00000, 0x0000000089c00000, 0x0000000089d00000|  0%| F|  |TAMS 0x0000000089c00000, 0x0000000089c00000| Untracked 
| 157|0x0000000089d00000, 0x0000000089d00000, 0x0000000089e00000|  0%| F|  |TAMS 0x0000000089d00000, 0x0000000089d00000| Untracked 
| 158|0x0000000089e00000, 0x0000000089e00000, 0x0000000089f00000|  0%| F|  |TAMS 0x0000000089e00000, 0x0000000089e00000| Untracked 
| 159|0x0000000089f00000, 0x0000000089f00000, 0x000000008a000000|  0%| F|  |TAMS 0x0000000089f00000, 0x0000000089f00000| Untracked 
| 160|0x000000008a000000, 0x000000008a000000, 0x000000008a100000|  0%| F|  |TAMS 0x000000008a000000, 0x000000008a000000| Untracked 
| 161|0x000000008a100000, 0x000000008a100000, 0x000000008a200000|  0%| F|  |TAMS 0x000000008a100000, 0x000000008a100000| Untracked 
| 162|0x000000008a200000, 0x000000008a200000, 0x000000008a300000|  0%| F|  |TAMS 0x000000008a200000, 0x000000008a200000| Untracked 
| 163|0x000000008a300000, 0x000000008a300000, 0x000000008a400000|  0%| F|  |TAMS 0x000000008a300000, 0x000000008a300000| Untracked 
| 164|0x000000008a400000, 0x000000008a400000, 0x000000008a500000|  0%| F|  |TAMS 0x000000008a400000, 0x000000008a400000| Untracked 
| 165|0x000000008a500000, 0x000000008a500000, 0x000000008a600000|  0%| F|  |TAMS 0x000000008a500000, 0x000000008a500000| Untracked 
| 166|0x000000008a600000, 0x000000008a600000, 0x000000008a700000|  0%| F|  |TAMS 0x000000008a600000, 0x000000008a600000| Untracked 
| 167|0x000000008a700000, 0x000000008a700000, 0x000000008a800000|  0%| F|  |TAMS 0x000000008a700000, 0x000000008a700000| Untracked 
| 168|0x000000008a800000, 0x000000008a800000, 0x000000008a900000|  0%| F|  |TAMS 0x000000008a800000, 0x000000008a800000| Untracked 
| 169|0x000000008a900000, 0x000000008a900000, 0x000000008aa00000|  0%| F|  |TAMS 0x000000008a900000, 0x000000008a900000| Untracked 
| 170|0x000000008aa00000, 0x000000008aa00000, 0x000000008ab00000|  0%| F|  |TAMS 0x000000008aa00000, 0x000000008aa00000| Untracked 
| 171|0x000000008ab00000, 0x000000008ab00000, 0x000000008ac00000|  0%| F|  |TAMS 0x000000008ab00000, 0x000000008ab00000| Untracked 
| 172|0x000000008ac00000, 0x000000008ac00000, 0x000000008ad00000|  0%| F|  |TAMS 0x000000008ac00000, 0x000000008ac00000| Untracked 
| 173|0x000000008ad00000, 0x000000008ad00000, 0x000000008ae00000|  0%| F|  |TAMS 0x000000008ad00000, 0x000000008ad00000| Untracked 
| 174|0x000000008ae00000, 0x000000008ae00000, 0x000000008af00000|  0%| F|  |TAMS 0x000000008ae00000, 0x000000008ae00000| Untracked 
| 175|0x000000008af00000, 0x000000008af00000, 0x000000008b000000|  0%| F|  |TAMS 0x000000008af00000, 0x000000008af00000| Untracked 
| 176|0x000000008b000000, 0x000000008b000000, 0x000000008b100000|  0%| F|  |TAMS 0x000000008b000000, 0x000000008b000000| Untracked 
| 177|0x000000008b100000, 0x000000008b100000, 0x000000008b200000|  0%| F|  |TAMS 0x000000008b100000, 0x000000008b100000| Untracked 
| 178|0x000000008b200000, 0x000000008b200000, 0x000000008b300000|  0%| F|  |TAMS 0x000000008b200000, 0x000000008b200000| Untracked 
| 179|0x000000008b300000, 0x000000008b300000, 0x000000008b400000|  0%| F|  |TAMS 0x000000008b300000, 0x000000008b300000| Untracked 
| 180|0x000000008b400000, 0x000000008b400000, 0x000000008b500000|  0%| F|  |TAMS 0x000000008b400000, 0x000000008b400000| Untracked 
| 181|0x000000008b500000, 0x000000008b600000, 0x000000008b600000|100%| E|  |TAMS 0x000000008b500000, 0x000000008b500000| Complete 
| 182|0x000000008b600000, 0x000000008b700000, 0x000000008b700000|100%| E|CS|TAMS 0x000000008b600000, 0x000000008b600000| Complete 
| 183|0x000000008b700000, 0x000000008b800000, 0x000000008b800000|100%| E|CS|TAMS 0x000000008b700000, 0x000000008b700000| Complete 
| 184|0x000000008b800000, 0x000000008b900000, 0x000000008b900000|100%| E|CS|TAMS 0x000000008b800000, 0x000000008b800000| Complete 
| 185|0x000000008b900000, 0x000000008ba00000, 0x000000008ba00000|100%| E|CS|TAMS 0x000000008b900000, 0x000000008b900000| Complete 
| 186|0x000000008ba00000, 0x000000008bb00000, 0x000000008bb00000|100%| E|CS|TAMS 0x000000008ba00000, 0x000000008ba00000| Complete 
| 187|0x000000008bb00000, 0x000000008bc00000, 0x000000008bc00000|100%| E|CS|TAMS 0x000000008bb00000, 0x000000008bb00000| Complete 
| 188|0x000000008bc00000, 0x000000008bd00000, 0x000000008bd00000|100%| E|CS|TAMS 0x000000008bc00000, 0x000000008bc00000| Complete 
| 189|0x000000008bd00000, 0x000000008be00000, 0x000000008be00000|100%| E|CS|TAMS 0x000000008bd00000, 0x000000008bd00000| Complete 
| 190|0x000000008be00000, 0x000000008bf00000, 0x000000008bf00000|100%| E|CS|TAMS 0x000000008be00000, 0x000000008be00000| Complete 
| 191|0x000000008bf00000, 0x000000008c000000, 0x000000008c000000|100%| E|CS|TAMS 0x000000008bf00000, 0x000000008bf00000| Complete 
| 192|0x000000008c000000, 0x000000008c100000, 0x000000008c100000|100%| E|CS|TAMS 0x000000008c000000, 0x000000008c000000| Complete 
| 193|0x000000008c100000, 0x000000008c200000, 0x000000008c200000|100%| E|CS|TAMS 0x000000008c100000, 0x000000008c100000| Complete 
| 194|0x000000008c200000, 0x000000008c300000, 0x000000008c300000|100%| E|CS|TAMS 0x000000008c200000, 0x000000008c200000| Complete 
| 195|0x000000008c300000, 0x000000008c400000, 0x000000008c400000|100%| E|CS|TAMS 0x000000008c300000, 0x000000008c300000| Complete 
| 196|0x000000008c400000, 0x000000008c500000, 0x000000008c500000|100%| E|CS|TAMS 0x000000008c400000, 0x000000008c400000| Complete 
| 197|0x000000008c500000, 0x000000008c600000, 0x000000008c600000|100%| E|CS|TAMS 0x000000008c500000, 0x000000008c500000| Complete 
| 198|0x000000008c600000, 0x000000008c700000, 0x000000008c700000|100%| E|CS|TAMS 0x000000008c600000, 0x000000008c600000| Complete 
| 199|0x000000008c700000, 0x000000008c800000, 0x000000008c800000|100%| E|CS|TAMS 0x000000008c700000, 0x000000008c700000| Complete 
| 200|0x000000008c800000, 0x000000008c900000, 0x000000008c900000|100%| E|CS|TAMS 0x000000008c800000, 0x000000008c800000| Complete 
| 201|0x000000008c900000, 0x000000008ca00000, 0x000000008ca00000|100%| E|CS|TAMS 0x000000008c900000, 0x000000008c900000| Complete 
| 202|0x000000008ca00000, 0x000000008cb00000, 0x000000008cb00000|100%| E|CS|TAMS 0x000000008ca00000, 0x000000008ca00000| Complete 
| 203|0x000000008cb00000, 0x000000008cc00000, 0x000000008cc00000|100%| E|CS|TAMS 0x000000008cb00000, 0x000000008cb00000| Complete 
| 204|0x000000008cc00000, 0x000000008cd00000, 0x000000008cd00000|100%| E|CS|TAMS 0x000000008cc00000, 0x000000008cc00000| Complete 
| 205|0x000000008cd00000, 0x000000008ce00000, 0x000000008ce00000|100%| E|CS|TAMS 0x000000008cd00000, 0x000000008cd00000| Complete 
| 206|0x000000008ce00000, 0x000000008cf00000, 0x000000008cf00000|100%| E|CS|TAMS 0x000000008ce00000, 0x000000008ce00000| Complete 
| 207|0x000000008cf00000, 0x000000008d000000, 0x000000008d000000|100%| E|CS|TAMS 0x000000008cf00000, 0x000000008cf00000| Complete 
| 208|0x000000008d000000, 0x000000008d100000, 0x000000008d100000|100%| E|CS|TAMS 0x000000008d000000, 0x000000008d000000| Complete 
| 209|0x000000008d100000, 0x000000008d200000, 0x000000008d200000|100%| E|CS|TAMS 0x000000008d100000, 0x000000008d100000| Complete 
| 210|0x000000008d200000, 0x000000008d300000, 0x000000008d300000|100%| E|CS|TAMS 0x000000008d200000, 0x000000008d200000| Complete 
| 211|0x000000008d300000, 0x000000008d400000, 0x000000008d400000|100%| E|CS|TAMS 0x000000008d300000, 0x000000008d300000| Complete 
| 212|0x000000008d400000, 0x000000008d500000, 0x000000008d500000|100%| E|CS|TAMS 0x000000008d400000, 0x000000008d400000| Complete 
| 213|0x000000008d500000, 0x000000008d600000, 0x000000008d600000|100%| E|CS|TAMS 0x000000008d500000, 0x000000008d500000| Complete 
| 214|0x000000008d600000, 0x000000008d700000, 0x000000008d700000|100%| E|CS|TAMS 0x000000008d600000, 0x000000008d600000| Complete 
| 215|0x000000008d700000, 0x000000008d800000, 0x000000008d800000|100%| E|CS|TAMS 0x000000008d700000, 0x000000008d700000| Complete 
| 216|0x000000008d800000, 0x000000008d900000, 0x000000008d900000|100%| E|CS|TAMS 0x000000008d800000, 0x000000008d800000| Complete 
| 217|0x000000008d900000, 0x000000008da00000, 0x000000008da00000|100%| E|CS|TAMS 0x000000008d900000, 0x000000008d900000| Complete 
| 218|0x000000008da00000, 0x000000008db00000, 0x000000008db00000|100%| E|CS|TAMS 0x000000008da00000, 0x000000008da00000| Complete 
| 219|0x000000008db00000, 0x000000008dc00000, 0x000000008dc00000|100%| E|CS|TAMS 0x000000008db00000, 0x000000008db00000| Complete 
| 220|0x000000008dc00000, 0x000000008dd00000, 0x000000008dd00000|100%| E|CS|TAMS 0x000000008dc00000, 0x000000008dc00000| Complete 
| 221|0x000000008dd00000, 0x000000008de00000, 0x000000008de00000|100%| E|CS|TAMS 0x000000008dd00000, 0x000000008dd00000| Complete 
| 222|0x000000008de00000, 0x000000008df00000, 0x000000008df00000|100%| E|CS|TAMS 0x000000008de00000, 0x000000008de00000| Complete 
| 223|0x000000008df00000, 0x000000008e000000, 0x000000008e000000|100%| E|CS|TAMS 0x000000008df00000, 0x000000008df00000| Complete 
| 224|0x000000008e000000, 0x000000008e100000, 0x000000008e100000|100%| E|CS|TAMS 0x000000008e000000, 0x000000008e000000| Complete 
| 225|0x000000008e100000, 0x000000008e200000, 0x000000008e200000|100%| E|CS|TAMS 0x000000008e100000, 0x000000008e100000| Complete 
| 226|0x000000008e200000, 0x000000008e300000, 0x000000008e300000|100%| E|CS|TAMS 0x000000008e200000, 0x000000008e200000| Complete 
| 227|0x000000008e300000, 0x000000008e400000, 0x000000008e400000|100%| E|CS|TAMS 0x000000008e300000, 0x000000008e300000| Complete 
| 228|0x000000008e400000, 0x000000008e500000, 0x000000008e500000|100%| E|CS|TAMS 0x000000008e400000, 0x000000008e400000| Complete 
| 229|0x000000008e500000, 0x000000008e600000, 0x000000008e600000|100%| E|CS|TAMS 0x000000008e500000, 0x000000008e500000| Complete 
| 230|0x000000008e600000, 0x000000008e700000, 0x000000008e700000|100%| E|CS|TAMS 0x000000008e600000, 0x000000008e600000| Complete 
| 231|0x000000008e700000, 0x000000008e800000, 0x000000008e800000|100%| E|CS|TAMS 0x000000008e700000, 0x000000008e700000| Complete 
| 232|0x000000008e800000, 0x000000008e900000, 0x000000008e900000|100%| E|CS|TAMS 0x000000008e800000, 0x000000008e800000| Complete 
| 233|0x000000008e900000, 0x000000008ea00000, 0x000000008ea00000|100%| E|CS|TAMS 0x000000008e900000, 0x000000008e900000| Complete 
| 234|0x000000008ea00000, 0x000000008eb00000, 0x000000008eb00000|100%| E|CS|TAMS 0x000000008ea00000, 0x000000008ea00000| Complete 
| 235|0x000000008eb00000, 0x000000008ec00000, 0x000000008ec00000|100%| E|CS|TAMS 0x000000008eb00000, 0x000000008eb00000| Complete 
| 236|0x000000008ec00000, 0x000000008ed00000, 0x000000008ed00000|100%| E|CS|TAMS 0x000000008ec00000, 0x000000008ec00000| Complete 
| 237|0x000000008ed00000, 0x000000008ee00000, 0x000000008ee00000|100%| E|CS|TAMS 0x000000008ed00000, 0x000000008ed00000| Complete 
| 238|0x000000008ee00000, 0x000000008ef00000, 0x000000008ef00000|100%| E|CS|TAMS 0x000000008ee00000, 0x000000008ee00000| Complete 
| 239|0x000000008ef00000, 0x000000008f000000, 0x000000008f000000|100%| E|CS|TAMS 0x000000008ef00000, 0x000000008ef00000| Complete 
| 240|0x000000008f000000, 0x000000008f100000, 0x000000008f100000|100%| E|CS|TAMS 0x000000008f000000, 0x000000008f000000| Complete 
| 241|0x000000008f100000, 0x000000008f200000, 0x000000008f200000|100%| E|CS|TAMS 0x000000008f100000, 0x000000008f100000| Complete 
| 242|0x000000008f200000, 0x000000008f300000, 0x000000008f300000|100%| E|CS|TAMS 0x000000008f200000, 0x000000008f200000| Complete 
| 243|0x000000008f300000, 0x000000008f400000, 0x000000008f400000|100%| E|CS|TAMS 0x000000008f300000, 0x000000008f300000| Complete 
| 244|0x000000008f400000, 0x000000008f500000, 0x000000008f500000|100%| E|CS|TAMS 0x000000008f400000, 0x000000008f400000| Complete 
| 245|0x000000008f500000, 0x000000008f600000, 0x000000008f600000|100%| E|CS|TAMS 0x000000008f500000, 0x000000008f500000| Complete 
| 246|0x000000008f600000, 0x000000008f700000, 0x000000008f700000|100%| E|CS|TAMS 0x000000008f600000, 0x000000008f600000| Complete 
| 247|0x000000008f700000, 0x000000008f800000, 0x000000008f800000|100%| E|CS|TAMS 0x000000008f700000, 0x000000008f700000| Complete 
| 248|0x000000008f800000, 0x000000008f900000, 0x000000008f900000|100%| E|CS|TAMS 0x000000008f800000, 0x000000008f800000| Complete 
| 249|0x000000008f900000, 0x000000008fa00000, 0x000000008fa00000|100%| E|CS|TAMS 0x000000008f900000, 0x000000008f900000| Complete 
| 250|0x000000008fa00000, 0x000000008fb00000, 0x000000008fb00000|100%| E|CS|TAMS 0x000000008fa00000, 0x000000008fa00000| Complete 
| 251|0x000000008fb00000, 0x000000008fc00000, 0x000000008fc00000|100%| E|CS|TAMS 0x000000008fb00000, 0x000000008fb00000| Complete 
| 252|0x000000008fc00000, 0x000000008fd00000, 0x000000008fd00000|100%| E|CS|TAMS 0x000000008fc00000, 0x000000008fc00000| Complete 
| 253|0x000000008fd00000, 0x000000008fe00000, 0x000000008fe00000|100%| E|CS|TAMS 0x000000008fd00000, 0x000000008fd00000| Complete 
| 254|0x000000008fe00000, 0x000000008ff00000, 0x000000008ff00000|100%| E|CS|TAMS 0x000000008fe00000, 0x000000008fe00000| Complete 
| 255|0x000000008ff00000, 0x0000000090000000, 0x0000000090000000|100%| E|CS|TAMS 0x000000008ff00000, 0x000000008ff00000| Complete 
| 256|0x0000000090000000, 0x0000000090100000, 0x0000000090100000|100%| E|CS|TAMS 0x0000000090000000, 0x0000000090000000| Complete 
| 257|0x0000000090100000, 0x0000000090200000, 0x0000000090200000|100%| E|CS|TAMS 0x0000000090100000, 0x0000000090100000| Complete 
| 258|0x0000000090200000, 0x0000000090300000, 0x0000000090300000|100%| E|CS|TAMS 0x0000000090200000, 0x0000000090200000| Complete 
| 259|0x0000000090300000, 0x0000000090400000, 0x0000000090400000|100%| E|CS|TAMS 0x0000000090300000, 0x0000000090300000| Complete 
| 260|0x0000000090400000, 0x0000000090500000, 0x0000000090500000|100%| E|CS|TAMS 0x0000000090400000, 0x0000000090400000| Complete 
| 261|0x0000000090500000, 0x0000000090600000, 0x0000000090600000|100%| E|CS|TAMS 0x0000000090500000, 0x0000000090500000| Complete 
| 262|0x0000000090600000, 0x0000000090700000, 0x0000000090700000|100%| E|CS|TAMS 0x0000000090600000, 0x0000000090600000| Complete 
| 263|0x0000000090700000, 0x0000000090800000, 0x0000000090800000|100%| E|CS|TAMS 0x0000000090700000, 0x0000000090700000| Complete 
| 264|0x0000000090800000, 0x0000000090900000, 0x0000000090900000|100%| E|CS|TAMS 0x0000000090800000, 0x0000000090800000| Complete 
| 265|0x0000000090900000, 0x0000000090a00000, 0x0000000090a00000|100%| E|CS|TAMS 0x0000000090900000, 0x0000000090900000| Complete 
| 266|0x0000000090a00000, 0x0000000090b00000, 0x0000000090b00000|100%| E|CS|TAMS 0x0000000090a00000, 0x0000000090a00000| Complete 
| 267|0x0000000090b00000, 0x0000000090c00000, 0x0000000090c00000|100%| E|CS|TAMS 0x0000000090b00000, 0x0000000090b00000| Complete 
| 268|0x0000000090c00000, 0x0000000090d00000, 0x0000000090d00000|100%| E|CS|TAMS 0x0000000090c00000, 0x0000000090c00000| Complete 
| 269|0x0000000090d00000, 0x0000000090e00000, 0x0000000090e00000|100%| E|CS|TAMS 0x0000000090d00000, 0x0000000090d00000| Complete 
| 270|0x0000000090e00000, 0x0000000090f00000, 0x0000000090f00000|100%| E|CS|TAMS 0x0000000090e00000, 0x0000000090e00000| Complete 
| 271|0x0000000090f00000, 0x0000000091000000, 0x0000000091000000|100%| E|CS|TAMS 0x0000000090f00000, 0x0000000090f00000| Complete 
| 272|0x0000000091000000, 0x0000000091100000, 0x0000000091100000|100%| E|CS|TAMS 0x0000000091000000, 0x0000000091000000| Complete 
| 273|0x0000000091100000, 0x0000000091200000, 0x0000000091200000|100%| E|CS|TAMS 0x0000000091100000, 0x0000000091100000| Complete 
| 274|0x0000000091200000, 0x0000000091300000, 0x0000000091300000|100%| E|CS|TAMS 0x0000000091200000, 0x0000000091200000| Complete 
| 275|0x0000000091300000, 0x0000000091400000, 0x0000000091400000|100%| E|CS|TAMS 0x0000000091300000, 0x0000000091300000| Complete 
| 276|0x0000000091400000, 0x0000000091500000, 0x0000000091500000|100%| E|CS|TAMS 0x0000000091400000, 0x0000000091400000| Complete 
| 277|0x0000000091500000, 0x0000000091600000, 0x0000000091600000|100%| E|CS|TAMS 0x0000000091500000, 0x0000000091500000| Complete 

Card table byte_map: [0x000001f9fda80000,0x000001f9fde80000] _byte_map_base: 0x000001f9fd680000

Marking Bits (Prev, Next): (CMBitMap*) 0x000001f9f422a500, (CMBitMap*) 0x000001f9f422a4c8
 Prev Bits: [0x000001f991000000, 0x000001f993000000)
 Next Bits: [0x000001f98f000000, 0x000001f991000000)

Polling page: 0x000001f9f3ff0000

Metaspace:

Usage:
  Non-class:     43.17 MB capacity,    42.36 MB ( 98%) used,   693.87 KB (  2%) free+waste,   139.44 KB ( <1%) overhead. 
      Class:      6.68 MB capacity,     6.14 MB ( 92%) used,   492.52 KB (  7%) free+waste,    69.81 KB (  1%) overhead. 
       Both:     49.86 MB capacity,    48.50 MB ( 97%) used,     1.16 MB (  2%) free+waste,   209.25 KB ( <1%) overhead. 

Virtual space:
  Non-class space:       44.00 MB reserved,      43.37 MB ( 99%) committed 
      Class space:      504.00 MB reserved,       6.70 MB (  1%) committed 
             Both:      548.00 MB reserved,      50.07 MB (  9%) committed 

Chunk freelists:
   Non-Class:  1.25 KB
       Class:  384 bytes
        Both:  1.63 KB

CodeHeap 'non-profiled nmethods': size=120064Kb used=6304Kb max_used=6304Kb free=113759Kb
 bounds [0x000001f987ac0000, 0x000001f9880f0000, 0x000001f98f000000]
CodeHeap 'profiled nmethods': size=120000Kb used=14682Kb max_used=14682Kb free=105317Kb
 bounds [0x000001f980590000, 0x000001f9813f0000, 0x000001f987ac0000]
CodeHeap 'non-nmethods': size=5696Kb used=2226Kb max_used=2332Kb free=3469Kb
 bounds [0x000001f980000000, 0x000001f980270000, 0x000001f980590000]
 total_blobs=7519 nmethods=6720 adapters=708
 compilation: enabled
              stopped_count=0, restarted_count=0
 full_count=0

Compilation events (10 events):
Event: 21.627 Thread 0x000001f99adcc800 6838       4       org.objectweb.asm.signature.SignatureWriter::visitInterface (2 bytes)
Event: 21.627 Thread 0x000001f99adcc800 nmethod 6838 0x000001f9880d3310 code [0x000001f9880d3480, 0x000001f9880d34d8]
Event: 21.641 Thread 0x000001f99adcc800 6841       4       org.objectweb.asm.ClassReader::accept (1412 bytes)
Event: 21.838 Thread 0x000001f9fe8f7000 6843   !   3       com.sun.proxy.$Proxy0::onOutput (34 bytes)
Event: 21.838 Thread 0x000001f9fe8f7000 nmethod 6843 0x000001f9813e6290 code [0x000001f9813e6460, 0x000001f9813e6958]
Event: 22.157 Thread 0x000001f99adcc800 nmethod 6841 0x000001f9880d3590 code [0x000001f9880d3d00, 0x000001f9880df870]
Event: 22.157 Thread 0x000001f99adcc800 6844       4       org.objectweb.asm.ClassWriter::visitSource (39 bytes)
Event: 22.160 Thread 0x000001f99adcc800 nmethod 6844 0x000001f9880e6710 code [0x000001f9880e68c0, 0x000001f9880e6c38]
Event: 22.161 Thread 0x000001f99adcc800 6842       4       org.gradle.internal.classpath.ClasspathBuilder$EntryBuilder::put (12 bytes)
Event: 22.174 Thread 0x000001f99adcc800 nmethod 6842 0x000001f9880e6e10 code [0x000001f9880e7060, 0x000001f9880e7cb0]

GC Heap History (10 events):
Event: 20.072 GC heap before
{Heap before GC invocations=37 (full 0):
 garbage-first heap   total 196608K, used 165233K [0x0000000080000000, 0x0000000100000000)
  region size 1024K, 115 young (117760K), 8 survivors (8192K)
 Metaspace       used 49634K, capacity 51055K, committed 51272K, reserved 561152K
  class space    used 6282K, capacity 6845K, committed 6860K, reserved 516096K
}
Event: 20.080 GC heap after
{Heap after GC invocations=38 (full 0):
 garbage-first heap   total 236544K, used 56689K [0x0000000080000000, 0x0000000100000000)
  region size 1024K, 9 young (9216K), 9 survivors (9216K)
 Metaspace       used 49634K, capacity 51055K, committed 51272K, reserved 561152K
  class space    used 6282K, capacity 6845K, committed 6860K, reserved 516096K
}
Event: 20.475 GC heap before
{Heap before GC invocations=38 (full 0):
 garbage-first heap   total 236544K, used 188785K [0x0000000080000000, 0x0000000100000000)
  region size 1024K, 138 young (141312K), 9 survivors (9216K)
 Metaspace       used 49634K, capacity 51055K, committed 51272K, reserved 561152K
  class space    used 6282K, capacity 6845K, committed 6860K, reserved 516096K
}
Event: 20.482 GC heap after
{Heap after GC invocations=39 (full 0):
 garbage-first heap   total 236544K, used 57704K [0x0000000080000000, 0x0000000100000000)
  region size 1024K, 10 young (10240K), 10 survivors (10240K)
 Metaspace       used 49634K, capacity 51055K, committed 51272K, reserved 561152K
  class space    used 6282K, capacity 6845K, committed 6860K, reserved 516096K
}
Event: 20.755 GC heap before
{Heap before GC invocations=39 (full 0):
 garbage-first heap   total 236544K, used 188776K [0x0000000080000000, 0x0000000100000000)
  region size 1024K, 138 young (141312K), 10 survivors (10240K)
 Metaspace       used 49645K, capacity 51055K, committed 51272K, reserved 561152K
  class space    used 6282K, capacity 6845K, committed 6860K, reserved 516096K
}
Event: 20.762 GC heap after
{Heap after GC invocations=40 (full 0):
 garbage-first heap   total 236544K, used 58743K [0x0000000080000000, 0x0000000100000000)
  region size 1024K, 10 young (10240K), 10 survivors (10240K)
 Metaspace       used 49645K, capacity 51055K, committed 51272K, reserved 561152K
  class space    used 6282K, capacity 6845K, committed 6860K, reserved 516096K
}
Event: 21.081 GC heap before
{Heap before GC invocations=40 (full 0):
 garbage-first heap   total 236544K, used 189815K [0x0000000080000000, 0x0000000100000000)
  region size 1024K, 138 young (141312K), 10 survivors (10240K)
 Metaspace       used 49649K, capacity 51055K, committed 51272K, reserved 561152K
  class space    used 6282K, capacity 6845K, committed 6860K, reserved 516096K
}
Event: 21.088 GC heap after
{Heap after GC invocations=41 (full 0):
 garbage-first heap   total 236544K, used 58904K [0x0000000080000000, 0x0000000100000000)
  region size 1024K, 10 young (10240K), 10 survivors (10240K)
 Metaspace       used 49649K, capacity 51055K, committed 51272K, reserved 561152K
  class space    used 6282K, capacity 6845K, committed 6860K, reserved 516096K
}
Event: 21.580 GC heap before
{Heap before GC invocations=41 (full 0):
 garbage-first heap   total 236544K, used 189976K [0x0000000080000000, 0x0000000100000000)
  region size 1024K, 138 young (141312K), 10 survivors (10240K)
 Metaspace       used 49649K, capacity 51055K, committed 51272K, reserved 561152K
  class space    used 6282K, capacity 6845K, committed 6860K, reserved 516096K
}
Event: 21.589 GC heap after
{Heap after GC invocations=42 (full 0):
 garbage-first heap   total 284672K, used 60167K [0x0000000080000000, 0x0000000100000000)
  region size 1024K, 10 young (10240K), 10 survivors (10240K)
 Metaspace       used 49649K, capacity 51055K, committed 51272K, reserved 561152K
  class space    used 6282K, capacity 6845K, committed 6860K, reserved 516096K
}

Deoptimization events (10 events):
Event: 19.368 Thread 0x000001f995614800 Uncommon trap: reason=unstable_if action=reinterpret pc=0x000001f987ef5930 method=org.objectweb.asm.commons.Remapper.mapType(Ljava/lang/String;)Ljava/lang/String; @ 1 c2
Event: 19.368 Thread 0x000001f995614800 Uncommon trap: reason=unstable_if action=reinterpret pc=0x000001f98808287c method=org.objectweb.asm.ClassWriter.visit(IILjava/lang/String;Ljava/lang/String;Ljava/lang/String;[Ljava/lang/String;)V @ 47 c2
Event: 19.369 Thread 0x000001f995614800 Uncommon trap: reason=unstable_if action=reinterpret pc=0x000001f988011598 method=org.objectweb.asm.ClassWriter.toByteArray()[B @ 410 c2
Event: 19.377 Thread 0x000001f995614800 Uncommon trap: reason=unstable_if action=reinterpret pc=0x000001f987b2e188 method=org.objectweb.asm.MethodWriter.visitIincInsn(II)V @ 27 c2
Event: 20.813 Thread 0x000001f995614800 Uncommon trap: reason=unstable_if action=reinterpret pc=0x000001f987fc2c8c method=java.lang.String.equals(Ljava/lang/Object;)Z @ 34 c2
Event: 20.813 Thread 0x000001f995614800 Uncommon trap: reason=unstable_if action=reinterpret pc=0x000001f987f86784 method=java.lang.String.equals(Ljava/lang/Object;)Z @ 34 c2
Event: 20.841 Thread 0x000001f995614800 Uncommon trap: reason=unstable_if action=reinterpret pc=0x000001f988054730 method=org.objectweb.asm.ClassReader.readCode(Lorg/objectweb/asm/MethodVisitor;Lorg/objectweb/asm/Context;I)V @ 119 c2
Event: 20.969 Thread 0x000001f995614800 Uncommon trap: reason=unstable_if action=reinterpret pc=0x000001f9880a8590 method=org.objectweb.asm.ClassReader.accept(Lorg/objectweb/asm/ClassVisitor;[Lorg/objectweb/asm/Attribute;I)V @ 444 c2
Event: 20.969 Thread 0x000001f995614800 Uncommon trap: reason=unstable_if action=reinterpret pc=0x000001f98809c26c method=org.objectweb.asm.ClassWriter.toByteArray()[B @ 233 c2
Event: 22.245 Thread 0x000001f995614800 Uncommon trap: reason=unstable_if action=reinterpret pc=0x000001f9880e7818 method=java.lang.String.contains(Ljava/lang/CharSequence;)Z @ 10 c2

Classes redefined (0 events):
No events

Internal exceptions (10 events):
Event: 11.402 Thread 0x000001f995614800 Exception <a 'java/lang/NoSuchMethodError'{0x000000008bf1a290}: java.lang.invoke.Invokers$Holder.invoker(Ljava/lang/Object;Ljava/lang/Object;Ljava/lang/Object;Ljava/lang/Object;Ljava/lang/Object;Ljava/lang/Object;Ljava/lang/Object;Ljava/lang/Object;Ljava/
Event: 11.419 Thread 0x000001f995614800 Exception <a 'java/lang/NoSuchMethodError'{0x000000008beead78}: java.lang.invoke.DelegatingMethodHandle$Holder.reinvoke_L(Ljava/lang/Object;Ljava/lang/Object;Ljava/lang/Object;Ljava/lang/Object;Ljava/lang/Object;Ljava/lang/Object;Ljava/lang/Object;Ljava/l
Event: 11.420 Thread 0x000001f995614800 Exception <a 'java/lang/NoSuchMethodError'{0x000000008bef6730}: java.lang.invoke.Invokers$Holder.invoker(Ljava/lang/Object;Ljava/lang/Object;Ljava/lang/Object;Ljava/lang/Object;Ljava/lang/Object;Ljava/lang/Object;Ljava/lang/Object;Ljava/lang/Object;Ljava/
Event: 11.420 Thread 0x000001f995614800 Exception <a 'java/lang/NoSuchMethodError'{0x000000008befd758}: java.lang.invoke.DelegatingMethodHandle$Holder.delegate(Ljava/lang/Object;Ljava/lang/Object;Ljava/lang/Object;Ljava/lang/Object;Ljava/lang/Object;Ljava/lang/Object;Ljava/lang/Object;Ljava/lan
Event: 11.422 Thread 0x000001f995614800 Exception <a 'java/lang/NoSuchMethodError'{0x000000008bd41e90}: java.lang.invoke.DirectMethodHandle$Holder.invokeStatic(Ljava/lang/Object;Ljava/lang/Object;Ljava/lang/Object;Ljava/lang/Object;Ljava/lang/Object;Ljava/lang/Object;Ljava/lang/Object;Ljava/lan
Event: 11.424 Thread 0x000001f995614800 Exception <a 'java/lang/NoSuchMethodError'{0x000000008bd52220}: java.lang.invoke.DirectMethodHandle$Holder.invokeStatic(Ljava/lang/Object;Ljava/lang/Object;Ljava/lang/Object;Ljava/lang/Object;Ljava/lang/Object;Ljava/lang/Object;Ljava/lang/Object;Ljava/lan
Event: 11.424 Thread 0x000001f995614800 Exception <a 'java/lang/NoSuchMethodError'{0x000000008bd624c0}: java.lang.invoke.DelegatingMethodHandle$Holder.reinvoke_L(Ljava/lang/Object;Ljava/lang/Object;Ljava/lang/Object;Ljava/lang/Object;Ljava/lang/Object;Ljava/lang/Object;Ljava/lang/Object;Ljava/l
Event: 11.507 Thread 0x000001f995614800 Exception <a 'sun/nio/fs/WindowsException'{0x000000008b0ebf18}> (0x000000008b0ebf18) thrown at [./open/src/hotspot/share/prims/jni.cpp, line 611]
Event: 18.030 Thread 0x000001f995614800 Implicit null exception at 0x000001f98806239f to 0x000001f9880624bf
Event: 19.368 Thread 0x000001f995614800 Implicit null exception at 0x000001f987eeea57 to 0x000001f987ef5918

Events (10 events):
Event: 21.034 Thread 0x000001f995614800 DEOPT PACKING pc=0x000001f98134f3cb sp=0x0000008b998f7480
Event: 21.034 Thread 0x000001f995614800 DEOPT UNPACKING pc=0x000001f980026dde sp=0x0000008b998f6908 mode 0
Event: 21.081 Executing VM operation: G1CollectForAllocation
Event: 21.088 Executing VM operation: G1CollectForAllocation done
Event: 21.102 Thread 0x000001f99adcc800 Thread added: 0x000001f99adcc800
Event: 21.580 Executing VM operation: G1CollectForAllocation
Event: 21.589 Executing VM operation: G1CollectForAllocation done
Event: 22.245 Thread 0x000001f995614800 Uncommon trap: trap_request=0xffffff4d fr.pc=0x000001f9880e7818 relative=0x00000000000007b8
Event: 22.245 Thread 0x000001f995614800 DEOPT PACKING pc=0x000001f9880e7818 sp=0x0000008b998f7be0
Event: 22.245 Thread 0x000001f995614800 DEOPT UNPACKING pc=0x000001f98002662f sp=0x0000008b998f7988 mode 2


Dynamic libraries:
0x00007ff753000000 - 0x00007ff75300f000 	C:\Program Files\Java\jdk-11.0.14\bin\java.exe
0x00007ff856110000 - 0x00007ff856308000 	C:\WINDOWS\SYSTEM32\ntdll.dll
0x00007ff8553b0000 - 0x00007ff85546f000 	C:\WINDOWS\System32\KERNEL32.DLL
0x00007ff8537f0000 - 0x00007ff853ae6000 	C:\WINDOWS\System32\KERNELBASE.dll
0x00007ff853d00000 - 0x00007ff853e00000 	C:\WINDOWS\System32\ucrtbase.dll
0x00007ff842f30000 - 0x00007ff842f45000 	C:\Program Files\Java\jdk-11.0.14\bin\VCRUNTIME140.dll
0x00007ff845a30000 - 0x00007ff845a48000 	C:\Program Files\Java\jdk-11.0.14\bin\jli.dll
0x00007ff855470000 - 0x00007ff85551f000 	C:\WINDOWS\System32\ADVAPI32.dll
0x00007ff855520000 - 0x00007ff8555be000 	C:\WINDOWS\System32\msvcrt.dll
0x00007ff854310000 - 0x00007ff8543ac000 	C:\WINDOWS\System32\sechost.dll
0x00007ff855c20000 - 0x00007ff855d46000 	C:\WINDOWS\System32\RPCRT4.dll
0x00007ff855880000 - 0x00007ff855a1d000 	C:\WINDOWS\System32\USER32.dll
0x00007ff853fe0000 - 0x00007ff854002000 	C:\WINDOWS\System32\win32u.dll
0x00007ff83e140000 - 0x00007ff83e3da000 	C:\WINDOWS\WinSxS\amd64_microsoft.windows.common-controls_6595b64144ccf1df_6.0.19041.1110_none_60b5254171f9507e\COMCTL32.dll
0x00007ff8551b0000 - 0x00007ff8551dc000 	C:\WINDOWS\System32\GDI32.dll
0x00007ff853e70000 - 0x00007ff853f85000 	C:\WINDOWS\System32\gdi32full.dll
0x00007ff853af0000 - 0x00007ff853b8d000 	C:\WINDOWS\System32\msvcp_win.dll
0x00007ff851d70000 - 0x00007ff851d7a000 	C:\WINDOWS\SYSTEM32\VERSION.dll
0x00007ff855850000 - 0x00007ff855880000 	C:\WINDOWS\System32\IMM32.DLL
0x00007ff835d40000 - 0x00007ff835ddb000 	C:\Program Files\Java\jdk-11.0.14\bin\msvcp140.dll
0x00007ff8051d0000 - 0x00007ff805ce6000 	C:\Program Files\Java\jdk-11.0.14\bin\server\jvm.dll
0x00007ff855d60000 - 0x00007ff855d68000 	C:\WINDOWS\System32\PSAPI.DLL
0x00007ff8496b0000 - 0x00007ff8496b9000 	C:\WINDOWS\SYSTEM32\WSOCK32.dll
0x00007ff84a690000 - 0x00007ff84a6b7000 	C:\WINDOWS\SYSTEM32\WINMM.dll
0x00007ff855bb0000 - 0x00007ff855c1b000 	C:\WINDOWS\System32\WS2_32.dll
0x00007ff8520d0000 - 0x00007ff8520e2000 	C:\WINDOWS\SYSTEM32\kernel.appcore.dll
0x00007ff849160000 - 0x00007ff849170000 	C:\Program Files\Java\jdk-11.0.14\bin\verify.dll
0x00007ff844210000 - 0x00007ff8443f4000 	C:\WINDOWS\SYSTEM32\DBGHELP.DLL
0x00007ff843fc0000 - 0x00007ff843ff4000 	C:\WINDOWS\SYSTEM32\dbgcore.DLL
0x00007ff853c70000 - 0x00007ff853cf2000 	C:\WINDOWS\System32\bcryptPrimitives.dll
0x00007ff83ea40000 - 0x00007ff83ea68000 	C:\Program Files\Java\jdk-11.0.14\bin\java.dll
0x00007ff848490000 - 0x00007ff84849a000 	C:\Program Files\Java\jdk-11.0.14\bin\jimage.dll
0x00007ff842ba0000 - 0x00007ff842bb6000 	C:\Program Files\Java\jdk-11.0.14\bin\zip.dll
0x00007ff854410000 - 0x00007ff854b54000 	C:\WINDOWS\System32\SHELL32.dll
0x00007ff851520000 - 0x00007ff851cb3000 	C:\WINDOWS\SYSTEM32\windows.storage.dll
0x00007ff855d70000 - 0x00007ff8560c4000 	C:\WINDOWS\System32\combase.dll
0x00007ff853160000 - 0x00007ff85318e000 	C:\WINDOWS\SYSTEM32\Wldp.dll
0x00007ff854be0000 - 0x00007ff854c8d000 	C:\WINDOWS\System32\SHCORE.dll
0x00007ff8543b0000 - 0x00007ff854405000 	C:\WINDOWS\System32\shlwapi.dll
0x00007ff853730000 - 0x00007ff85374f000 	C:\WINDOWS\SYSTEM32\profapi.dll
0x00007ff840d60000 - 0x00007ff840d79000 	C:\Program Files\Java\jdk-11.0.14\bin\net.dll
0x00007ff84c8e0000 - 0x00007ff84c9ea000 	C:\WINDOWS\SYSTEM32\WINHTTP.dll
0x00007ff852ec0000 - 0x00007ff852f2a000 	C:\WINDOWS\system32\mswsock.dll
0x00007ff83e9c0000 - 0x00007ff83e9d2000 	C:\Program Files\Java\jdk-11.0.14\bin\nio.dll
0x00007ff84a4a0000 - 0x00007ff84a4c7000 	C:\Users\zeeshan.noorullah\.gradle\native\68d5fa5c4cc2d200863cafc0d521ce42e7d3e7ee720ec0a83991735586a16f82\windows-amd64\native-platform.dll
0x00007ff82d490000 - 0x00007ff82d5d4000 	C:\Users\zeeshan.noorullah\.gradle\native\e376f236ea51e6404a007f0833ffe2c6e607c4080706a723a18a27aeea778392\windows-amd64\native-platform-file-events.dll
0x00007ff842a70000 - 0x00007ff842a79000 	C:\Program Files\Java\jdk-11.0.14\bin\management.dll
0x00007ff841b20000 - 0x00007ff841b2b000 	C:\Program Files\Java\jdk-11.0.14\bin\management_ext.dll
0x00007ff8530c0000 - 0x00007ff8530d8000 	C:\WINDOWS\SYSTEM32\CRYPTSP.dll
0x00007ff8527e0000 - 0x00007ff852814000 	C:\WINDOWS\system32\rsaenh.dll
0x00007ff853c40000 - 0x00007ff853c67000 	C:\WINDOWS\System32\bcrypt.dll
0x00007ff853680000 - 0x00007ff8536ae000 	C:\WINDOWS\SYSTEM32\USERENV.dll
0x00007ff8530b0000 - 0x00007ff8530bc000 	C:\WINDOWS\SYSTEM32\CRYPTBASE.dll
0x00007ff852bb0000 - 0x00007ff852bec000 	C:\WINDOWS\SYSTEM32\IPHLPAPI.DLL
0x00007ff855d50000 - 0x00007ff855d58000 	C:\WINDOWS\System32\NSI.dll
0x00007ff84e7c0000 - 0x00007ff84e7d7000 	C:\WINDOWS\SYSTEM32\dhcpcsvc6.DLL
0x00007ff84e6b0000 - 0x00007ff84e6cd000 	C:\WINDOWS\SYSTEM32\dhcpcsvc.DLL
0x00007ff852bf0000 - 0x00007ff852cba000 	C:\WINDOWS\SYSTEM32\DNSAPI.dll

dbghelp: loaded successfully - version: 4.0.5 - missing functions: none
symbol engine: initialized successfully - sym options: 0x614 - pdb path: .;C:\Program Files\Java\jdk-11.0.14\bin;C:\WINDOWS\SYSTEM32;C:\WINDOWS\WinSxS\amd64_microsoft.windows.common-controls_6595b64144ccf1df_6.0.19041.1110_none_60b5254171f9507e;C:\Program Files\Java\jdk-11.0.14\bin\server;C:\Users\zeeshan.noorullah\.gradle\native\68d5fa5c4cc2d200863cafc0d521ce42e7d3e7ee720ec0a83991735586a16f82\windows-amd64;C:\Users\zeeshan.noorullah\.gradle\native\e376f236ea51e6404a007f0833ffe2c6e607c4080706a723a18a27aeea778392\windows-amd64

VM Arguments:
jvm_args: -XX:MaxMetaspaceSize=512m --add-opens=java.base/java.util=ALL-UNNAMED --add-opens=java.base/java.lang=ALL-UNNAMED --add-opens=java.base/java.lang.invoke=ALL-UNNAMED --add-opens=java.prefs/java.util.prefs=ALL-UNNAMED --add-opens=java.base/java.nio.charset=ALL-UNNAMED --add-opens=java.base/java.net=ALL-UNNAMED --add-opens=java.base/java.util.concurrent.atomic=ALL-UNNAMED -Xmx2048m -Dfile.encoding=windows-1252 -Duser.country=US -Duser.language=en -Duser.variant 
java_command: org.gradle.launcher.daemon.bootstrap.GradleDaemon 8.0.1
java_class_path (initial): C:\Users\zeeshan.noorullah\.gradle\wrapper\dists\gradle-8.0.1-all\aro4hu1c3oeioove7l0i4i14o\gradle-8.0.1\lib\gradle-launcher-8.0.1.jar
Launcher Type: SUN_STANDARD

[Global flags]
     intx CICompilerCount                          = 3                                         {product} {ergonomic}
   size_t CompressedClassSpaceSize                 = 528482304                                 {product} {ergonomic}
     uint ConcGCThreads                            = 1                                         {product} {ergonomic}
     uint G1ConcRefinementThreads                  = 4                                         {product} {ergonomic}
   size_t G1HeapRegionSize                         = 1048576                                   {product} {ergonomic}
    uintx GCDrainStackTargetSize                   = 64                                        {product} {ergonomic}
   size_t InitialHeapSize                          = 201326592                                 {product} {ergonomic}
   size_t MarkStackSize                            = 4194304                                   {product} {ergonomic}
   size_t MaxHeapSize                              = 2147483648                                {product} {command line}
   size_t MaxMetaspaceSize                         = 536870912                                 {product} {command line}
   size_t MaxNewSize                               = 1287651328                                {product} {ergonomic}
   size_t MinHeapDeltaBytes                        = 1048576                                   {product} {ergonomic}
    uintx NonNMethodCodeHeapSize                   = 5830732                                {pd product} {ergonomic}
    uintx NonProfiledCodeHeapSize                  = 122913754                              {pd product} {ergonomic}
    uintx ProfiledCodeHeapSize                     = 122913754                              {pd product} {ergonomic}
    uintx ReservedCodeCacheSize                    = 251658240                              {pd product} {ergonomic}
     bool SegmentedCodeCache                       = true                                      {product} {ergonomic}
     bool UseCompressedClassPointers               = true                                 {lp64_product} {ergonomic}
     bool UseCompressedOops                        = true                                 {lp64_product} {ergonomic}
     bool UseG1GC                                  = true                                      {product} {ergonomic}
     bool UseLargePagesIndividualAllocation        = false                                  {pd product} {ergonomic}

Logging:
Log output configuration:
 #0: stdout all=warning uptime,level,tags
 #1: stderr all=off uptime,level,tags

Environment Variables:
JAVA_HOME=C:\Program Files\Java\jdk-11.0.14
CLASSPATH=G:\ZeeshanNoorullah\ReactNative\reactredux\android\\gradle\wrapper\gradle-wrapper.jar
PATH=C:\Users\ZEESHA~1.NOO\AppData\Local\Temp\yarn--1687954080203-0.5937224310444011;G:\ZeeshanNoorullah\ReactNative\reactredux\node_modules\.bin;C:\Users\zeeshan.noorullah\AppData\Local\Yarn\Data\link\node_modules\.bin;C:\Users\zeeshan.noorullah\AppData\Local\Yarn\bin;C:\Program Files\libexec\lib\node_modules\npm\bin\node-gyp-bin;C:\Program Files\lib\node_modules\npm\bin\node-gyp-bin;C:\Program Files\nodejs\node_modules\npm\bin\node-gyp-bin;C:\Program Files\Common Files\Oracle\Java\javapath;C:\WINDOWS\system32;C:\WINDOWS;C:\WINDOWS\System32\Wbem;C:\WINDOWS\System32\WindowsPowerShell\v1.0\;C:\WINDOWS\System32\OpenSSH\;C:\xampp\php;C:\composer;C:\ProgramData\chocolatey\bin;C:\Program Files\Git\cmd;C:\Program Files\nodejs\;C:\Users\zeeshan.noorullah\AppData\Local\Microsoft\WindowsApps;C:\Users\zeeshan.noorullah\AppData\Local\GitHubDesktop\bin;C:\Users\zeeshan.noorullah\AppData\Roaming\npm;C:\Users\zeeshan.noorullah\AppData\Local\Programs\Git\cmd;C:\Users\zeeshan.noorullah\AppData\Local\Android\Sdk\platform-tools;C:\Program Files (x86)\BrowserStackLocal\;C:\Users\zeeshan.noorullah\AppData\Local\Programs\Microsoft VS Code\bin
USERNAME=zeeshan.noorullah
OS=Windows_NT
PROCESSOR_IDENTIFIER=Intel64 Family 6 Model 60 Stepping 3, GenuineIntel



---------------  S Y S T E M  ---------------

OS: Windows 10 , 64 bit Build 19041 (10.0.19041.3031)

CPU:total 4 (initial active 4) (4 cores per cpu, 1 threads per core) family 6 model 60 stepping 3 microcode 0x27, cmov, cx8, fxsr, mmx, sse, sse2, sse3, ssse3, sse4.1, sse4.2, popcnt, avx, avx2, aes, clmul, erms, lzcnt, tsc, tscinvbit, bmi1, bmi2, fma

Memory: 4k page, system-wide physical 12196M (2836M free)
TotalPageFile size 14244M (AvailPageFile size 14M)
current process WorkingSet (physical memory assigned to process): 476M, peak: 487M
current process commit charge ("private bytes"): 530M, peak: 537M

vm_info: Java HotSpot(TM) 64-Bit Server VM (11.0.14+8-LTS-263) for windows-amd64 JRE (11.0.14+8-LTS-263), built on Dec  7 2021 21:53:57 by "mach5one" with MS VC++ 15.9 (VS2017)

END.
