#
# There is insufficient memory for the Java Runtime Environment to continue.
# Native memory allocation (malloc) failed to allocate 1424176 bytes for Chunk::new
# Possible reasons:
#   The system is out of physical RAM or swap space
#   The process is running with CompressedOops enabled, and the Java Heap may be blocking the growth of the native heap
# Possible solutions:
#   Reduce memory load on the system
#   Increase physical memory or swap space
#   Check if swap backing store is full
#   Decrease Java heap size (-Xmx/-Xms)
#   Decrease number of Java threads
#   Decrease Java thread stack sizes (-Xss)
#   Set larger code cache with -XX:ReservedCodeCacheSize=
#   JVM is running with Unscaled Compressed Oops mode in which the Java heap is
#     placed in the first 4GB address space. The Java Heap base address is the
#     maximum limit for the native heap growth. Please use -XX:HeapBaseMinAddress
#     to set the Java Heap base and to place the Java Heap above 4GB virtual address.
# This output file may be truncated or incomplete.
#
#  Out of Memory Error (./open/src/hotspot/share/memory/arena.cpp:197), pid=5012, tid=2300
#
# JRE version: Java(TM) SE Runtime Environment 18.9 (11.0.14+8) (build 11.0.14+8-LTS-263)
# Java VM: Java HotSpot(TM) 64-Bit Server VM 18.9 (11.0.14+8-LTS-263, mixed mode, tiered, compressed oops, g1 gc, windows-amd64)
# No core dump will be written. Minidumps are not enabled by default on client versions of Windows
#

---------------  S U M M A R Y ------------

Command Line: -XX:MaxMetaspaceSize=512m --add-opens=java.base/java.util=ALL-UNNAMED --add-opens=java.base/java.lang=ALL-UNNAMED --add-opens=java.base/java.lang.invoke=ALL-UNNAMED --add-opens=java.prefs/java.util.prefs=ALL-UNNAMED --add-opens=java.base/java.nio.charset=ALL-UNNAMED --add-opens=java.base/java.net=ALL-UNNAMED --add-opens=java.base/java.util.concurrent.atomic=ALL-UNNAMED -Xmx2048m -Dfile.encoding=windows-1252 -Duser.country=US -Duser.language=en -Duser.variant org.gradle.launcher.daemon.bootstrap.GradleDaemon 8.0.1

Host: Intel(R) Core(TM) i5-4590S CPU @ 3.00GHz, 4 cores, 11G,  Windows 10 , 64 bit Build 19041 (10.0.19041.3031)
Time: Wed Jun 28 19:14:44 2023 Pakistan Standard Time elapsed time: 39.011301 seconds (0d 0h 0m 39s)

---------------  T H R E A D  ---------------

Current thread (0x000002849498e800):  JavaThread "C2 CompilerThread1" daemon [_thread_in_native, id=2300, stack(0x000000e19a000000,0x000000e19a100000)]


Current CompileTask:
C2:  39011 13274  s    4       com.android.build.api.artifact.impl.TypedStorageProvider::getArtifact$gradle_core (80 bytes)

Stack: [0x000000e19a000000,0x000000e19a100000]
Native frames: (J=compiled Java code, j=interpreted, Vv=VM code, C=native code)
V  [jvm.dll+0x6296da]
V  [jvm.dll+0x76323f]
V  [jvm.dll+0x7648e9]
V  [jvm.dll+0x764f73]
V  [jvm.dll+0x23d7c8]
V  [jvm.dll+0xb297c]
V  [jvm.dll+0xb2f3c]
V  [jvm.dll+0x340e97]
V  [jvm.dll+0x30e803]
V  [jvm.dll+0x30db4a]
V  [jvm.dll+0x1f8365]
V  [jvm.dll+0x1f754d]
V  [jvm.dll+0x177b21]
V  [jvm.dll+0x206e26]
V  [jvm.dll+0x204fbb]
V  [jvm.dll+0x729170]
V  [jvm.dll+0x721d44]
V  [jvm.dll+0x6285d6]
C  [ucrtbase.dll+0x21bb2]
C  [KERNEL32.DLL+0x17614]
C  [ntdll.dll+0x526f1]


---------------  P R O C E S S  ---------------

Threads class SMR info:
_java_thread_list=0x000002849508aa70, length=88, elements={
0x00000284eec2e000, 0x00000284fd3c7800, 0x00000284fd3d0800, 0x00000284fd3e4000,
0x00000284fd3e5000, 0x00000284fd3e6000, 0x00000284fd3e9000, 0x00000284fd3ef000,
0x00000284fd3f8000, 0x00000284fdea0000, 0x000002848f786000, 0x000002848f5fc800,
0x00000284ff52f000, 0x000002848f67f000, 0x000002848f562800, 0x000002848f54a800,
0x000002848f54b000, 0x00000284ff851800, 0x00000284ff852000, 0x000002848f211000,
0x000002848f212000, 0x000002848f213800, 0x000002848f212800, 0x000002848f20e000,
0x000002848f214800, 0x000002848f20e800, 0x000002848f20f800, 0x000002848f210800,
0x0000028490165800, 0x0000028490167000, 0x0000028490168000, 0x0000028490169000,
0x0000028490163000, 0x000002849016a800, 0x0000028490164800, 0x000002849016d800,
0x000002849016c000, 0x000002849016e800, 0x000002849016f800, 0x000002849016d000,
0x0000028490170000, 0x0000028490171000, 0x000002849016b000, 0x0000028490171800,
0x00000284feb7a800, 0x00000284feb80000, 0x00000284feb81000, 0x00000284feb7b000,
0x00000284feb7f000, 0x00000284feb7c000, 0x00000284feb7c800, 0x00000284feb7d800,
0x00000284feb7e800, 0x000002848fe8a800, 0x000002848fe87000, 0x000002848fe85800,
0x000002848fe86000, 0x000002848fe88000, 0x000002848fe89800, 0x000002848fe88800,
0x000002848fe84800, 0x000002848fe91000, 0x000002848fe8d800, 0x000002848fe8e800,
0x000002848fe8b000, 0x000002848fe90000, 0x000002848fe8c000, 0x000002848fe92800,
0x000002848fe8c800, 0x000002848fe93000, 0x0000028492a4e000, 0x0000028492a54800,
0x0000028492a53000, 0x0000028492a51800, 0x0000028492a52000, 0x0000028492a50000,
0x0000028492a54000, 0x0000028492a4f000, 0x0000028492a55800, 0x0000028492a56800,
0x0000028492a50800, 0x0000028492a57000, 0x0000028492a58000, 0x0000028492a58800,
0x0000028492a59800, 0x0000028492a5a800, 0x000002849498e800, 0x0000028492a5c000
}

Java Threads: ( => current thread )
  0x00000284eec2e000 JavaThread "main" [_thread_blocked, id=10728, stack(0x000000e193d00000,0x000000e193e00000)]
  0x00000284fd3c7800 JavaThread "Reference Handler" daemon [_thread_blocked, id=1140, stack(0x000000e194400000,0x000000e194500000)]
  0x00000284fd3d0800 JavaThread "Finalizer" daemon [_thread_blocked, id=12012, stack(0x000000e194500000,0x000000e194600000)]
  0x00000284fd3e4000 JavaThread "Signal Dispatcher" daemon [_thread_blocked, id=12260, stack(0x000000e194700000,0x000000e194800000)]
  0x00000284fd3e5000 JavaThread "Attach Listener" daemon [_thread_blocked, id=11016, stack(0x000000e194800000,0x000000e194900000)]
  0x00000284fd3e6000 JavaThread "Service Thread" daemon [_thread_blocked, id=7432, stack(0x000000e194900000,0x000000e194a00000)]
  0x00000284fd3e9000 JavaThread "C2 CompilerThread0" daemon [_thread_in_native, id=15540, stack(0x000000e194a00000,0x000000e194b00000)]
  0x00000284fd3ef000 JavaThread "C1 CompilerThread0" daemon [_thread_blocked, id=6784, stack(0x000000e194b00000,0x000000e194c00000)]
  0x00000284fd3f8000 JavaThread "Sweeper thread" daemon [_thread_blocked, id=8684, stack(0x000000e194c00000,0x000000e194d00000)]
  0x00000284fdea0000 JavaThread "Common-Cleaner" daemon [_thread_blocked, id=1500, stack(0x000000e194d00000,0x000000e194e00000)]
  0x000002848f786000 JavaThread "Daemon health stats" [_thread_blocked, id=11812, stack(0x000000e195300000,0x000000e195400000)]
  0x000002848f5fc800 JavaThread "Incoming local TCP Connector on port 56676" [_thread_in_native, id=1564, stack(0x000000e195400000,0x000000e195500000)]
  0x00000284ff52f000 JavaThread "Daemon periodic checks" [_thread_blocked, id=6624, stack(0x000000e195500000,0x000000e195600000)]
  0x000002848f67f000 JavaThread "Daemon" [_thread_blocked, id=11380, stack(0x000000e195600000,0x000000e195700000)]
  0x000002848f562800 JavaThread "Handler for socket connection from /127.0.0.1:56676 to /127.0.0.1:56677" [_thread_in_native, id=11092, stack(0x000000e195700000,0x000000e195800000)]
  0x000002848f54a800 JavaThread "Cancel handler" [_thread_blocked, id=14716, stack(0x000000e195800000,0x000000e195900000)]
  0x000002848f54b000 JavaThread "Daemon worker" [_thread_blocked, id=4972, stack(0x000000e195900000,0x000000e195a00000)]
  0x00000284ff851800 JavaThread "Asynchronous log dispatcher for DefaultDaemonConnection: socket connection from /127.0.0.1:56676 to /127.0.0.1:56677" [_thread_blocked, id=4880, stack(0x000000e195a00000,0x000000e195b00000)]
  0x00000284ff852000 JavaThread "Stdin handler" [_thread_blocked, id=15076, stack(0x000000e195b00000,0x000000e195c00000)]
  0x000002848f211000 JavaThread "Daemon client event forwarder" [_thread_blocked, id=7156, stack(0x000000e195c00000,0x000000e195d00000)]
  0x000002848f212000 JavaThread "Cache worker for journal cache (C:\Users\zeeshan.noorullah\.gradle\caches\journal-1)" [_thread_blocked, id=5624, stack(0x000000e195d00000,0x000000e195e00000)]
  0x000002848f213800 JavaThread "File lock request listener" [_thread_in_native, id=16028, stack(0x000000e195e00000,0x000000e195f00000)]
  0x000002848f212800 JavaThread "Cache worker for file hash cache (C:\Users\zeeshan.noorullah\.gradle\caches\8.0.1\fileHashes)" [_thread_blocked, id=7184, stack(0x000000e195f00000,0x000000e196000000)]
  0x000002848f20e000 JavaThread "File watcher server" daemon [_thread_in_native, id=1136, stack(0x000000e196000000,0x000000e196100000)]
  0x000002848f214800 JavaThread "File watcher consumer" daemon [_thread_blocked, id=12124, stack(0x000000e196100000,0x000000e196200000)]
  0x000002848f20e800 JavaThread "Cache worker for checksums cache (G:\ZeeshanNoorullah\ReactNative\reactredux\android\.gradle\8.0.1\checksums)" [_thread_blocked, id=6664, stack(0x000000e196200000,0x000000e196300000)]
  0x000002848f20f800 JavaThread "Cache worker for cache directory md-rule (C:\Users\zeeshan.noorullah\.gradle\caches\8.0.1\md-rule)" [_thread_blocked, id=15904, stack(0x000000e196300000,0x000000e196400000)]
  0x000002848f210800 JavaThread "Cache worker for file content cache (C:\Users\zeeshan.noorullah\.gradle\caches\8.0.1\fileContent)" [_thread_blocked, id=604, stack(0x000000e196400000,0x000000e196500000)]
  0x0000028490165800 JavaThread "Cache worker for file hash cache (G:\ZeeshanNoorullah\ReactNative\reactredux\android\.gradle\8.0.1\fileHashes)" [_thread_blocked, id=11712, stack(0x000000e196500000,0x000000e196600000)]
  0x0000028490167000 JavaThread "Cache worker for cache directory md-supplier (C:\Users\zeeshan.noorullah\.gradle\caches\8.0.1\md-supplier)" [_thread_blocked, id=14156, stack(0x000000e196600000,0x000000e196700000)]
  0x0000028490168000 JavaThread "Cache worker for execution history cache (C:\Users\zeeshan.noorullah\.gradle\caches\8.0.1\executionHistory)" [_thread_blocked, id=3664, stack(0x000000e196700000,0x000000e196800000)]
  0x0000028490169000 JavaThread "jar transforms" [_thread_blocked, id=2836, stack(0x000000e196800000,0x000000e196900000)]
  0x0000028490163000 JavaThread "jar transforms Thread 2" [_thread_blocked, id=8644, stack(0x000000e196900000,0x000000e196a00000)]
  0x000002849016a800 JavaThread "jar transforms Thread 3" [_thread_blocked, id=14852, stack(0x000000e196a00000,0x000000e196b00000)]
  0x0000028490164800 JavaThread "jar transforms Thread 4" [_thread_blocked, id=10508, stack(0x000000e196b00000,0x000000e196c00000)]
  0x000002849016d800 JavaThread "File lock release action executor" [_thread_blocked, id=7288, stack(0x000000e196c00000,0x000000e196d00000)]
  0x000002849016c000 JavaThread "Cache worker for kotlin-dsl (C:\Users\zeeshan.noorullah\.gradle\caches\8.0.1\kotlin-dsl)" [_thread_blocked, id=4596, stack(0x000000e196d00000,0x000000e196e00000)]
  0x000002849016e800 JavaThread "Cache worker for dependencies-accessors (G:\ZeeshanNoorullah\ReactNative\reactredux\android\.gradle\8.0.1\dependencies-accessors)" [_thread_blocked, id=4400, stack(0x000000e194f00000,0x000000e195000000)]
  0x000002849016f800 JavaThread "Cache worker for Build Output Cleanup Cache (G:\ZeeshanNoorullah\ReactNative\reactredux\node_modules\@react-native\gradle-plugin\.gradle\buildOutputCleanup)" [_thread_blocked, id=5552, stack(0x000000e196e00000,0x000000e196f00000)]
  0x000002849016d000 JavaThread "Unconstrained build operations" [_thread_blocked, id=3936, stack(0x000000e196f00000,0x000000e197000000)]
  0x0000028490170000 JavaThread "Unconstrained build operations Thread 2" [_thread_blocked, id=15348, stack(0x000000e197000000,0x000000e197100000)]
  0x0000028490171000 JavaThread "Unconstrained build operations Thread 3" [_thread_blocked, id=544, stack(0x000000e197100000,0x000000e197200000)]
  0x000002849016b000 JavaThread "Unconstrained build operations Thread 4" [_thread_blocked, id=6916, stack(0x000000e197200000,0x000000e197300000)]
  0x0000028490171800 JavaThread "Unconstrained build operations Thread 5" [_thread_blocked, id=6840, stack(0x000000e197300000,0x000000e197400000)]
  0x00000284feb7a800 JavaThread "Unconstrained build operations Thread 6" [_thread_blocked, id=3988, stack(0x000000e197400000,0x000000e197500000)]
  0x00000284feb80000 JavaThread "Unconstrained build operations Thread 7" [_thread_blocked, id=4368, stack(0x000000e197500000,0x000000e197600000)]
  0x00000284feb81000 JavaThread "Unconstrained build operations Thread 8" [_thread_blocked, id=14028, stack(0x000000e197600000,0x000000e197700000)]
  0x00000284feb7b000 JavaThread "Unconstrained build operations Thread 9" [_thread_blocked, id=3748, stack(0x000000e197700000,0x000000e197800000)]
  0x00000284feb7f000 JavaThread "Unconstrained build operations Thread 10" [_thread_blocked, id=15792, stack(0x000000e197800000,0x000000e197900000)]
  0x00000284feb7c000 JavaThread "Unconstrained build operations Thread 11" [_thread_blocked, id=8368, stack(0x000000e197900000,0x000000e197a00000)]
  0x00000284feb7c800 JavaThread "Unconstrained build operations Thread 12" [_thread_blocked, id=8068, stack(0x000000e197a00000,0x000000e197b00000)]
  0x00000284feb7d800 JavaThread "Unconstrained build operations Thread 13" [_thread_blocked, id=9316, stack(0x000000e197b00000,0x000000e197c00000)]
  0x00000284feb7e800 JavaThread "Unconstrained build operations Thread 14" [_thread_blocked, id=11448, stack(0x000000e197c00000,0x000000e197d00000)]
  0x000002848fe8a800 JavaThread "Unconstrained build operations Thread 15" [_thread_blocked, id=14376, stack(0x000000e197d00000,0x000000e197e00000)]
  0x000002848fe87000 JavaThread "Unconstrained build operations Thread 16" [_thread_blocked, id=1156, stack(0x000000e197e00000,0x000000e197f00000)]
  0x000002848fe85800 JavaThread "Unconstrained build operations Thread 17" [_thread_blocked, id=9768, stack(0x000000e197f00000,0x000000e198000000)]
  0x000002848fe86000 JavaThread "Unconstrained build operations Thread 18" [_thread_blocked, id=1328, stack(0x000000e198000000,0x000000e198100000)]
  0x000002848fe88000 JavaThread "Unconstrained build operations Thread 19" [_thread_blocked, id=5648, stack(0x000000e198100000,0x000000e198200000)]
  0x000002848fe89800 JavaThread "Unconstrained build operations Thread 20" [_thread_blocked, id=8000, stack(0x000000e198200000,0x000000e198300000)]
  0x000002848fe88800 JavaThread "Unconstrained build operations Thread 21" [_thread_blocked, id=11056, stack(0x000000e198300000,0x000000e198400000)]
  0x000002848fe84800 JavaThread "Unconstrained build operations Thread 22" [_thread_blocked, id=16056, stack(0x000000e198400000,0x000000e198500000)]
  0x000002848fe91000 JavaThread "Unconstrained build operations Thread 23" [_thread_blocked, id=11064, stack(0x000000e198500000,0x000000e198600000)]
  0x000002848fe8d800 JavaThread "Unconstrained build operations Thread 24" [_thread_blocked, id=15960, stack(0x000000e198600000,0x000000e198700000)]
  0x000002848fe8e800 JavaThread "Unconstrained build operations Thread 25" [_thread_blocked, id=10548, stack(0x000000e198700000,0x000000e198800000)]
  0x000002848fe8b000 JavaThread "Unconstrained build operations Thread 26" [_thread_blocked, id=2720, stack(0x000000e198800000,0x000000e198900000)]
  0x000002848fe90000 JavaThread "Memory manager" [_thread_blocked, id=5236, stack(0x000000e198a00000,0x000000e198b00000)]
  0x000002848fe8c000 JavaThread "Cache worker for Build Output Cleanup Cache (G:\ZeeshanNoorullah\ReactNative\reactredux\android\.gradle\buildOutputCleanup)" [_thread_blocked, id=10132, stack(0x000000e198b00000,0x000000e198c00000)]
  0x000002848fe92800 JavaThread "included builds" [_thread_blocked, id=15732, stack(0x000000e198c00000,0x000000e198d00000)]
  0x000002848fe8c800 JavaThread "Execution worker" [_thread_in_Java, id=10684, stack(0x000000e198d00000,0x000000e198e00000)]
  0x000002848fe93000 JavaThread "Execution worker Thread 2" [_thread_blocked, id=15392, stack(0x000000e198e00000,0x000000e198f00000)]
  0x0000028492a4e000 JavaThread "Execution worker Thread 3" [_thread_blocked, id=13000, stack(0x000000e198f00000,0x000000e199000000)]
  0x0000028492a54800 JavaThread "Cache worker for execution history cache (G:\ZeeshanNoorullah\ReactNative\reactredux\node_modules\@react-native\gradle-plugin\.gradle\8.0.1\executionHistory)" [_thread_blocked, id=12144, stack(0x000000e199000000,0x000000e199100000)]
  0x0000028492a53000 JavaThread "Unconstrained build operations Thread 27" [_thread_blocked, id=2776, stack(0x000000e199100000,0x000000e199200000)]
  0x0000028492a51800 JavaThread "Unconstrained build operations Thread 28" [_thread_blocked, id=14352, stack(0x000000e199200000,0x000000e199300000)]
  0x0000028492a52000 JavaThread "Unconstrained build operations Thread 29" [_thread_blocked, id=12784, stack(0x000000e199300000,0x000000e199400000)]
  0x0000028492a50000 JavaThread "Unconstrained build operations Thread 30" [_thread_blocked, id=2884, stack(0x000000e199400000,0x000000e199500000)]
  0x0000028492a54000 JavaThread "Unconstrained build operations Thread 31" [_thread_blocked, id=8060, stack(0x000000e199500000,0x000000e199600000)]
  0x0000028492a4f000 JavaThread "Unconstrained build operations Thread 32" [_thread_blocked, id=14428, stack(0x000000e199600000,0x000000e199700000)]
  0x0000028492a55800 JavaThread "Unconstrained build operations Thread 33" [_thread_blocked, id=9368, stack(0x000000e199700000,0x000000e199800000)]
  0x0000028492a56800 JavaThread "Unconstrained build operations Thread 34" [_thread_blocked, id=16232, stack(0x000000e199800000,0x000000e199900000)]
  0x0000028492a50800 JavaThread "Unconstrained build operations Thread 35" [_thread_blocked, id=1188, stack(0x000000e199900000,0x000000e199a00000)]
  0x0000028492a57000 JavaThread "Unconstrained build operations Thread 36" [_thread_blocked, id=13180, stack(0x000000e199a00000,0x000000e199b00000)]
  0x0000028492a58000 JavaThread "Unconstrained build operations Thread 37" [_thread_blocked, id=10852, stack(0x000000e199b00000,0x000000e199c00000)]
  0x0000028492a58800 JavaThread "Unconstrained build operations Thread 38" [_thread_blocked, id=9892, stack(0x000000e199c00000,0x000000e199d00000)]
  0x0000028492a59800 JavaThread "Unconstrained build operations Thread 39" [_thread_blocked, id=9128, stack(0x000000e199d00000,0x000000e199e00000)]
  0x0000028492a5a800 JavaThread "Unconstrained build operations Thread 40" [_thread_blocked, id=11156, stack(0x000000e199e00000,0x000000e199f00000)]
=>0x000002849498e800 JavaThread "C2 CompilerThread1" daemon [_thread_in_native, id=2300, stack(0x000000e19a000000,0x000000e19a100000)]
  0x0000028492a5c000 JavaThread "Cache worker for execution history cache (G:\ZeeshanNoorullah\ReactNative\reactredux\android\.gradle\8.0.1\executionHistory)" [_thread_blocked, id=8868, stack(0x000000e19a100000,0x000000e19a200000)]

Other Threads:
  0x00000284fd3c2000 VMThread "VM Thread" [stack: 0x000000e194300000,0x000000e194400000] [id=15720]
  0x00000284fdee7800 WatcherThread [stack: 0x000000e194e00000,0x000000e194f00000] [id=948]
  0x00000284eec44000 GCTaskThread "GC Thread#0" [stack: 0x000000e193e00000,0x000000e193f00000] [id=15268]
  0x00000284fe3c2800 GCTaskThread "GC Thread#1" [stack: 0x000000e195000000,0x000000e195100000] [id=6520]
  0x00000284fe8bb800 GCTaskThread "GC Thread#2" [stack: 0x000000e195100000,0x000000e195200000] [id=15520]
  0x00000284fe21b000 GCTaskThread "GC Thread#3" [stack: 0x000000e195200000,0x000000e195300000] [id=15512]
  0x00000284eec76000 ConcurrentGCThread "G1 Main Marker" [stack: 0x000000e193f00000,0x000000e194000000] [id=14712]
  0x00000284eec77000 ConcurrentGCThread "G1 Conc#0" [stack: 0x000000e194000000,0x000000e194100000] [id=3512]
  0x00000284eed0d800 ConcurrentGCThread "G1 Refine#0" [stack: 0x000000e194100000,0x000000e194200000] [id=12700]
  0x00000284fd231800 ConcurrentGCThread "G1 Young RemSet Sampling" [stack: 0x000000e194200000,0x000000e194300000] [id=10588]

Threads with active compile tasks:
C2 CompilerThread0  39044 13339       4       org.gradle.util.Path::createFullPath (68 bytes)
C1 CompilerThread0  39044 13349       3       com.android.build.gradle.internal.tasks.BundleLibraryClassesJar_Decorated::$gradleFactory (13 bytes)
C2 CompilerThread1  39044 13274  s    4       com.android.build.api.artifact.impl.TypedStorageProvider::getArtifact$gradle_core (80 bytes)

VM state:not at safepoint (normal execution)

VM Mutex/Monitor currently owned by a thread: None

Heap address: 0x0000000080000000, size: 2048 MB, Compressed Oops mode: 32-bit
Narrow klass base: 0x0000000000000000, Narrow klass shift: 3
Compressed class space size: 528482304 Address: 0x0000000100000000

Heap:
 garbage-first heap   total 236544K, used 182628K [0x0000000080000000, 0x0000000100000000)
  region size 1024K, 17 young (17408K), 4 survivors (4096K)
 Metaspace       used 108308K, capacity 112365K, committed 112548K, reserved 614400K
  class space    used 14459K, capacity 16086K, committed 16168K, reserved 516096K
Heap Regions: E=young(eden), S=young(survivor), O=old, HS=humongous(starts), HC=humongous(continues), CS=collection set, F=free, A=archive, TAMS=top-at-mark-start (previous, next)
|   0|0x0000000080000000, 0x0000000080100000, 0x0000000080100000|100%| O|  |TAMS 0x0000000080100000, 0x0000000080000000| Untracked 
|   1|0x0000000080100000, 0x0000000080200000, 0x0000000080200000|100%| O|  |TAMS 0x0000000080200000, 0x0000000080100000| Untracked 
|   2|0x0000000080200000, 0x0000000080300000, 0x0000000080300000|100%|HS|  |TAMS 0x0000000080300000, 0x0000000080200000| Complete 
|   3|0x0000000080300000, 0x0000000080400000, 0x0000000080400000|100%|HC|  |TAMS 0x0000000080400000, 0x0000000080300000| Complete 
|   4|0x0000000080400000, 0x0000000080500000, 0x0000000080500000|100%|HC|  |TAMS 0x0000000080500000, 0x0000000080400000| Complete 
|   5|0x0000000080500000, 0x0000000080600000, 0x0000000080600000|100%|HC|  |TAMS 0x0000000080600000, 0x0000000080500000| Complete 
|   6|0x0000000080600000, 0x0000000080700000, 0x0000000080700000|100%| O|  |TAMS 0x0000000080700000, 0x0000000080600000| Untracked 
|   7|0x0000000080700000, 0x0000000080800000, 0x0000000080800000|100%| O|  |TAMS 0x0000000080800000, 0x0000000080700000| Untracked 
|   8|0x0000000080800000, 0x0000000080900000, 0x0000000080900000|100%| O|  |TAMS 0x0000000080900000, 0x0000000080800000| Untracked 
|   9|0x0000000080900000, 0x0000000080a00000, 0x0000000080a00000|100%| O|  |TAMS 0x0000000080a00000, 0x0000000080900000| Untracked 
|  10|0x0000000080a00000, 0x0000000080b00000, 0x0000000080b00000|100%| O|  |TAMS 0x0000000080b00000, 0x0000000080a00000| Untracked 
|  11|0x0000000080b00000, 0x0000000080c00000, 0x0000000080c00000|100%| O|  |TAMS 0x0000000080c00000, 0x0000000080b00000| Untracked 
|  12|0x0000000080c00000, 0x0000000080d00000, 0x0000000080d00000|100%| O|  |TAMS 0x0000000080d00000, 0x0000000080c00000| Untracked 
|  13|0x0000000080d00000, 0x0000000080e00000, 0x0000000080e00000|100%| O|  |TAMS 0x0000000080e00000, 0x0000000080d00000| Untracked 
|  14|0x0000000080e00000, 0x0000000080f00000, 0x0000000080f00000|100%| O|  |TAMS 0x0000000080f00000, 0x0000000080e00000| Untracked 
|  15|0x0000000080f00000, 0x0000000081000000, 0x0000000081000000|100%| O|  |TAMS 0x0000000081000000, 0x0000000080f00000| Untracked 
|  16|0x0000000081000000, 0x0000000081100000, 0x0000000081100000|100%| O|  |TAMS 0x0000000081100000, 0x0000000081000000| Untracked 
|  17|0x0000000081100000, 0x0000000081200000, 0x0000000081200000|100%| O|  |TAMS 0x0000000081200000, 0x0000000081100000| Untracked 
|  18|0x0000000081200000, 0x0000000081300000, 0x0000000081300000|100%| O|  |TAMS 0x0000000081300000, 0x0000000081200000| Untracked 
|  19|0x0000000081300000, 0x0000000081400000, 0x0000000081400000|100%| O|  |TAMS 0x0000000081400000, 0x0000000081300000| Untracked 
|  20|0x0000000081400000, 0x0000000081500000, 0x0000000081500000|100%| O|  |TAMS 0x0000000081500000, 0x0000000081400000| Untracked 
|  21|0x0000000081500000, 0x0000000081600000, 0x0000000081600000|100%| O|  |TAMS 0x0000000081600000, 0x0000000081500000| Untracked 
|  22|0x0000000081600000, 0x0000000081700000, 0x0000000081700000|100%| O|  |TAMS 0x0000000081700000, 0x0000000081600000| Untracked 
|  23|0x0000000081700000, 0x0000000081800000, 0x0000000081800000|100%| O|  |TAMS 0x0000000081800000, 0x0000000081700000| Untracked 
|  24|0x0000000081800000, 0x0000000081900000, 0x0000000081900000|100%| O|  |TAMS 0x0000000081900000, 0x0000000081800000| Untracked 
|  25|0x0000000081900000, 0x0000000081a00000, 0x0000000081a00000|100%| O|  |TAMS 0x0000000081a00000, 0x0000000081900000| Untracked 
|  26|0x0000000081a00000, 0x0000000081b00000, 0x0000000081b00000|100%| O|  |TAMS 0x0000000081b00000, 0x0000000081a00000| Untracked 
|  27|0x0000000081b00000, 0x0000000081c00000, 0x0000000081c00000|100%| O|  |TAMS 0x0000000081c00000, 0x0000000081b00000| Untracked 
|  28|0x0000000081c00000, 0x0000000081d00000, 0x0000000081d00000|100%| O|  |TAMS 0x0000000081d00000, 0x0000000081c00000| Untracked 
|  29|0x0000000081d00000, 0x0000000081e00000, 0x0000000081e00000|100%| O|  |TAMS 0x0000000081e00000, 0x0000000081d00000| Untracked 
|  30|0x0000000081e00000, 0x0000000081f00000, 0x0000000081f00000|100%|HS|  |TAMS 0x0000000081f00000, 0x0000000081e00000| Complete 
|  31|0x0000000081f00000, 0x0000000082000000, 0x0000000082000000|100%|HC|  |TAMS 0x0000000082000000, 0x0000000081f00000| Complete 
|  32|0x0000000082000000, 0x0000000082100000, 0x0000000082100000|100%|HS|  |TAMS 0x0000000082100000, 0x0000000082000000| Complete 
|  33|0x0000000082100000, 0x0000000082200000, 0x0000000082200000|100%|HC|  |TAMS 0x0000000082200000, 0x0000000082100000| Complete 
|  34|0x0000000082200000, 0x0000000082300000, 0x0000000082300000|100%|HC|  |TAMS 0x0000000082300000, 0x0000000082200000| Complete 
|  35|0x0000000082300000, 0x0000000082400000, 0x0000000082400000|100%|HC|  |TAMS 0x0000000082400000, 0x0000000082300000| Complete 
|  36|0x0000000082400000, 0x0000000082500000, 0x0000000082500000|100%| O|  |TAMS 0x0000000082500000, 0x0000000082400000| Untracked 
|  37|0x0000000082500000, 0x0000000082600000, 0x0000000082600000|100%| O|  |TAMS 0x0000000082600000, 0x0000000082500000| Untracked 
|  38|0x0000000082600000, 0x0000000082700000, 0x0000000082700000|100%| O|  |TAMS 0x0000000082700000, 0x0000000082600000| Untracked 
|  39|0x0000000082700000, 0x0000000082800000, 0x0000000082800000|100%| O|  |TAMS 0x0000000082800000, 0x0000000082700000| Untracked 
|  40|0x0000000082800000, 0x0000000082900000, 0x0000000082900000|100%| O|  |TAMS 0x0000000082900000, 0x0000000082800000| Untracked 
|  41|0x0000000082900000, 0x0000000082a00000, 0x0000000082a00000|100%| O|  |TAMS 0x0000000082a00000, 0x0000000082900000| Untracked 
|  42|0x0000000082a00000, 0x0000000082b00000, 0x0000000082b00000|100%| O|  |TAMS 0x0000000082b00000, 0x0000000082a00000| Untracked 
|  43|0x0000000082b00000, 0x0000000082c00000, 0x0000000082c00000|100%|HS|  |TAMS 0x0000000082c00000, 0x0000000082b00000| Complete 
|  44|0x0000000082c00000, 0x0000000082d00000, 0x0000000082d00000|100%|HS|  |TAMS 0x0000000082d00000, 0x0000000082c00000| Complete 
|  45|0x0000000082d00000, 0x0000000082e00000, 0x0000000082e00000|100%| O|  |TAMS 0x0000000082e00000, 0x0000000082d00000| Untracked 
|  46|0x0000000082e00000, 0x0000000082f00000, 0x0000000082f00000|100%| O|  |TAMS 0x0000000082f00000, 0x0000000082e00000| Untracked 
|  47|0x0000000082f00000, 0x0000000083000000, 0x0000000083000000|100%| O|  |TAMS 0x0000000083000000, 0x0000000082f00000| Untracked 
|  48|0x0000000083000000, 0x0000000083100000, 0x0000000083100000|100%| O|  |TAMS 0x0000000083100000, 0x0000000083000000| Untracked 
|  49|0x0000000083100000, 0x0000000083200000, 0x0000000083200000|100%| O|  |TAMS 0x0000000083200000, 0x0000000083100000| Untracked 
|  50|0x0000000083200000, 0x0000000083300000, 0x0000000083300000|100%| O|  |TAMS 0x0000000083300000, 0x0000000083200000| Untracked 
|  51|0x0000000083300000, 0x0000000083400000, 0x0000000083400000|100%| O|  |TAMS 0x0000000083400000, 0x0000000083300000| Untracked 
|  52|0x0000000083400000, 0x0000000083500000, 0x0000000083500000|100%| O|  |TAMS 0x0000000083500000, 0x0000000083400000| Untracked 
|  53|0x0000000083500000, 0x0000000083600000, 0x0000000083600000|100%| O|  |TAMS 0x0000000083600000, 0x0000000083500000| Untracked 
|  54|0x0000000083600000, 0x0000000083700000, 0x0000000083700000|100%| O|  |TAMS 0x0000000083700000, 0x0000000083600000| Untracked 
|  55|0x0000000083700000, 0x0000000083800000, 0x0000000083800000|100%| O|  |TAMS 0x0000000083800000, 0x0000000083700000| Untracked 
|  56|0x0000000083800000, 0x0000000083900000, 0x0000000083900000|100%| O|  |TAMS 0x0000000083900000, 0x0000000083800000| Untracked 
|  57|0x0000000083900000, 0x0000000083a00000, 0x0000000083a00000|100%| O|  |TAMS 0x0000000083a00000, 0x0000000083900000| Untracked 
|  58|0x0000000083a00000, 0x0000000083b00000, 0x0000000083b00000|100%| O|  |TAMS 0x0000000083b00000, 0x0000000083a00000| Untracked 
|  59|0x0000000083b00000, 0x0000000083c00000, 0x0000000083c00000|100%| O|  |TAMS 0x0000000083c00000, 0x0000000083b00000| Untracked 
|  60|0x0000000083c00000, 0x0000000083d00000, 0x0000000083d00000|100%| O|  |TAMS 0x0000000083d00000, 0x0000000083c00000| Untracked 
|  61|0x0000000083d00000, 0x0000000083e00000, 0x0000000083e00000|100%| O|  |TAMS 0x0000000083e00000, 0x0000000083d00000| Untracked 
|  62|0x0000000083e00000, 0x0000000083f00000, 0x0000000083f00000|100%| O|  |TAMS 0x0000000083f00000, 0x0000000083e00000| Untracked 
|  63|0x0000000083f00000, 0x0000000084000000, 0x0000000084000000|100%| O|  |TAMS 0x0000000084000000, 0x0000000083f00000| Untracked 
|  64|0x0000000084000000, 0x0000000084100000, 0x0000000084100000|100%| O|  |TAMS 0x0000000084100000, 0x0000000084000000| Untracked 
|  65|0x0000000084100000, 0x0000000084200000, 0x0000000084200000|100%| O|  |TAMS 0x0000000084200000, 0x0000000084100000| Untracked 
|  66|0x0000000084200000, 0x0000000084300000, 0x0000000084300000|100%| O|  |TAMS 0x0000000084300000, 0x0000000084200000| Untracked 
|  67|0x0000000084300000, 0x0000000084400000, 0x0000000084400000|100%| O|  |TAMS 0x0000000084400000, 0x0000000084300000| Untracked 
|  68|0x0000000084400000, 0x0000000084500000, 0x0000000084500000|100%| O|  |TAMS 0x0000000084500000, 0x0000000084400000| Untracked 
|  69|0x0000000084500000, 0x0000000084600000, 0x0000000084600000|100%| O|  |TAMS 0x0000000084600000, 0x0000000084500000| Untracked 
|  70|0x0000000084600000, 0x0000000084700000, 0x0000000084700000|100%|HS|  |TAMS 0x0000000084700000, 0x0000000084600000| Complete 
|  71|0x0000000084700000, 0x0000000084800000, 0x0000000084800000|100%|HC|  |TAMS 0x0000000084800000, 0x0000000084700000| Complete 
|  72|0x0000000084800000, 0x0000000084900000, 0x0000000084900000|100%|HS|  |TAMS 0x0000000084900000, 0x0000000084800000| Complete 
|  73|0x0000000084900000, 0x0000000084a00000, 0x0000000084a00000|100%|HC|  |TAMS 0x0000000084a00000, 0x0000000084900000| Complete 
|  74|0x0000000084a00000, 0x0000000084b00000, 0x0000000084b00000|100%|HC|  |TAMS 0x0000000084b00000, 0x0000000084a00000| Complete 
|  75|0x0000000084b00000, 0x0000000084c00000, 0x0000000084c00000|100%|HC|  |TAMS 0x0000000084c00000, 0x0000000084b00000| Complete 
|  76|0x0000000084c00000, 0x0000000084d00000, 0x0000000084d00000|100%| O|  |TAMS 0x0000000084d00000, 0x0000000084c00000| Untracked 
|  77|0x0000000084d00000, 0x0000000084e00000, 0x0000000084e00000|100%| O|  |TAMS 0x0000000084e00000, 0x0000000084d00000| Untracked 
|  78|0x0000000084e00000, 0x0000000084f00000, 0x0000000084f00000|100%| O|  |TAMS 0x0000000084f00000, 0x0000000084e00000| Untracked 
|  79|0x0000000084f00000, 0x0000000085000000, 0x0000000085000000|100%| O|  |TAMS 0x0000000085000000, 0x0000000084f00000| Untracked 
|  80|0x0000000085000000, 0x0000000085100000, 0x0000000085100000|100%| O|  |TAMS 0x0000000085100000, 0x0000000085000000| Untracked 
|  81|0x0000000085100000, 0x0000000085200000, 0x0000000085200000|100%| O|  |TAMS 0x0000000085200000, 0x0000000085100000| Untracked 
|  82|0x0000000085200000, 0x0000000085300000, 0x0000000085300000|100%|HS|  |TAMS 0x0000000085300000, 0x0000000085200000| Complete 
|  83|0x0000000085300000, 0x0000000085400000, 0x0000000085400000|100%|HS|  |TAMS 0x0000000085400000, 0x0000000085300000| Complete 
|  84|0x0000000085400000, 0x0000000085500000, 0x0000000085500000|100%|HS|  |TAMS 0x0000000085500000, 0x0000000085400000| Complete 
|  85|0x0000000085500000, 0x0000000085600000, 0x0000000085600000|100%| O|  |TAMS 0x0000000085600000, 0x0000000085500000| Untracked 
|  86|0x0000000085600000, 0x0000000085700000, 0x0000000085700000|100%| O|  |TAMS 0x0000000085700000, 0x0000000085600000| Untracked 
|  87|0x0000000085700000, 0x0000000085800000, 0x0000000085800000|100%| O|  |TAMS 0x0000000085800000, 0x0000000085700000| Untracked 
|  88|0x0000000085800000, 0x0000000085900000, 0x0000000085900000|100%| O|  |TAMS 0x0000000085900000, 0x0000000085800000| Untracked 
|  89|0x0000000085900000, 0x0000000085a00000, 0x0000000085a00000|100%| O|  |TAMS 0x0000000085a00000, 0x0000000085900000| Untracked 
|  90|0x0000000085a00000, 0x0000000085b00000, 0x0000000085b00000|100%| O|  |TAMS 0x0000000085b00000, 0x0000000085a00000| Untracked 
|  91|0x0000000085b00000, 0x0000000085c00000, 0x0000000085c00000|100%| O|  |TAMS 0x0000000085c00000, 0x0000000085b00000| Untracked 
|  92|0x0000000085c00000, 0x0000000085d00000, 0x0000000085d00000|100%| O|  |TAMS 0x0000000085d00000, 0x0000000085c00000| Untracked 
|  93|0x0000000085d00000, 0x0000000085e00000, 0x0000000085e00000|100%| O|  |TAMS 0x0000000085e00000, 0x0000000085d00000| Untracked 
|  94|0x0000000085e00000, 0x0000000085f00000, 0x0000000085f00000|100%|HS|  |TAMS 0x0000000085f00000, 0x0000000085e00000| Complete 
|  95|0x0000000085f00000, 0x0000000086000000, 0x0000000086000000|100%|HC|  |TAMS 0x0000000086000000, 0x0000000085f00000| Complete 
|  96|0x0000000086000000, 0x0000000086100000, 0x0000000086100000|100%|HC|  |TAMS 0x0000000086100000, 0x0000000086000000| Complete 
|  97|0x0000000086100000, 0x0000000086200000, 0x0000000086200000|100%| O|  |TAMS 0x0000000086200000, 0x0000000086100000| Untracked 
|  98|0x0000000086200000, 0x0000000086300000, 0x0000000086300000|100%| O|  |TAMS 0x0000000086300000, 0x0000000086200000| Untracked 
|  99|0x0000000086300000, 0x0000000086400000, 0x0000000086400000|100%| O|  |TAMS 0x0000000086400000, 0x0000000086300000| Untracked 
| 100|0x0000000086400000, 0x0000000086500000, 0x0000000086500000|100%| O|  |TAMS 0x0000000086500000, 0x0000000086400000| Untracked 
| 101|0x0000000086500000, 0x0000000086600000, 0x0000000086600000|100%| O|  |TAMS 0x0000000086600000, 0x0000000086500000| Untracked 
| 102|0x0000000086600000, 0x0000000086700000, 0x0000000086700000|100%| O|  |TAMS 0x0000000086700000, 0x0000000086600000| Untracked 
| 103|0x0000000086700000, 0x0000000086800000, 0x0000000086800000|100%|HS|  |TAMS 0x0000000086800000, 0x0000000086700000| Complete 
| 104|0x0000000086800000, 0x0000000086900000, 0x0000000086900000|100%|HC|  |TAMS 0x0000000086900000, 0x0000000086800000| Complete 
| 105|0x0000000086900000, 0x0000000086a00000, 0x0000000086a00000|100%| O|  |TAMS 0x0000000086a00000, 0x0000000086900000| Untracked 
| 106|0x0000000086a00000, 0x0000000086b00000, 0x0000000086b00000|100%| O|  |TAMS 0x0000000086b00000, 0x0000000086a00000| Untracked 
| 107|0x0000000086b00000, 0x0000000086c00000, 0x0000000086c00000|100%| O|  |TAMS 0x0000000086c00000, 0x0000000086b00000| Untracked 
| 108|0x0000000086c00000, 0x0000000086d00000, 0x0000000086d00000|100%| O|  |TAMS 0x0000000086d00000, 0x0000000086c00000| Untracked 
| 109|0x0000000086d00000, 0x0000000086e00000, 0x0000000086e00000|100%| O|  |TAMS 0x0000000086e00000, 0x0000000086d00000| Untracked 
| 110|0x0000000086e00000, 0x0000000086f00000, 0x0000000086f00000|100%| O|  |TAMS 0x0000000086f00000, 0x0000000086e00000| Untracked 
| 111|0x0000000086f00000, 0x0000000087000000, 0x0000000087000000|100%| O|  |TAMS 0x0000000087000000, 0x0000000086f00000| Untracked 
| 112|0x0000000087000000, 0x0000000087100000, 0x0000000087100000|100%| O|  |TAMS 0x0000000087100000, 0x0000000087000000| Untracked 
| 113|0x0000000087100000, 0x0000000087200000, 0x0000000087200000|100%| O|  |TAMS 0x0000000087200000, 0x0000000087100000| Untracked 
| 114|0x0000000087200000, 0x0000000087300000, 0x0000000087300000|100%|HS|  |TAMS 0x0000000087300000, 0x0000000087200000| Complete 
| 115|0x0000000087300000, 0x0000000087400000, 0x0000000087400000|100%|HS|  |TAMS 0x0000000087400000, 0x0000000087300000| Complete 
| 116|0x0000000087400000, 0x0000000087500000, 0x0000000087500000|100%|HS|  |TAMS 0x0000000087500000, 0x0000000087400000| Complete 
| 117|0x0000000087500000, 0x0000000087600000, 0x0000000087600000|100%| O|  |TAMS 0x0000000087600000, 0x0000000087500000| Untracked 
| 118|0x0000000087600000, 0x0000000087700000, 0x0000000087700000|100%| O|  |TAMS 0x0000000087700000, 0x0000000087600000| Untracked 
| 119|0x0000000087700000, 0x0000000087800000, 0x0000000087800000|100%| O|  |TAMS 0x0000000087800000, 0x0000000087700000| Untracked 
| 120|0x0000000087800000, 0x0000000087900000, 0x0000000087900000|100%| O|  |TAMS 0x0000000087900000, 0x0000000087800000| Untracked 
| 121|0x0000000087900000, 0x0000000087a00000, 0x0000000087a00000|100%|HS|  |TAMS 0x0000000087a00000, 0x0000000087900000| Complete 
| 122|0x0000000087a00000, 0x0000000087b00000, 0x0000000087b00000|100%|HC|  |TAMS 0x0000000087b00000, 0x0000000087a00000| Complete 
| 123|0x0000000087b00000, 0x0000000087c00000, 0x0000000087c00000|100%|HC|  |TAMS 0x0000000087c00000, 0x0000000087b00000| Complete 
| 124|0x0000000087c00000, 0x0000000087d00000, 0x0000000087d00000|100%| O|  |TAMS 0x0000000087d00000, 0x0000000087c00000| Untracked 
| 125|0x0000000087d00000, 0x0000000087e00000, 0x0000000087e00000|100%| O|  |TAMS 0x0000000087e00000, 0x0000000087d00000| Untracked 
| 126|0x0000000087e00000, 0x0000000087f00000, 0x0000000087f00000|100%| O|  |TAMS 0x0000000087f00000, 0x0000000087e00000| Untracked 
| 127|0x0000000087f00000, 0x0000000088000000, 0x0000000088000000|100%| O|  |TAMS 0x0000000088000000, 0x0000000087f00000| Untracked 
| 128|0x0000000088000000, 0x0000000088100000, 0x0000000088100000|100%| O|  |TAMS 0x0000000088100000, 0x0000000088000000| Untracked 
| 129|0x0000000088100000, 0x0000000088200000, 0x0000000088200000|100%| O|  |TAMS 0x0000000088200000, 0x0000000088100000| Untracked 
| 130|0x0000000088200000, 0x0000000088300000, 0x0000000088300000|100%| O|  |TAMS 0x0000000088300000, 0x0000000088200000| Untracked 
| 131|0x0000000088300000, 0x0000000088400000, 0x0000000088400000|100%| O|  |TAMS 0x0000000088400000, 0x0000000088300000| Untracked 
| 132|0x0000000088400000, 0x0000000088500000, 0x0000000088500000|100%|HS|  |TAMS 0x0000000088500000, 0x0000000088400000| Complete 
| 133|0x0000000088500000, 0x0000000088600000, 0x0000000088600000|100%| O|  |TAMS 0x0000000088600000, 0x0000000088500000| Untracked 
| 134|0x0000000088600000, 0x0000000088700000, 0x0000000088700000|100%| O|  |TAMS 0x0000000088700000, 0x0000000088600000| Untracked 
| 135|0x0000000088700000, 0x0000000088800000, 0x0000000088800000|100%| O|  |TAMS 0x0000000088800000, 0x0000000088700000| Untracked 
| 136|0x0000000088800000, 0x0000000088900000, 0x0000000088900000|100%| O|  |TAMS 0x0000000088900000, 0x0000000088800000| Untracked 
| 137|0x0000000088900000, 0x0000000088a00000, 0x0000000088a00000|100%| O|  |TAMS 0x0000000088a00000, 0x0000000088900000| Untracked 
| 138|0x0000000088a00000, 0x0000000088b00000, 0x0000000088b00000|100%| O|  |TAMS 0x0000000088b00000, 0x0000000088a00000| Untracked 
| 139|0x0000000088b00000, 0x0000000088c00000, 0x0000000088c00000|100%| O|  |TAMS 0x0000000088c00000, 0x0000000088b00000| Untracked 
| 140|0x0000000088c00000, 0x0000000088d00000, 0x0000000088d00000|100%| O|  |TAMS 0x0000000088d00000, 0x0000000088c00000| Untracked 
| 141|0x0000000088d00000, 0x0000000088e00000, 0x0000000088e00000|100%| O|  |TAMS 0x0000000088e00000, 0x0000000088d00000| Untracked 
| 142|0x0000000088e00000, 0x0000000088f00000, 0x0000000088f00000|100%| O|  |TAMS 0x0000000088f00000, 0x0000000088e00000| Untracked 
| 143|0x0000000088f00000, 0x0000000089000000, 0x0000000089000000|100%| O|  |TAMS 0x0000000089000000, 0x0000000088f00000| Untracked 
| 144|0x0000000089000000, 0x0000000089100000, 0x0000000089100000|100%| O|  |TAMS 0x0000000089100000, 0x0000000089000000| Untracked 
| 145|0x0000000089100000, 0x0000000089200000, 0x0000000089200000|100%| O|  |TAMS 0x0000000089200000, 0x0000000089100000| Untracked 
| 146|0x0000000089200000, 0x0000000089300000, 0x0000000089300000|100%| O|  |TAMS 0x0000000089300000, 0x0000000089200000| Untracked 
| 147|0x0000000089300000, 0x0000000089400000, 0x0000000089400000|100%| O|  |TAMS 0x0000000089400000, 0x0000000089300000| Untracked 
| 148|0x0000000089400000, 0x0000000089500000, 0x0000000089500000|100%| O|  |TAMS 0x0000000089500000, 0x0000000089400000| Untracked 
| 149|0x0000000089500000, 0x0000000089600000, 0x0000000089600000|100%| O|  |TAMS 0x0000000089600000, 0x0000000089500000| Untracked 
| 150|0x0000000089600000, 0x0000000089700000, 0x0000000089700000|100%| O|  |TAMS 0x0000000089700000, 0x0000000089600000| Untracked 
| 151|0x0000000089700000, 0x0000000089800000, 0x0000000089800000|100%| O|  |TAMS 0x0000000089800000, 0x0000000089700000| Untracked 
| 152|0x0000000089800000, 0x0000000089900000, 0x0000000089900000|100%| O|  |TAMS 0x0000000089900000, 0x0000000089800000| Untracked 
| 153|0x0000000089900000, 0x0000000089a00000, 0x0000000089a00000|100%| O|  |TAMS 0x0000000089a00000, 0x0000000089900000| Untracked 
| 154|0x0000000089a00000, 0x0000000089b00000, 0x0000000089b00000|100%| O|  |TAMS 0x0000000089b00000, 0x0000000089a00000| Untracked 
| 155|0x0000000089b00000, 0x0000000089c00000, 0x0000000089c00000|100%| O|  |TAMS 0x0000000089c00000, 0x0000000089b00000| Untracked 
| 156|0x0000000089c00000, 0x0000000089d00000, 0x0000000089d00000|100%| O|  |TAMS 0x0000000089d00000, 0x0000000089c00000| Untracked 
| 157|0x0000000089d00000, 0x0000000089e00000, 0x0000000089e00000|100%| O|  |TAMS 0x0000000089e00000, 0x0000000089d00000| Untracked 
| 158|0x0000000089e00000, 0x0000000089f00000, 0x0000000089f00000|100%| O|  |TAMS 0x0000000089f00000, 0x0000000089e00000| Untracked 
| 159|0x0000000089f00000, 0x000000008a000000, 0x000000008a000000|100%| O|  |TAMS 0x0000000089f00000, 0x0000000089f00000| Untracked 
| 160|0x000000008a000000, 0x000000008a100000, 0x000000008a100000|100%| O|  |TAMS 0x000000008a000000, 0x000000008a000000| Untracked 
| 161|0x000000008a100000, 0x000000008a200000, 0x000000008a200000|100%| O|  |TAMS 0x000000008a100000, 0x000000008a100000| Untracked 
| 162|0x000000008a200000, 0x000000008a259200, 0x000000008a300000| 34%| O|  |TAMS 0x000000008a200000, 0x000000008a200000| Untracked 
| 163|0x000000008a300000, 0x000000008a300000, 0x000000008a400000|  0%| F|  |TAMS 0x000000008a300000, 0x000000008a300000| Untracked 
| 164|0x000000008a400000, 0x000000008a400000, 0x000000008a500000|  0%| F|  |TAMS 0x000000008a400000, 0x000000008a400000| Untracked 
| 165|0x000000008a500000, 0x000000008a500000, 0x000000008a600000|  0%| F|  |TAMS 0x000000008a500000, 0x000000008a500000| Untracked 
| 166|0x000000008a600000, 0x000000008a600000, 0x000000008a700000|  0%| F|  |TAMS 0x000000008a600000, 0x000000008a600000| Untracked 
| 167|0x000000008a700000, 0x000000008a700000, 0x000000008a800000|  0%| F|  |TAMS 0x000000008a700000, 0x000000008a700000| Untracked 
| 168|0x000000008a800000, 0x000000008a800000, 0x000000008a900000|  0%| F|  |TAMS 0x000000008a800000, 0x000000008a800000| Untracked 
| 169|0x000000008a900000, 0x000000008a900000, 0x000000008aa00000|  0%| F|  |TAMS 0x000000008a900000, 0x000000008a900000| Untracked 
| 170|0x000000008aa00000, 0x000000008aa00000, 0x000000008ab00000|  0%| F|  |TAMS 0x000000008aa00000, 0x000000008aa00000| Untracked 
| 171|0x000000008ab00000, 0x000000008ab00000, 0x000000008ac00000|  0%| F|  |TAMS 0x000000008ab00000, 0x000000008ab00000| Untracked 
| 172|0x000000008ac00000, 0x000000008ac00000, 0x000000008ad00000|  0%| F|  |TAMS 0x000000008ac00000, 0x000000008ac00000| Untracked 
| 173|0x000000008ad00000, 0x000000008ad00000, 0x000000008ae00000|  0%| F|  |TAMS 0x000000008ad00000, 0x000000008ad00000| Untracked 
| 174|0x000000008ae00000, 0x000000008ae00000, 0x000000008af00000|  0%| F|  |TAMS 0x000000008ae00000, 0x000000008ae00000| Untracked 
| 175|0x000000008af00000, 0x000000008af00000, 0x000000008b000000|  0%| F|  |TAMS 0x000000008af00000, 0x000000008af00000| Untracked 
| 176|0x000000008b000000, 0x000000008b000000, 0x000000008b100000|  0%| F|  |TAMS 0x000000008b000000, 0x000000008b000000| Untracked 
| 177|0x000000008b100000, 0x000000008b100000, 0x000000008b200000|  0%| F|  |TAMS 0x000000008b100000, 0x000000008b100000| Untracked 
| 178|0x000000008b200000, 0x000000008b200000, 0x000000008b300000|  0%| F|  |TAMS 0x000000008b200000, 0x000000008b200000| Untracked 
| 179|0x000000008b300000, 0x000000008b300000, 0x000000008b400000|  0%| F|  |TAMS 0x000000008b300000, 0x000000008b300000| Untracked 
| 180|0x000000008b400000, 0x000000008b400000, 0x000000008b500000|  0%| F|  |TAMS 0x000000008b400000, 0x000000008b400000| Untracked 
| 181|0x000000008b500000, 0x000000008b500000, 0x000000008b600000|  0%| F|  |TAMS 0x000000008b500000, 0x000000008b500000| Untracked 
| 182|0x000000008b600000, 0x000000008b600000, 0x000000008b700000|  0%| F|  |TAMS 0x000000008b600000, 0x000000008b600000| Untracked 
| 183|0x000000008b700000, 0x000000008b700000, 0x000000008b800000|  0%| F|  |TAMS 0x000000008b700000, 0x000000008b700000| Untracked 
| 184|0x000000008b800000, 0x000000008b800000, 0x000000008b900000|  0%| F|  |TAMS 0x000000008b800000, 0x000000008b800000| Untracked 
| 185|0x000000008b900000, 0x000000008b900000, 0x000000008ba00000|  0%| F|  |TAMS 0x000000008b900000, 0x000000008b900000| Untracked 
| 186|0x000000008ba00000, 0x000000008ba00000, 0x000000008bb00000|  0%| F|  |TAMS 0x000000008ba00000, 0x000000008ba00000| Untracked 
| 187|0x000000008bb00000, 0x000000008bb00000, 0x000000008bc00000|  0%| F|  |TAMS 0x000000008bb00000, 0x000000008bb00000| Untracked 
| 188|0x000000008bc00000, 0x000000008bc00000, 0x000000008bd00000|  0%| F|  |TAMS 0x000000008bc00000, 0x000000008bc00000| Untracked 
| 189|0x000000008bd00000, 0x000000008bd00000, 0x000000008be00000|  0%| F|  |TAMS 0x000000008bd00000, 0x000000008bd00000| Untracked 
| 190|0x000000008be00000, 0x000000008be00000, 0x000000008bf00000|  0%| F|  |TAMS 0x000000008be00000, 0x000000008be00000| Untracked 
| 191|0x000000008bf00000, 0x000000008bf00000, 0x000000008c000000|  0%| F|  |TAMS 0x000000008bf00000, 0x000000008bf00000| Untracked 
| 192|0x000000008c000000, 0x000000008c000000, 0x000000008c100000|  0%| F|  |TAMS 0x000000008c000000, 0x000000008c000000| Untracked 
| 193|0x000000008c100000, 0x000000008c100000, 0x000000008c200000|  0%| F|  |TAMS 0x000000008c100000, 0x000000008c100000| Untracked 
| 194|0x000000008c200000, 0x000000008c200000, 0x000000008c300000|  0%| F|  |TAMS 0x000000008c200000, 0x000000008c200000| Untracked 
| 195|0x000000008c300000, 0x000000008c300000, 0x000000008c400000|  0%| F|  |TAMS 0x000000008c300000, 0x000000008c300000| Untracked 
| 196|0x000000008c400000, 0x000000008c400000, 0x000000008c500000|  0%| F|  |TAMS 0x000000008c400000, 0x000000008c400000| Untracked 
| 197|0x000000008c500000, 0x000000008c500000, 0x000000008c600000|  0%| F|  |TAMS 0x000000008c500000, 0x000000008c500000| Untracked 
| 198|0x000000008c600000, 0x000000008c600000, 0x000000008c700000|  0%| F|  |TAMS 0x000000008c600000, 0x000000008c600000| Untracked 
| 199|0x000000008c700000, 0x000000008c700000, 0x000000008c800000|  0%| F|  |TAMS 0x000000008c700000, 0x000000008c700000| Untracked 
| 200|0x000000008c800000, 0x000000008c800000, 0x000000008c900000|  0%| F|  |TAMS 0x000000008c800000, 0x000000008c800000| Untracked 
| 201|0x000000008c900000, 0x000000008c900000, 0x000000008ca00000|  0%| F|  |TAMS 0x000000008c900000, 0x000000008c900000| Untracked 
| 202|0x000000008ca00000, 0x000000008ca00000, 0x000000008cb00000|  0%| F|  |TAMS 0x000000008ca00000, 0x000000008ca00000| Untracked 
| 203|0x000000008cb00000, 0x000000008cb00000, 0x000000008cc00000|  0%| F|  |TAMS 0x000000008cb00000, 0x000000008cb00000| Untracked 
| 204|0x000000008cc00000, 0x000000008cd00000, 0x000000008cd00000|100%| S|CS|TAMS 0x000000008cc00000, 0x000000008cc00000| Complete 
| 205|0x000000008cd00000, 0x000000008ce00000, 0x000000008ce00000|100%| S|CS|TAMS 0x000000008cd00000, 0x000000008cd00000| Complete 
| 206|0x000000008ce00000, 0x000000008cf00000, 0x000000008cf00000|100%| S|CS|TAMS 0x000000008ce00000, 0x000000008ce00000| Complete 
| 207|0x000000008cf00000, 0x000000008d000000, 0x000000008d000000|100%| S|CS|TAMS 0x000000008cf00000, 0x000000008cf00000| Complete 
| 208|0x000000008d000000, 0x000000008d000000, 0x000000008d100000|  0%| F|  |TAMS 0x000000008d000000, 0x000000008d000000| Untracked 
| 209|0x000000008d100000, 0x000000008d100000, 0x000000008d200000|  0%| F|  |TAMS 0x000000008d100000, 0x000000008d100000| Untracked 
| 210|0x000000008d200000, 0x000000008d200000, 0x000000008d300000|  0%| F|  |TAMS 0x000000008d200000, 0x000000008d200000| Untracked 
| 211|0x000000008d300000, 0x000000008d300000, 0x000000008d400000|  0%| F|  |TAMS 0x000000008d300000, 0x000000008d300000| Untracked 
| 212|0x000000008d400000, 0x000000008d400000, 0x000000008d500000|  0%| F|  |TAMS 0x000000008d400000, 0x000000008d400000| Untracked 
| 213|0x000000008d500000, 0x000000008d500000, 0x000000008d600000|  0%| F|  |TAMS 0x000000008d500000, 0x000000008d500000| Untracked 
| 214|0x000000008d600000, 0x000000008d600000, 0x000000008d700000|  0%| F|  |TAMS 0x000000008d600000, 0x000000008d600000| Untracked 
| 215|0x000000008d700000, 0x000000008d700000, 0x000000008d800000|  0%| F|  |TAMS 0x000000008d700000, 0x000000008d700000| Untracked 
| 216|0x000000008d800000, 0x000000008d800000, 0x000000008d900000|  0%| F|  |TAMS 0x000000008d800000, 0x000000008d800000| Untracked 
| 217|0x000000008d900000, 0x000000008d900000, 0x000000008da00000|  0%| F|  |TAMS 0x000000008d900000, 0x000000008d900000| Untracked 
| 218|0x000000008da00000, 0x000000008dadf390, 0x000000008db00000| 87%| E|  |TAMS 0x000000008da00000, 0x000000008da00000| Complete 
| 219|0x000000008db00000, 0x000000008dc00000, 0x000000008dc00000|100%| E|CS|TAMS 0x000000008db00000, 0x000000008db00000| Complete 
| 220|0x000000008dc00000, 0x000000008dd00000, 0x000000008dd00000|100%| E|CS|TAMS 0x000000008dc00000, 0x000000008dc00000| Complete 
| 221|0x000000008dd00000, 0x000000008de00000, 0x000000008de00000|100%| E|CS|TAMS 0x000000008dd00000, 0x000000008dd00000| Complete 
| 222|0x000000008de00000, 0x000000008df00000, 0x000000008df00000|100%| E|CS|TAMS 0x000000008de00000, 0x000000008de00000| Complete 
| 223|0x000000008df00000, 0x000000008e000000, 0x000000008e000000|100%| E|CS|TAMS 0x000000008df00000, 0x000000008df00000| Complete 
| 224|0x000000008e000000, 0x000000008e100000, 0x000000008e100000|100%| E|CS|TAMS 0x000000008e000000, 0x000000008e000000| Complete 
| 225|0x000000008e100000, 0x000000008e200000, 0x000000008e200000|100%| E|CS|TAMS 0x000000008e100000, 0x000000008e100000| Complete 
| 226|0x000000008e200000, 0x000000008e300000, 0x000000008e300000|100%| E|CS|TAMS 0x000000008e200000, 0x000000008e200000| Complete 
| 227|0x000000008e300000, 0x000000008e400000, 0x000000008e400000|100%| E|CS|TAMS 0x000000008e300000, 0x000000008e300000| Complete 
| 228|0x000000008e400000, 0x000000008e500000, 0x000000008e500000|100%| E|CS|TAMS 0x000000008e400000, 0x000000008e400000| Complete 
| 229|0x000000008e500000, 0x000000008e600000, 0x000000008e600000|100%| E|CS|TAMS 0x000000008e500000, 0x000000008e500000| Complete 
| 230|0x000000008e600000, 0x000000008e700000, 0x000000008e700000|100%| E|CS|TAMS 0x000000008e600000, 0x000000008e600000| Complete 

Card table byte_map: [0x00000284f66b0000,0x00000284f6ab0000] _byte_map_base: 0x00000284f62b0000

Marking Bits (Prev, Next): (CMBitMap*) 0x00000284eec6cf98, (CMBitMap*) 0x00000284eec6cfd0
 Prev Bits: [0x00000284f6eb0000, 0x00000284f8eb0000)
 Next Bits: [0x00000284f8eb0000, 0x00000284faeb0000)

Polling page: 0x00000284ecba0000

Metaspace:

Usage:
  Non-class:     94.03 MB capacity,    91.65 MB ( 97%) used,     2.03 MB (  2%) free+waste,   354.13 KB ( <1%) overhead. 
      Class:     15.71 MB capacity,    14.12 MB ( 90%) used,     1.42 MB (  9%) free+waste,   168.63 KB (  1%) overhead. 
       Both:    109.74 MB capacity,   105.78 MB ( 96%) used,     3.45 MB (  3%) free+waste,   522.75 KB ( <1%) overhead. 

Virtual space:
  Non-class space:       96.00 MB reserved,      94.12 MB ( 98%) committed 
      Class space:      504.00 MB reserved,      15.79 MB (  3%) committed 
             Both:      600.00 MB reserved,     109.91 MB ( 18%) committed 

Chunk freelists:
   Non-Class:  4.00 KB
       Class:  1.13 KB
        Both:  5.13 KB

CodeHeap 'non-profiled nmethods': size=120064Kb used=8838Kb max_used=8838Kb free=111226Kb
 bounds [0x0000028487ac0000, 0x0000028488370000, 0x000002848f000000]
CodeHeap 'profiled nmethods': size=120000Kb used=29463Kb max_used=29463Kb free=90537Kb
 bounds [0x0000028480590000, 0x0000028482260000, 0x0000028487ac0000]
CodeHeap 'non-nmethods': size=5696Kb used=2318Kb max_used=2367Kb free=3378Kb
 bounds [0x0000028480000000, 0x0000028480270000, 0x0000028480590000]
 total_blobs=14249 nmethods=13319 adapters=840
 compilation: enabled
              stopped_count=0, restarted_count=0
 full_count=0

Compilation events (10 events):
Event: 38.992 Thread 0x00000284fd3e9000 nmethod 13312 0x000002848835c210 code [0x000002848835c3c0, 0x000002848835c9c8]
Event: 38.996 Thread 0x00000284fd3ef000 13325       3       org.gradle.internal.typeconversion.TypeFilteringNotationConverter::convert (30 bytes)
Event: 38.996 Thread 0x00000284fd3ef000 nmethod 13325 0x000002848224d790 code [0x000002848224d980, 0x000002848224dde8]
Event: 38.997 Thread 0x00000284fd3e9000 13326       4       org.gradle.api.internal.provider.Providers$FixedValueProvider::getType (14 bytes)
Event: 38.997 Thread 0x00000284fd3ef000 13327       3       org.gradle.api.internal.file.DefaultFilePropertyFactory$DefaultRegularFileVar::fileProvider (9 bytes)
Event: 38.997 Thread 0x00000284fd3ef000 nmethod 13327 0x000002848224df90 code [0x000002848224e160, 0x000002848224e618]
Event: 38.997 Thread 0x00000284fd3e9000 nmethod 13326 0x000002848835cd90 code [0x000002848835cf00, 0x000002848835cf78]
Event: 39.000 Thread 0x00000284fd3e9000 13328       4       com.google.common.collect.ImmutableMap::entrySet (5 bytes)
Event: 39.009 Thread 0x00000284fd3e9000 nmethod 13328 0x000002848835d010 code [0x000002848835d1e0, 0x000002848835dbe8]
Event: 39.010 Thread 0x00000284fd3e9000 13329       4       org.gradle.api.internal.artifacts.configurations.DefaultConfiguration$ConfigurationFileCollection::<init> (52 bytes)

GC Heap History (10 events):
Event: 38.277 GC heap before
{Heap before GC invocations=44 (full 0):
 garbage-first heap   total 196608K, used 171933K [0x0000000080000000, 0x0000000100000000)
  region size 1024K, 14 young (14336K), 2 survivors (2048K)
 Metaspace       used 105846K, capacity 109894K, committed 110116K, reserved 612352K
  class space    used 14185K, capacity 15767K, committed 15784K, reserved 516096K
}
Event: 38.283 GC heap after
{Heap after GC invocations=45 (full 0):
 garbage-first heap   total 196608K, used 162386K [0x0000000080000000, 0x0000000100000000)
  region size 1024K, 2 young (2048K), 2 survivors (2048K)
 Metaspace       used 105846K, capacity 109894K, committed 110116K, reserved 612352K
  class space    used 14185K, capacity 15767K, committed 15784K, reserved 516096K
}
Event: 38.373 GC heap before
{Heap before GC invocations=46 (full 0):
 garbage-first heap   total 196608K, used 171602K [0x0000000080000000, 0x0000000100000000)
  region size 1024K, 11 young (11264K), 2 survivors (2048K)
 Metaspace       used 106360K, capacity 110419K, committed 110500K, reserved 612352K
  class space    used 14234K, capacity 15833K, committed 15912K, reserved 516096K
}
Event: 38.378 GC heap after
{Heap after GC invocations=47 (full 0):
 garbage-first heap   total 196608K, used 163634K [0x0000000080000000, 0x0000000100000000)
  region size 1024K, 2 young (2048K), 2 survivors (2048K)
 Metaspace       used 106360K, capacity 110419K, committed 110500K, reserved 612352K
  class space    used 14234K, capacity 15833K, committed 15912K, reserved 516096K
}
Event: 38.458 GC heap before
{Heap before GC invocations=47 (full 0):
 garbage-first heap   total 196608K, used 170802K [0x0000000080000000, 0x0000000100000000)
  region size 1024K, 9 young (9216K), 2 survivors (2048K)
 Metaspace       used 106640K, capacity 110760K, committed 111012K, reserved 612352K
  class space    used 14274K, capacity 15873K, committed 15912K, reserved 516096K
}
Event: 38.461 GC heap after
{Heap after GC invocations=48 (full 0):
 garbage-first heap   total 196608K, used 164864K [0x0000000080000000, 0x0000000100000000)
  region size 1024K, 2 young (2048K), 2 survivors (2048K)
 Metaspace       used 106640K, capacity 110760K, committed 111012K, reserved 612352K
  class space    used 14274K, capacity 15873K, committed 15912K, reserved 516096K
}
Event: 38.582 GC heap before
{Heap before GC invocations=48 (full 0):
 garbage-first heap   total 196608K, used 172032K [0x0000000080000000, 0x0000000100000000)
  region size 1024K, 9 young (9216K), 2 survivors (2048K)
 Metaspace       used 106718K, capacity 110862K, committed 111012K, reserved 612352K
  class space    used 14282K, capacity 15879K, committed 15912K, reserved 516096K
}
Event: 38.587 GC heap after
{Heap after GC invocations=49 (full 0):
 garbage-first heap   total 236544K, used 167075K [0x0000000080000000, 0x0000000100000000)
  region size 1024K, 2 young (2048K), 2 survivors (2048K)
 Metaspace       used 106718K, capacity 110862K, committed 111012K, reserved 612352K
  class space    used 14282K, capacity 15879K, committed 15912K, reserved 516096K
}
Event: 38.859 GC heap before
{Heap before GC invocations=50 (full 0):
 garbage-first heap   total 236544K, used 190627K [0x0000000080000000, 0x0000000100000000)
  region size 1024K, 25 young (25600K), 2 survivors (2048K)
 Metaspace       used 107909K, capacity 111966K, committed 112164K, reserved 612352K
  class space    used 14403K, capacity 16020K, committed 16040K, reserved 516096K
}
Event: 38.865 GC heap after
{Heap after GC invocations=51 (full 0):
 garbage-first heap   total 236544K, used 170340K [0x0000000080000000, 0x0000000100000000)
  region size 1024K, 4 young (4096K), 4 survivors (4096K)
 Metaspace       used 107909K, capacity 111966K, committed 112164K, reserved 612352K
  class space    used 14403K, capacity 16020K, committed 16040K, reserved 516096K
}

Deoptimization events (10 events):
Event: 37.990 Thread 0x000002848fe8c800 Uncommon trap: reason=profile_predicate action=maybe_recompile pc=0x0000028488223cb0 method=java.util.regex.Pattern$BnM.optimize(Ljava/util/regex/Pattern$Node;)Ljava/util/regex/Pattern$Node; @ 67 c2
Event: 38.012 Thread 0x000002848fe8c800 Uncommon trap: reason=profile_predicate action=maybe_recompile pc=0x0000028488223cb0 method=java.util.regex.Pattern$BnM.optimize(Ljava/util/regex/Pattern$Node;)Ljava/util/regex/Pattern$Node; @ 67 c2
Event: 38.013 Thread 0x000002848fe8c800 Uncommon trap: reason=profile_predicate action=maybe_recompile pc=0x0000028488223cb0 method=java.util.regex.Pattern$BnM.optimize(Ljava/util/regex/Pattern$Node;)Ljava/util/regex/Pattern$Node; @ 67 c2
Event: 38.145 Thread 0x000002848fe8c800 Uncommon trap: reason=unstable_if action=reinterpret pc=0x00000284882f9df4 method=org.gradle.api.internal.collections.DefaultPendingSource.removeByProvider(Lorg/gradle/api/internal/provider/ProviderInternal;)Z @ 34 c2
Event: 38.147 Thread 0x000002848fe8c800 Uncommon trap: reason=unstable_if action=reinterpret pc=0x00000284882f76ac method=org.gradle.api.internal.collections.DefaultPendingSource.removeByProvider(Lorg/gradle/api/internal/provider/ProviderInternal;)Z @ 34 c2
Event: 38.971 Thread 0x000002848fe8c800 Uncommon trap: reason=profile_predicate action=maybe_recompile pc=0x0000028488358e10 method=java.util.regex.Pattern$SliceI.match(Ljava/util/regex/Matcher;ILjava/lang/CharSequence;)Z @ 18 c2
Event: 38.971 Thread 0x000002848fe8c800 Uncommon trap: reason=profile_predicate action=maybe_recompile pc=0x0000028488358e10 method=java.util.regex.Pattern$SliceI.match(Ljava/util/regex/Matcher;ILjava/lang/CharSequence;)Z @ 18 c2
Event: 38.971 Thread 0x000002848fe8c800 Uncommon trap: reason=profile_predicate action=maybe_recompile pc=0x0000028488358e10 method=java.util.regex.Pattern$SliceI.match(Ljava/util/regex/Matcher;ILjava/lang/CharSequence;)Z @ 18 c2
Event: 38.971 Thread 0x000002848fe8c800 Uncommon trap: reason=profile_predicate action=maybe_recompile pc=0x0000028488358e10 method=java.util.regex.Pattern$SliceI.match(Ljava/util/regex/Matcher;ILjava/lang/CharSequence;)Z @ 18 c2
Event: 38.984 Thread 0x000002848fe8c800 Uncommon trap: reason=predicate action=maybe_recompile pc=0x000002848835ae54 method=java.util.regex.Pattern$SliceI.match(Ljava/util/regex/Matcher;ILjava/lang/CharSequence;)Z @ 18 c2

Classes redefined (0 events):
No events

Internal exceptions (10 events):
Event: 36.910 Thread 0x000002848fe8c800 Implicit null exception at 0x000002848829374e to 0x0000028488293ea8
Event: 36.951 Thread 0x000002848fe8c800 Implicit null exception at 0x000002848829277f to 0x0000028488292890
Event: 37.029 Thread 0x000002848fe8c800 Implicit null exception at 0x000002848829bc39 to 0x000002848829bd71
Event: 37.044 Thread 0x000002848fe8c800 Implicit null exception at 0x00000284882a0539 to 0x00000284882a0671
Event: 37.116 Thread 0x000002848fe8c800 Implicit null exception at 0x00000284882a5c18 to 0x00000284882a6530
Event: 37.218 Thread 0x000002848fe8c800 Exception <a 'java/lang/NoSuchMethodError'{0x000000008b119140}: java.lang.invoke.DirectMethodHandle$Holder.invokeStatic(Ljava/lang/Object;Ljava/lang/Object;Ljava/lang/Object;Ljava/lang/Object;Ljava/lang/Object;Ljava/lang/Object;I)Ljava/lang/Object;> (0x00
Event: 37.220 Thread 0x000002848fe8c800 Exception <a 'java/lang/NoSuchMethodError'{0x000000008b130b90}: java.lang.invoke.DirectMethodHandle$Holder.invokeStatic(Ljava/lang/Object;Ljava/lang/Object;Ljava/lang/Object;Ljava/lang/Object;Ljava/lang/Object;Ljava/lang/Object;II)Ljava/lang/Object;> (0x0
Event: 37.221 Thread 0x000002848fe8c800 Exception <a 'java/lang/NoSuchMethodError'{0x000000008b149140}: java.lang.invoke.DirectMethodHandle$Holder.invokeStatic(Ljava/lang/Object;Ljava/lang/Object;Ljava/lang/Object;Ljava/lang/Object;Ljava/lang/Object;Ljava/lang/Object;IILjava/lang/Object;)Ljava/
Event: 37.594 Thread 0x000002848fe8c800 Implicit null exception at 0x00000284882a6fd4 to 0x00000284882a7244
Event: 37.649 Thread 0x000002848fe8c800 Exception <a 'java/lang/NoSuchMethodError'{0x000000008bffaf28}: java.lang.invoke.DirectMethodHandle$Holder.invokeStatic(Ljava/lang/Object;IILjava/lang/Object;)I> (0x000000008bffaf28) thrown at [./open/src/hotspot/share/interpreter/linkResolver.cpp, line 7

Events (10 events):
Event: 38.971 Thread 0x000002848fe8c800 DEOPT UNPACKING pc=0x000002848002662f sp=0x000000e198df9348 mode 2
Event: 38.971 Thread 0x000002848fe8c800 Uncommon trap: trap_request=0xffffffbe fr.pc=0x0000028488358e10 relative=0x00000000000002d0
Event: 38.971 Thread 0x000002848fe8c800 DEOPT PACKING pc=0x0000028488358e10 sp=0x000000e198df93d0
Event: 38.971 Thread 0x000002848fe8c800 DEOPT UNPACKING pc=0x000002848002662f sp=0x000000e198df9348 mode 2
Event: 38.971 Thread 0x000002848fe8c800 Uncommon trap: trap_request=0xffffffbe fr.pc=0x0000028488358e10 relative=0x00000000000002d0
Event: 38.971 Thread 0x000002848fe8c800 DEOPT PACKING pc=0x0000028488358e10 sp=0x000000e198df93d0
Event: 38.971 Thread 0x000002848fe8c800 DEOPT UNPACKING pc=0x000002848002662f sp=0x000000e198df9348 mode 2
Event: 38.984 Thread 0x000002848fe8c800 Uncommon trap: trap_request=0xffffff7e fr.pc=0x000002848835ae54 relative=0x00000000000002b4
Event: 38.984 Thread 0x000002848fe8c800 DEOPT PACKING pc=0x000002848835ae54 sp=0x000000e198df93d0
Event: 38.984 Thread 0x000002848fe8c800 DEOPT UNPACKING pc=0x000002848002662f sp=0x000000e198df9348 mode 2


Dynamic libraries:
0x00007ff753000000 - 0x00007ff75300f000 	C:\Program Files\Java\jdk-11.0.14\bin\java.exe
0x00007ff856110000 - 0x00007ff856308000 	C:\WINDOWS\SYSTEM32\ntdll.dll
0x00007ff8553b0000 - 0x00007ff85546f000 	C:\WINDOWS\System32\KERNEL32.DLL
0x00007ff8537f0000 - 0x00007ff853ae6000 	C:\WINDOWS\System32\KERNELBASE.dll
0x00007ff853d00000 - 0x00007ff853e00000 	C:\WINDOWS\System32\ucrtbase.dll
0x00007ff845a30000 - 0x00007ff845a48000 	C:\Program Files\Java\jdk-11.0.14\bin\jli.dll
0x00007ff855470000 - 0x00007ff85551f000 	C:\WINDOWS\System32\ADVAPI32.dll
0x00007ff842f30000 - 0x00007ff842f45000 	C:\Program Files\Java\jdk-11.0.14\bin\VCRUNTIME140.dll
0x00007ff855520000 - 0x00007ff8555be000 	C:\WINDOWS\System32\msvcrt.dll
0x00007ff854310000 - 0x00007ff8543ac000 	C:\WINDOWS\System32\sechost.dll
0x00007ff855c20000 - 0x00007ff855d46000 	C:\WINDOWS\System32\RPCRT4.dll
0x00007ff855880000 - 0x00007ff855a1d000 	C:\WINDOWS\System32\USER32.dll
0x00007ff853fe0000 - 0x00007ff854002000 	C:\WINDOWS\System32\win32u.dll
0x00007ff8551b0000 - 0x00007ff8551dc000 	C:\WINDOWS\System32\GDI32.dll
0x00007ff853e70000 - 0x00007ff853f85000 	C:\WINDOWS\System32\gdi32full.dll
0x00007ff853af0000 - 0x00007ff853b8d000 	C:\WINDOWS\System32\msvcp_win.dll
0x00007ff83e140000 - 0x00007ff83e3da000 	C:\WINDOWS\WinSxS\amd64_microsoft.windows.common-controls_6595b64144ccf1df_6.0.19041.1110_none_60b5254171f9507e\COMCTL32.dll
0x00007ff851d70000 - 0x00007ff851d7a000 	C:\WINDOWS\SYSTEM32\VERSION.dll
0x00007ff855850000 - 0x00007ff855880000 	C:\WINDOWS\System32\IMM32.DLL
0x00007ff835d40000 - 0x00007ff835ddb000 	C:\Program Files\Java\jdk-11.0.14\bin\msvcp140.dll
0x00007ff8051d0000 - 0x00007ff805ce6000 	C:\Program Files\Java\jdk-11.0.14\bin\server\jvm.dll
0x00007ff855d60000 - 0x00007ff855d68000 	C:\WINDOWS\System32\PSAPI.DLL
0x00007ff8496b0000 - 0x00007ff8496b9000 	C:\WINDOWS\SYSTEM32\WSOCK32.dll
0x00007ff84a690000 - 0x00007ff84a6b7000 	C:\WINDOWS\SYSTEM32\WINMM.dll
0x00007ff855bb0000 - 0x00007ff855c1b000 	C:\WINDOWS\System32\WS2_32.dll
0x00007ff8520d0000 - 0x00007ff8520e2000 	C:\WINDOWS\SYSTEM32\kernel.appcore.dll
0x00007ff849160000 - 0x00007ff849170000 	C:\Program Files\Java\jdk-11.0.14\bin\verify.dll
0x00007ff844210000 - 0x00007ff8443f4000 	C:\WINDOWS\SYSTEM32\DBGHELP.DLL
0x00007ff843fc0000 - 0x00007ff843ff4000 	C:\WINDOWS\SYSTEM32\dbgcore.DLL
0x00007ff853c70000 - 0x00007ff853cf2000 	C:\WINDOWS\System32\bcryptPrimitives.dll
0x00007ff83ea40000 - 0x00007ff83ea68000 	C:\Program Files\Java\jdk-11.0.14\bin\java.dll
0x00007ff848490000 - 0x00007ff84849a000 	C:\Program Files\Java\jdk-11.0.14\bin\jimage.dll
0x00007ff842ba0000 - 0x00007ff842bb6000 	C:\Program Files\Java\jdk-11.0.14\bin\zip.dll
0x00007ff854410000 - 0x00007ff854b54000 	C:\WINDOWS\System32\SHELL32.dll
0x00007ff851520000 - 0x00007ff851cb3000 	C:\WINDOWS\SYSTEM32\windows.storage.dll
0x00007ff855d70000 - 0x00007ff8560c4000 	C:\WINDOWS\System32\combase.dll
0x00007ff853160000 - 0x00007ff85318e000 	C:\WINDOWS\SYSTEM32\Wldp.dll
0x00007ff854be0000 - 0x00007ff854c8d000 	C:\WINDOWS\System32\SHCORE.dll
0x00007ff8543b0000 - 0x00007ff854405000 	C:\WINDOWS\System32\shlwapi.dll
0x00007ff853730000 - 0x00007ff85374f000 	C:\WINDOWS\SYSTEM32\profapi.dll
0x00007ff840d60000 - 0x00007ff840d79000 	C:\Program Files\Java\jdk-11.0.14\bin\net.dll
0x00007ff84c8e0000 - 0x00007ff84c9ea000 	C:\WINDOWS\SYSTEM32\WINHTTP.dll
0x00007ff852ec0000 - 0x00007ff852f2a000 	C:\WINDOWS\system32\mswsock.dll
0x00007ff83e9c0000 - 0x00007ff83e9d2000 	C:\Program Files\Java\jdk-11.0.14\bin\nio.dll
0x00007ff849750000 - 0x00007ff849777000 	C:\Users\zeeshan.noorullah\.gradle\native\68d5fa5c4cc2d200863cafc0d521ce42e7d3e7ee720ec0a83991735586a16f82\windows-amd64\native-platform.dll
0x00007ff8324d0000 - 0x00007ff832614000 	C:\Users\zeeshan.noorullah\.gradle\native\e376f236ea51e6404a007f0833ffe2c6e607c4080706a723a18a27aeea778392\windows-amd64\native-platform-file-events.dll
0x00007ff842a70000 - 0x00007ff842a79000 	C:\Program Files\Java\jdk-11.0.14\bin\management.dll
0x00007ff841b20000 - 0x00007ff841b2b000 	C:\Program Files\Java\jdk-11.0.14\bin\management_ext.dll
0x00007ff8530c0000 - 0x00007ff8530d8000 	C:\WINDOWS\SYSTEM32\CRYPTSP.dll
0x00007ff8527e0000 - 0x00007ff852814000 	C:\WINDOWS\system32\rsaenh.dll
0x00007ff853c40000 - 0x00007ff853c67000 	C:\WINDOWS\System32\bcrypt.dll
0x00007ff853680000 - 0x00007ff8536ae000 	C:\WINDOWS\SYSTEM32\USERENV.dll
0x00007ff8530b0000 - 0x00007ff8530bc000 	C:\WINDOWS\SYSTEM32\CRYPTBASE.dll
0x00007ff852bb0000 - 0x00007ff852bec000 	C:\WINDOWS\SYSTEM32\IPHLPAPI.DLL
0x00007ff855d50000 - 0x00007ff855d58000 	C:\WINDOWS\System32\NSI.dll
0x00007ff84e7c0000 - 0x00007ff84e7d7000 	C:\WINDOWS\SYSTEM32\dhcpcsvc6.DLL
0x00007ff84e6b0000 - 0x00007ff84e6cd000 	C:\WINDOWS\SYSTEM32\dhcpcsvc.DLL
0x00007ff852bf0000 - 0x00007ff852cba000 	C:\WINDOWS\SYSTEM32\DNSAPI.dll

dbghelp: loaded successfully - version: 4.0.5 - missing functions: none
symbol engine: initialized successfully - sym options: 0x614 - pdb path: .;C:\Program Files\Java\jdk-11.0.14\bin;C:\WINDOWS\SYSTEM32;C:\WINDOWS\WinSxS\amd64_microsoft.windows.common-controls_6595b64144ccf1df_6.0.19041.1110_none_60b5254171f9507e;C:\Program Files\Java\jdk-11.0.14\bin\server;C:\Users\zeeshan.noorullah\.gradle\native\68d5fa5c4cc2d200863cafc0d521ce42e7d3e7ee720ec0a83991735586a16f82\windows-amd64;C:\Users\zeeshan.noorullah\.gradle\native\e376f236ea51e6404a007f0833ffe2c6e607c4080706a723a18a27aeea778392\windows-amd64

VM Arguments:
jvm_args: -XX:MaxMetaspaceSize=512m --add-opens=java.base/java.util=ALL-UNNAMED --add-opens=java.base/java.lang=ALL-UNNAMED --add-opens=java.base/java.lang.invoke=ALL-UNNAMED --add-opens=java.prefs/java.util.prefs=ALL-UNNAMED --add-opens=java.base/java.nio.charset=ALL-UNNAMED --add-opens=java.base/java.net=ALL-UNNAMED --add-opens=java.base/java.util.concurrent.atomic=ALL-UNNAMED -Xmx2048m -Dfile.encoding=windows-1252 -Duser.country=US -Duser.language=en -Duser.variant 
java_command: org.gradle.launcher.daemon.bootstrap.GradleDaemon 8.0.1
java_class_path (initial): C:\Users\zeeshan.noorullah\.gradle\wrapper\dists\gradle-8.0.1-all\aro4hu1c3oeioove7l0i4i14o\gradle-8.0.1\lib\gradle-launcher-8.0.1.jar
Launcher Type: SUN_STANDARD

[Global flags]
     intx CICompilerCount                          = 3                                         {product} {ergonomic}
   size_t CompressedClassSpaceSize                 = 528482304                                 {product} {ergonomic}
     uint ConcGCThreads                            = 1                                         {product} {ergonomic}
     uint G1ConcRefinementThreads                  = 4                                         {product} {ergonomic}
   size_t G1HeapRegionSize                         = 1048576                                   {product} {ergonomic}
    uintx GCDrainStackTargetSize                   = 64                                        {product} {ergonomic}
   size_t InitialHeapSize                          = 201326592                                 {product} {ergonomic}
   size_t MarkStackSize                            = 4194304                                   {product} {ergonomic}
   size_t MaxHeapSize                              = 2147483648                                {product} {command line}
   size_t MaxMetaspaceSize                         = 536870912                                 {product} {command line}
   size_t MaxNewSize                               = 1287651328                                {product} {ergonomic}
   size_t MinHeapDeltaBytes                        = 1048576                                   {product} {ergonomic}
    uintx NonNMethodCodeHeapSize                   = 5830732                                {pd product} {ergonomic}
    uintx NonProfiledCodeHeapSize                  = 122913754                              {pd product} {ergonomic}
    uintx ProfiledCodeHeapSize                     = 122913754                              {pd product} {ergonomic}
    uintx ReservedCodeCacheSize                    = 251658240                              {pd product} {ergonomic}
     bool SegmentedCodeCache                       = true                                      {product} {ergonomic}
     bool UseCompressedClassPointers               = true                                 {lp64_product} {ergonomic}
     bool UseCompressedOops                        = true                                 {lp64_product} {ergonomic}
     bool UseG1GC                                  = true                                      {product} {ergonomic}
     bool UseLargePagesIndividualAllocation        = false                                  {pd product} {ergonomic}

Logging:
Log output configuration:
 #0: stdout all=warning uptime,level,tags
 #1: stderr all=off uptime,level,tags

Environment Variables:
JAVA_HOME=C:\Program Files\Java\jdk-11.0.14
CLASSPATH=G:\ZeeshanNoorullah\ReactNative\reactredux\android\\gradle\wrapper\gradle-wrapper.jar
PATH=C:\Users\ZEESHA~1.NOO\AppData\Local\Temp\yarn--1687961643024-0.06314265613546888;G:\ZeeshanNoorullah\ReactNative\reactredux\node_modules\.bin;C:\Users\zeeshan.noorullah\AppData\Local\Yarn\Data\link\node_modules\.bin;C:\Users\zeeshan.noorullah\AppData\Local\Yarn\bin;C:\Program Files\libexec\lib\node_modules\npm\bin\node-gyp-bin;C:\Program Files\lib\node_modules\npm\bin\node-gyp-bin;C:\Program Files\nodejs\node_modules\npm\bin\node-gyp-bin;C:\Program Files\Common Files\Oracle\Java\javapath;C:\WINDOWS\system32;C:\WINDOWS;C:\WINDOWS\System32\Wbem;C:\WINDOWS\System32\WindowsPowerShell\v1.0\;C:\WINDOWS\System32\OpenSSH\;C:\xampp\php;C:\composer;C:\ProgramData\chocolatey\bin;C:\Program Files\Git\cmd;C:\Program Files\nodejs\;C:\Users\zeeshan.noorullah\AppData\Local\Microsoft\WindowsApps;C:\Users\zeeshan.noorullah\AppData\Local\GitHubDesktop\bin;C:\Users\zeeshan.noorullah\AppData\Roaming\npm;C:\Users\zeeshan.noorullah\AppData\Local\Programs\Git\cmd;C:\Users\zeeshan.noorullah\AppData\Local\Android\Sdk\platform-tools;C:\Program Files (x86)\BrowserStackLocal\;C:\Users\zeeshan.noorullah\AppData\Local\Programs\Microsoft VS Code\bin
USERNAME=zeeshan.noorullah
OS=Windows_NT
PROCESSOR_IDENTIFIER=Intel64 Family 6 Model 60 Stepping 3, GenuineIntel



---------------  S Y S T E M  ---------------

OS: Windows 10 , 64 bit Build 19041 (10.0.19041.3031)

CPU:total 4 (initial active 4) (4 cores per cpu, 1 threads per core) family 6 model 60 stepping 3 microcode 0x27, cmov, cx8, fxsr, mmx, sse, sse2, sse3, ssse3, sse4.1, sse4.2, popcnt, avx, avx2, aes, clmul, erms, lzcnt, tsc, tscinvbit, bmi1, bmi2, fma

Memory: 4k page, system-wide physical 12196M (2570M free)
TotalPageFile size 14244M (AvailPageFile size 7M)
current process WorkingSet (physical memory assigned to process): 509M, peak: 509M
current process commit charge ("private bytes"): 564M, peak: 565M

vm_info: Java HotSpot(TM) 64-Bit Server VM (11.0.14+8-LTS-263) for windows-amd64 JRE (11.0.14+8-LTS-263), built on Dec  7 2021 21:53:57 by "mach5one" with MS VC++ 15.9 (VS2017)

END.
