#
# There is insufficient memory for the Java Runtime Environment to continue.
# Native memory allocation (malloc) failed to allocate 32744 bytes for ChunkPool::allocate
# Possible reasons:
#   The system is out of physical RAM or swap space
#   The process is running with CompressedOops enabled, and the Java Heap may be blocking the growth of the native heap
# Possible solutions:
#   Reduce memory load on the system
#   Increase physical memory or swap space
#   Check if swap backing store is full
#   Decrease Java heap size (-Xmx/-Xms)
#   Decrease number of Java threads
#   Decrease Java thread stack sizes (-Xss)
#   Set larger code cache with -XX:ReservedCodeCacheSize=
#   JVM is running with Zero Based Compressed Oops mode in which the Java heap is
#     placed in the first 32GB address space. The Java Heap base address is the
#     maximum limit for the native heap growth. Please use -XX:HeapBaseMinAddress
#     to set the Java Heap base and to place the Java Heap above 32GB virtual address.
# This output file may be truncated or incomplete.
#
#  Out of Memory Error (./open/src/hotspot/share/memory/arena.cpp:81), pid=14732, tid=12436
#
# JRE version: Java(TM) SE Runtime Environment 18.9 (11.0.14+8) (build 11.0.14+8-LTS-263)
# Java VM: Java HotSpot(TM) 64-Bit Server VM 18.9 (11.0.14+8-LTS-263, mixed mode, tiered, compressed oops, g1 gc, windows-amd64)
# No core dump will be written. Minidumps are not enabled by default on client versions of Windows
#

---------------  S U M M A R Y ------------

Command Line: org.jetbrains.kotlin.cli.jvm.K2JVMCompiler @G:\ZeeshanNoorullah\ReactNative\reactredux\node_modules\@react-native\gradle-plugin\build\20230628_414082596978920056.compiler.options

Host: Intel(R) Core(TM) i5-4590S CPU @ 3.00GHz, 4 cores, 11G,  Windows 10 , 64 bit Build 19041 (10.0.19041.3031)
Time: Wed Jun 28 17:13:52 2023 Pakistan Standard Time elapsed time: 1.757134 seconds (0d 0h 0m 1s)

---------------  T H R E A D  ---------------

Current thread (0x00000241adf77800):  JavaThread "C1 CompilerThread0" daemon [_thread_in_native, id=12436, stack(0x00000079f1a00000,0x00000079f1b00000)]


Current CompileTask:
C1:   1757 2119       3       java.lang.StringCoding::decodeUTF8 (45 bytes)

Stack: [0x00000079f1a00000,0x00000079f1b00000]
Native frames: (J=compiled Java code, j=interpreted, Vv=VM code, C=native code)
V  [jvm.dll+0x6296da]
V  [jvm.dll+0x76323f]
V  [jvm.dll+0x7648e9]
V  [jvm.dll+0x764f73]
V  [jvm.dll+0x23d7c8]
V  [jvm.dll+0xb2bdb]
V  [jvm.dll+0xb2f3c]
V  [jvm.dll+0x15b58d]
V  [jvm.dll+0x15dc81]
V  [jvm.dll+0x118935]
V  [jvm.dll+0x1181cf]
V  [jvm.dll+0x1183ff]
V  [jvm.dll+0x1176a4]
V  [jvm.dll+0x119577]
V  [jvm.dll+0x206e26]
V  [jvm.dll+0x204fbb]
V  [jvm.dll+0x729170]
V  [jvm.dll+0x721d44]
V  [jvm.dll+0x6285d6]
C  [ucrtbase.dll+0x21bb2]
C  [KERNEL32.DLL+0x17614]
C  [ntdll.dll+0x526f1]


---------------  P R O C E S S  ---------------

Threads class SMR info:
_java_thread_list=0x00000241afbf8e90, length=11, elements={
0x000002418da2f000, 0x00000241ad749000, 0x00000241ad74a800, 0x00000241adfc7800,
0x00000241adfcb800, 0x00000241adfcc800, 0x00000241adf74000, 0x00000241adf77800,
0x00000241adfde000, 0x00000241ae16c000, 0x00000241ae16f000
}

Java Threads: ( => current thread )
  0x000002418da2f000 JavaThread "main" [_thread_in_vm, id=7776, stack(0x00000079f0d00000,0x00000079f0e00000)]
  0x00000241ad749000 JavaThread "Reference Handler" daemon [_thread_blocked, id=948, stack(0x00000079f1400000,0x00000079f1500000)]
  0x00000241ad74a800 JavaThread "Finalizer" daemon [_thread_blocked, id=15152, stack(0x00000079f1500000,0x00000079f1600000)]
  0x00000241adfc7800 JavaThread "Signal Dispatcher" daemon [_thread_blocked, id=15096, stack(0x00000079f1600000,0x00000079f1700000)]
  0x00000241adfcb800 JavaThread "Attach Listener" daemon [_thread_blocked, id=4792, stack(0x00000079f1700000,0x00000079f1800000)]
  0x00000241adfcc800 JavaThread "Service Thread" daemon [_thread_blocked, id=1708, stack(0x00000079f1800000,0x00000079f1900000)]
  0x00000241adf74000 JavaThread "C2 CompilerThread0" daemon [_thread_in_native, id=7348, stack(0x00000079f1900000,0x00000079f1a00000)]
=>0x00000241adf77800 JavaThread "C1 CompilerThread0" daemon [_thread_in_native, id=12436, stack(0x00000079f1a00000,0x00000079f1b00000)]
  0x00000241adfde000 JavaThread "Sweeper thread" daemon [_thread_blocked, id=6784, stack(0x00000079f1b00000,0x00000079f1c00000)]
  0x00000241ae16c000 JavaThread "Common-Cleaner" daemon [_thread_blocked, id=8360, stack(0x00000079f1d00000,0x00000079f1e00000)]
  0x00000241ae16f000 JavaThread "C2 CompilerThread1" daemon [_thread_in_native, id=2432, stack(0x00000079f1e00000,0x00000079f1f00000)]

Other Threads:
  0x00000241ad733800 VMThread "VM Thread" [stack: 0x00000079f1300000,0x00000079f1400000] [id=14316]
  0x00000241ae16b800 WatcherThread [stack: 0x00000079f1c00000,0x00000079f1d00000] [id=4476]
  0x000002418da45000 GCTaskThread "GC Thread#0" [stack: 0x00000079f0e00000,0x00000079f0f00000] [id=15304]
  0x00000241ae658800 GCTaskThread "GC Thread#1" [stack: 0x00000079f1f00000,0x00000079f2000000] [id=13412]
  0x00000241ae638800 GCTaskThread "GC Thread#2" [stack: 0x00000079f2000000,0x00000079f2100000] [id=15312]
  0x00000241ae639000 GCTaskThread "GC Thread#3" [stack: 0x00000079f2100000,0x00000079f2200000] [id=15752]
  0x000002418da8b800 ConcurrentGCThread "G1 Main Marker" [stack: 0x00000079f0f00000,0x00000079f1000000] [id=13608]
  0x000002418da8d800 ConcurrentGCThread "G1 Conc#0" [stack: 0x00000079f1000000,0x00000079f1100000] [id=6392]
  0x00000241ad59a800 ConcurrentGCThread "G1 Refine#0" [stack: 0x00000079f1100000,0x00000079f1200000] [id=8408]
  0x00000241ad59d800 ConcurrentGCThread "G1 Young RemSet Sampling" [stack: 0x00000079f1200000,0x00000079f1300000] [id=9744]

Threads with active compile tasks:
C2 CompilerThread0   1797 1877   !   4       jdk.internal.loader.BuiltinClassLoader::loadClassOrNull (143 bytes)
C1 CompilerThread0   1797 2119       3       java.lang.StringCoding::decodeUTF8 (45 bytes)
C2 CompilerThread1   1797 2117       4       java.util.jar.JarFile::getEntry (22 bytes)

VM state:not at safepoint (normal execution)

VM Mutex/Monitor currently owned by a thread: None

Heap address: 0x0000000741600000, size: 3050 MB, Compressed Oops mode: Zero based, Oop shift amount: 3
Narrow klass base: 0x0000000800000000, Narrow klass shift: 0
Compressed class space size: 1073741824 Address: 0x0000000800000000

Heap:
 garbage-first heap   total 196608K, used 43840K [0x0000000741600000, 0x0000000800000000)
  region size 1024K, 36 young (36864K), 7 survivors (7168K)
 Metaspace       used 28765K, capacity 29196K, committed 29312K, reserved 1077248K
  class space    used 3174K, capacity 3352K, committed 3456K, reserved 1048576K
Heap Regions: E=young(eden), S=young(survivor), O=old, HS=humongous(starts), HC=humongous(continues), CS=collection set, F=free, A=archive, TAMS=top-at-mark-start (previous, next)
|   0|0x0000000741600000, 0x0000000741700000, 0x0000000741700000|100%|HS|  |TAMS 0x0000000741700000, 0x0000000741600000| Complete 
|   1|0x0000000741700000, 0x0000000741800000, 0x0000000741800000|100%|HC|  |TAMS 0x0000000741800000, 0x0000000741700000| Complete 
|   2|0x0000000741800000, 0x0000000741900000, 0x0000000741900000|100%|HC|  |TAMS 0x0000000741900000, 0x0000000741800000| Complete 
|   3|0x0000000741900000, 0x0000000741a00000, 0x0000000741a00000|100%|HC|  |TAMS 0x0000000741a00000, 0x0000000741900000| Complete 
|   4|0x0000000741a00000, 0x0000000741a00000, 0x0000000741b00000|  0%| F|  |TAMS 0x0000000741a00000, 0x0000000741a00000| Untracked 
|   5|0x0000000741b00000, 0x0000000741b3b200, 0x0000000741c00000| 23%| O|  |TAMS 0x0000000741b3b200, 0x0000000741b00000| Untracked 
|   6|0x0000000741c00000, 0x0000000741d00000, 0x0000000741d00000|100%|HS|  |TAMS 0x0000000741c00000, 0x0000000741c00000| Complete 
|   7|0x0000000741d00000, 0x0000000741e00000, 0x0000000741e00000|100%|HC|  |TAMS 0x0000000741d00000, 0x0000000741d00000| Complete 
|   8|0x0000000741e00000, 0x0000000741f00000, 0x0000000741f00000|100%|HC|  |TAMS 0x0000000741e00000, 0x0000000741e00000| Complete 
|   9|0x0000000741f00000, 0x0000000742000000, 0x0000000742000000|100%|HC|  |TAMS 0x0000000741f00000, 0x0000000741f00000| Complete 
|  10|0x0000000742000000, 0x0000000742000000, 0x0000000742100000|  0%| F|  |TAMS 0x0000000742000000, 0x0000000742000000| Untracked 
|  11|0x0000000742100000, 0x0000000742100000, 0x0000000742200000|  0%| F|  |TAMS 0x0000000742100000, 0x0000000742100000| Untracked 
|  12|0x0000000742200000, 0x0000000742200000, 0x0000000742300000|  0%| F|  |TAMS 0x0000000742200000, 0x0000000742200000| Untracked 
|  13|0x0000000742300000, 0x0000000742300000, 0x0000000742400000|  0%| F|  |TAMS 0x0000000742300000, 0x0000000742300000| Untracked 
|  14|0x0000000742400000, 0x0000000742400000, 0x0000000742500000|  0%| F|  |TAMS 0x0000000742400000, 0x0000000742400000| Untracked 
|  15|0x0000000742500000, 0x0000000742500000, 0x0000000742600000|  0%| F|  |TAMS 0x0000000742500000, 0x0000000742500000| Untracked 
|  16|0x0000000742600000, 0x0000000742600000, 0x0000000742700000|  0%| F|  |TAMS 0x0000000742600000, 0x0000000742600000| Untracked 
|  17|0x0000000742700000, 0x0000000742700000, 0x0000000742800000|  0%| F|  |TAMS 0x0000000742700000, 0x0000000742700000| Untracked 
|  18|0x0000000742800000, 0x0000000742800000, 0x0000000742900000|  0%| F|  |TAMS 0x0000000742800000, 0x0000000742800000| Untracked 
|  19|0x0000000742900000, 0x0000000742900000, 0x0000000742a00000|  0%| F|  |TAMS 0x0000000742900000, 0x0000000742900000| Untracked 
|  20|0x0000000742a00000, 0x0000000742a00000, 0x0000000742b00000|  0%| F|  |TAMS 0x0000000742a00000, 0x0000000742a00000| Untracked 
|  21|0x0000000742b00000, 0x0000000742b00000, 0x0000000742c00000|  0%| F|  |TAMS 0x0000000742b00000, 0x0000000742b00000| Untracked 
|  22|0x0000000742c00000, 0x0000000742c00000, 0x0000000742d00000|  0%| F|  |TAMS 0x0000000742c00000, 0x0000000742c00000| Untracked 
|  23|0x0000000742d00000, 0x0000000742d00000, 0x0000000742e00000|  0%| F|  |TAMS 0x0000000742d00000, 0x0000000742d00000| Untracked 
|  24|0x0000000742e00000, 0x0000000742e00000, 0x0000000742f00000|  0%| F|  |TAMS 0x0000000742e00000, 0x0000000742e00000| Untracked 
|  25|0x0000000742f00000, 0x0000000742f00000, 0x0000000743000000|  0%| F|  |TAMS 0x0000000742f00000, 0x0000000742f00000| Untracked 
|  26|0x0000000743000000, 0x0000000743000000, 0x0000000743100000|  0%| F|  |TAMS 0x0000000743000000, 0x0000000743000000| Untracked 
|  27|0x0000000743100000, 0x0000000743100000, 0x0000000743200000|  0%| F|  |TAMS 0x0000000743100000, 0x0000000743100000| Untracked 
|  28|0x0000000743200000, 0x0000000743200000, 0x0000000743300000|  0%| F|  |TAMS 0x0000000743200000, 0x0000000743200000| Untracked 
|  29|0x0000000743300000, 0x0000000743300000, 0x0000000743400000|  0%| F|  |TAMS 0x0000000743300000, 0x0000000743300000| Untracked 
|  30|0x0000000743400000, 0x0000000743400000, 0x0000000743500000|  0%| F|  |TAMS 0x0000000743400000, 0x0000000743400000| Untracked 
|  31|0x0000000743500000, 0x0000000743500000, 0x0000000743600000|  0%| F|  |TAMS 0x0000000743500000, 0x0000000743500000| Untracked 
|  32|0x0000000743600000, 0x0000000743600000, 0x0000000743700000|  0%| F|  |TAMS 0x0000000743600000, 0x0000000743600000| Untracked 
|  33|0x0000000743700000, 0x0000000743700000, 0x0000000743800000|  0%| F|  |TAMS 0x0000000743700000, 0x0000000743700000| Untracked 
|  34|0x0000000743800000, 0x0000000743800000, 0x0000000743900000|  0%| F|  |TAMS 0x0000000743800000, 0x0000000743800000| Untracked 
|  35|0x0000000743900000, 0x0000000743900000, 0x0000000743a00000|  0%| F|  |TAMS 0x0000000743900000, 0x0000000743900000| Untracked 
|  36|0x0000000743a00000, 0x0000000743a00000, 0x0000000743b00000|  0%| F|  |TAMS 0x0000000743a00000, 0x0000000743a00000| Untracked 
|  37|0x0000000743b00000, 0x0000000743b00000, 0x0000000743c00000|  0%| F|  |TAMS 0x0000000743b00000, 0x0000000743b00000| Untracked 
|  38|0x0000000743c00000, 0x0000000743c00000, 0x0000000743d00000|  0%| F|  |TAMS 0x0000000743c00000, 0x0000000743c00000| Untracked 
|  39|0x0000000743d00000, 0x0000000743d00000, 0x0000000743e00000|  0%| F|  |TAMS 0x0000000743d00000, 0x0000000743d00000| Untracked 
|  40|0x0000000743e00000, 0x0000000743e00000, 0x0000000743f00000|  0%| F|  |TAMS 0x0000000743e00000, 0x0000000743e00000| Untracked 
|  41|0x0000000743f00000, 0x0000000743f00000, 0x0000000744000000|  0%| F|  |TAMS 0x0000000743f00000, 0x0000000743f00000| Untracked 
|  42|0x0000000744000000, 0x0000000744000000, 0x0000000744100000|  0%| F|  |TAMS 0x0000000744000000, 0x0000000744000000| Untracked 
|  43|0x0000000744100000, 0x0000000744100000, 0x0000000744200000|  0%| F|  |TAMS 0x0000000744100000, 0x0000000744100000| Untracked 
|  44|0x0000000744200000, 0x0000000744200000, 0x0000000744300000|  0%| F|  |TAMS 0x0000000744200000, 0x0000000744200000| Untracked 
|  45|0x0000000744300000, 0x0000000744300000, 0x0000000744400000|  0%| F|  |TAMS 0x0000000744300000, 0x0000000744300000| Untracked 
|  46|0x0000000744400000, 0x0000000744400000, 0x0000000744500000|  0%| F|  |TAMS 0x0000000744400000, 0x0000000744400000| Untracked 
|  47|0x0000000744500000, 0x0000000744500000, 0x0000000744600000|  0%| F|  |TAMS 0x0000000744500000, 0x0000000744500000| Untracked 
|  48|0x0000000744600000, 0x0000000744600000, 0x0000000744700000|  0%| F|  |TAMS 0x0000000744600000, 0x0000000744600000| Untracked 
|  49|0x0000000744700000, 0x0000000744700000, 0x0000000744800000|  0%| F|  |TAMS 0x0000000744700000, 0x0000000744700000| Untracked 
|  50|0x0000000744800000, 0x0000000744800000, 0x0000000744900000|  0%| F|  |TAMS 0x0000000744800000, 0x0000000744800000| Untracked 
|  51|0x0000000744900000, 0x0000000744900000, 0x0000000744a00000|  0%| F|  |TAMS 0x0000000744900000, 0x0000000744900000| Untracked 
|  52|0x0000000744a00000, 0x0000000744a00000, 0x0000000744b00000|  0%| F|  |TAMS 0x0000000744a00000, 0x0000000744a00000| Untracked 
|  53|0x0000000744b00000, 0x0000000744b00000, 0x0000000744c00000|  0%| F|  |TAMS 0x0000000744b00000, 0x0000000744b00000| Untracked 
|  54|0x0000000744c00000, 0x0000000744c00000, 0x0000000744d00000|  0%| F|  |TAMS 0x0000000744c00000, 0x0000000744c00000| Untracked 
|  55|0x0000000744d00000, 0x0000000744d00000, 0x0000000744e00000|  0%| F|  |TAMS 0x0000000744d00000, 0x0000000744d00000| Untracked 
|  56|0x0000000744e00000, 0x0000000744e00000, 0x0000000744f00000|  0%| F|  |TAMS 0x0000000744e00000, 0x0000000744e00000| Untracked 
|  57|0x0000000744f00000, 0x0000000744f00000, 0x0000000745000000|  0%| F|  |TAMS 0x0000000744f00000, 0x0000000744f00000| Untracked 
|  58|0x0000000745000000, 0x0000000745000000, 0x0000000745100000|  0%| F|  |TAMS 0x0000000745000000, 0x0000000745000000| Untracked 
|  59|0x0000000745100000, 0x0000000745100000, 0x0000000745200000|  0%| F|  |TAMS 0x0000000745100000, 0x0000000745100000| Untracked 
|  60|0x0000000745200000, 0x0000000745200000, 0x0000000745300000|  0%| F|  |TAMS 0x0000000745200000, 0x0000000745200000| Untracked 
|  61|0x0000000745300000, 0x0000000745300000, 0x0000000745400000|  0%| F|  |TAMS 0x0000000745300000, 0x0000000745300000| Untracked 
|  62|0x0000000745400000, 0x0000000745400000, 0x0000000745500000|  0%| F|  |TAMS 0x0000000745400000, 0x0000000745400000| Untracked 
|  63|0x0000000745500000, 0x0000000745500000, 0x0000000745600000|  0%| F|  |TAMS 0x0000000745500000, 0x0000000745500000| Untracked 
|  64|0x0000000745600000, 0x0000000745600000, 0x0000000745700000|  0%| F|  |TAMS 0x0000000745600000, 0x0000000745600000| Untracked 
|  65|0x0000000745700000, 0x0000000745700000, 0x0000000745800000|  0%| F|  |TAMS 0x0000000745700000, 0x0000000745700000| Untracked 
|  66|0x0000000745800000, 0x0000000745800000, 0x0000000745900000|  0%| F|  |TAMS 0x0000000745800000, 0x0000000745800000| Untracked 
|  67|0x0000000745900000, 0x0000000745900000, 0x0000000745a00000|  0%| F|  |TAMS 0x0000000745900000, 0x0000000745900000| Untracked 
|  68|0x0000000745a00000, 0x0000000745a00000, 0x0000000745b00000|  0%| F|  |TAMS 0x0000000745a00000, 0x0000000745a00000| Untracked 
|  69|0x0000000745b00000, 0x0000000745b00000, 0x0000000745c00000|  0%| F|  |TAMS 0x0000000745b00000, 0x0000000745b00000| Untracked 
|  70|0x0000000745c00000, 0x0000000745c00000, 0x0000000745d00000|  0%| F|  |TAMS 0x0000000745c00000, 0x0000000745c00000| Untracked 
|  71|0x0000000745d00000, 0x0000000745d00000, 0x0000000745e00000|  0%| F|  |TAMS 0x0000000745d00000, 0x0000000745d00000| Untracked 
|  72|0x0000000745e00000, 0x0000000745e00000, 0x0000000745f00000|  0%| F|  |TAMS 0x0000000745e00000, 0x0000000745e00000| Untracked 
|  73|0x0000000745f00000, 0x0000000745f00000, 0x0000000746000000|  0%| F|  |TAMS 0x0000000745f00000, 0x0000000745f00000| Untracked 
|  74|0x0000000746000000, 0x0000000746000000, 0x0000000746100000|  0%| F|  |TAMS 0x0000000746000000, 0x0000000746000000| Untracked 
|  75|0x0000000746100000, 0x0000000746100000, 0x0000000746200000|  0%| F|  |TAMS 0x0000000746100000, 0x0000000746100000| Untracked 
|  76|0x0000000746200000, 0x0000000746200000, 0x0000000746300000|  0%| F|  |TAMS 0x0000000746200000, 0x0000000746200000| Untracked 
|  77|0x0000000746300000, 0x0000000746300000, 0x0000000746400000|  0%| F|  |TAMS 0x0000000746300000, 0x0000000746300000| Untracked 
|  78|0x0000000746400000, 0x0000000746400000, 0x0000000746500000|  0%| F|  |TAMS 0x0000000746400000, 0x0000000746400000| Untracked 
|  79|0x0000000746500000, 0x0000000746500000, 0x0000000746600000|  0%| F|  |TAMS 0x0000000746500000, 0x0000000746500000| Untracked 
|  80|0x0000000746600000, 0x0000000746600000, 0x0000000746700000|  0%| F|  |TAMS 0x0000000746600000, 0x0000000746600000| Untracked 
|  81|0x0000000746700000, 0x0000000746700000, 0x0000000746800000|  0%| F|  |TAMS 0x0000000746700000, 0x0000000746700000| Untracked 
|  82|0x0000000746800000, 0x0000000746800000, 0x0000000746900000|  0%| F|  |TAMS 0x0000000746800000, 0x0000000746800000| Untracked 
|  83|0x0000000746900000, 0x0000000746900000, 0x0000000746a00000|  0%| F|  |TAMS 0x0000000746900000, 0x0000000746900000| Untracked 
|  84|0x0000000746a00000, 0x0000000746a00000, 0x0000000746b00000|  0%| F|  |TAMS 0x0000000746a00000, 0x0000000746a00000| Untracked 
|  85|0x0000000746b00000, 0x0000000746b00000, 0x0000000746c00000|  0%| F|  |TAMS 0x0000000746b00000, 0x0000000746b00000| Untracked 
|  86|0x0000000746c00000, 0x0000000746c00000, 0x0000000746d00000|  0%| F|  |TAMS 0x0000000746c00000, 0x0000000746c00000| Untracked 
|  87|0x0000000746d00000, 0x0000000746d00000, 0x0000000746e00000|  0%| F|  |TAMS 0x0000000746d00000, 0x0000000746d00000| Untracked 
|  88|0x0000000746e00000, 0x0000000746e00000, 0x0000000746f00000|  0%| F|  |TAMS 0x0000000746e00000, 0x0000000746e00000| Untracked 
|  89|0x0000000746f00000, 0x0000000746f00000, 0x0000000747000000|  0%| F|  |TAMS 0x0000000746f00000, 0x0000000746f00000| Untracked 
|  90|0x0000000747000000, 0x0000000747000000, 0x0000000747100000|  0%| F|  |TAMS 0x0000000747000000, 0x0000000747000000| Untracked 
|  91|0x0000000747100000, 0x0000000747100000, 0x0000000747200000|  0%| F|  |TAMS 0x0000000747100000, 0x0000000747100000| Untracked 
|  92|0x0000000747200000, 0x0000000747200000, 0x0000000747300000|  0%| F|  |TAMS 0x0000000747200000, 0x0000000747200000| Untracked 
|  93|0x0000000747300000, 0x0000000747300000, 0x0000000747400000|  0%| F|  |TAMS 0x0000000747300000, 0x0000000747300000| Untracked 
|  94|0x0000000747400000, 0x0000000747400000, 0x0000000747500000|  0%| F|  |TAMS 0x0000000747400000, 0x0000000747400000| Untracked 
|  95|0x0000000747500000, 0x0000000747500000, 0x0000000747600000|  0%| F|  |TAMS 0x0000000747500000, 0x0000000747500000| Untracked 
|  96|0x0000000747600000, 0x0000000747600000, 0x0000000747700000|  0%| F|  |TAMS 0x0000000747600000, 0x0000000747600000| Untracked 
|  97|0x0000000747700000, 0x0000000747700000, 0x0000000747800000|  0%| F|  |TAMS 0x0000000747700000, 0x0000000747700000| Untracked 
|  98|0x0000000747800000, 0x0000000747800000, 0x0000000747900000|  0%| F|  |TAMS 0x0000000747800000, 0x0000000747800000| Untracked 
|  99|0x0000000747900000, 0x0000000747900000, 0x0000000747a00000|  0%| F|  |TAMS 0x0000000747900000, 0x0000000747900000| Untracked 
| 100|0x0000000747a00000, 0x0000000747a00000, 0x0000000747b00000|  0%| F|  |TAMS 0x0000000747a00000, 0x0000000747a00000| Untracked 
| 101|0x0000000747b00000, 0x0000000747b00000, 0x0000000747c00000|  0%| F|  |TAMS 0x0000000747b00000, 0x0000000747b00000| Untracked 
| 102|0x0000000747c00000, 0x0000000747c00000, 0x0000000747d00000|  0%| F|  |TAMS 0x0000000747c00000, 0x0000000747c00000| Untracked 
| 103|0x0000000747d00000, 0x0000000747d00000, 0x0000000747e00000|  0%| F|  |TAMS 0x0000000747d00000, 0x0000000747d00000| Untracked 
| 104|0x0000000747e00000, 0x0000000747e00000, 0x0000000747f00000|  0%| F|  |TAMS 0x0000000747e00000, 0x0000000747e00000| Untracked 
| 105|0x0000000747f00000, 0x0000000747f00000, 0x0000000748000000|  0%| F|  |TAMS 0x0000000747f00000, 0x0000000747f00000| Untracked 
| 106|0x0000000748000000, 0x0000000748000000, 0x0000000748100000|  0%| F|  |TAMS 0x0000000748000000, 0x0000000748000000| Untracked 
| 107|0x0000000748100000, 0x0000000748100000, 0x0000000748200000|  0%| F|  |TAMS 0x0000000748100000, 0x0000000748100000| Untracked 
| 108|0x0000000748200000, 0x0000000748200000, 0x0000000748300000|  0%| F|  |TAMS 0x0000000748200000, 0x0000000748200000| Untracked 
| 109|0x0000000748300000, 0x0000000748300000, 0x0000000748400000|  0%| F|  |TAMS 0x0000000748300000, 0x0000000748300000| Untracked 
| 110|0x0000000748400000, 0x0000000748400000, 0x0000000748500000|  0%| F|  |TAMS 0x0000000748400000, 0x0000000748400000| Untracked 
| 111|0x0000000748500000, 0x0000000748500000, 0x0000000748600000|  0%| F|  |TAMS 0x0000000748500000, 0x0000000748500000| Untracked 
| 112|0x0000000748600000, 0x0000000748600000, 0x0000000748700000|  0%| F|  |TAMS 0x0000000748600000, 0x0000000748600000| Untracked 
| 113|0x0000000748700000, 0x0000000748700000, 0x0000000748800000|  0%| F|  |TAMS 0x0000000748700000, 0x0000000748700000| Untracked 
| 114|0x0000000748800000, 0x0000000748800000, 0x0000000748900000|  0%| F|  |TAMS 0x0000000748800000, 0x0000000748800000| Untracked 
| 115|0x0000000748900000, 0x0000000748900000, 0x0000000748a00000|  0%| F|  |TAMS 0x0000000748900000, 0x0000000748900000| Untracked 
| 116|0x0000000748a00000, 0x0000000748a00000, 0x0000000748b00000|  0%| F|  |TAMS 0x0000000748a00000, 0x0000000748a00000| Untracked 
| 117|0x0000000748b00000, 0x0000000748b00000, 0x0000000748c00000|  0%| F|  |TAMS 0x0000000748b00000, 0x0000000748b00000| Untracked 
| 118|0x0000000748c00000, 0x0000000748c00000, 0x0000000748d00000|  0%| F|  |TAMS 0x0000000748c00000, 0x0000000748c00000| Untracked 
| 119|0x0000000748d00000, 0x0000000748d00000, 0x0000000748e00000|  0%| F|  |TAMS 0x0000000748d00000, 0x0000000748d00000| Untracked 
| 120|0x0000000748e00000, 0x0000000748e00000, 0x0000000748f00000|  0%| F|  |TAMS 0x0000000748e00000, 0x0000000748e00000| Untracked 
| 121|0x0000000748f00000, 0x0000000748f00000, 0x0000000749000000|  0%| F|  |TAMS 0x0000000748f00000, 0x0000000748f00000| Untracked 
| 122|0x0000000749000000, 0x0000000749000000, 0x0000000749100000|  0%| F|  |TAMS 0x0000000749000000, 0x0000000749000000| Untracked 
| 123|0x0000000749100000, 0x0000000749100000, 0x0000000749200000|  0%| F|  |TAMS 0x0000000749100000, 0x0000000749100000| Untracked 
| 124|0x0000000749200000, 0x0000000749200000, 0x0000000749300000|  0%| F|  |TAMS 0x0000000749200000, 0x0000000749200000| Untracked 
| 125|0x0000000749300000, 0x0000000749300000, 0x0000000749400000|  0%| F|  |TAMS 0x0000000749300000, 0x0000000749300000| Untracked 
| 126|0x0000000749400000, 0x0000000749400000, 0x0000000749500000|  0%| F|  |TAMS 0x0000000749400000, 0x0000000749400000| Untracked 
| 127|0x0000000749500000, 0x0000000749500000, 0x0000000749600000|  0%| F|  |TAMS 0x0000000749500000, 0x0000000749500000| Untracked 
| 128|0x0000000749600000, 0x0000000749600000, 0x0000000749700000|  0%| F|  |TAMS 0x0000000749600000, 0x0000000749600000| Untracked 
| 129|0x0000000749700000, 0x0000000749700000, 0x0000000749800000|  0%| F|  |TAMS 0x0000000749700000, 0x0000000749700000| Untracked 
| 130|0x0000000749800000, 0x0000000749800000, 0x0000000749900000|  0%| F|  |TAMS 0x0000000749800000, 0x0000000749800000| Untracked 
| 131|0x0000000749900000, 0x0000000749900000, 0x0000000749a00000|  0%| F|  |TAMS 0x0000000749900000, 0x0000000749900000| Untracked 
| 132|0x0000000749a00000, 0x0000000749a00000, 0x0000000749b00000|  0%| F|  |TAMS 0x0000000749a00000, 0x0000000749a00000| Untracked 
| 133|0x0000000749b00000, 0x0000000749b00000, 0x0000000749c00000|  0%| F|  |TAMS 0x0000000749b00000, 0x0000000749b00000| Untracked 
| 134|0x0000000749c00000, 0x0000000749c94ea8, 0x0000000749d00000| 58%| S|CS|TAMS 0x0000000749c00000, 0x0000000749c00000| Complete 
| 135|0x0000000749d00000, 0x0000000749e00000, 0x0000000749e00000|100%| S|CS|TAMS 0x0000000749d00000, 0x0000000749d00000| Complete 
| 136|0x0000000749e00000, 0x0000000749f00000, 0x0000000749f00000|100%| S|CS|TAMS 0x0000000749e00000, 0x0000000749e00000| Complete 
| 137|0x0000000749f00000, 0x000000074a000000, 0x000000074a000000|100%| S|CS|TAMS 0x0000000749f00000, 0x0000000749f00000| Complete 
| 138|0x000000074a000000, 0x000000074a100000, 0x000000074a100000|100%| S|CS|TAMS 0x000000074a000000, 0x000000074a000000| Complete 
| 139|0x000000074a100000, 0x000000074a200000, 0x000000074a200000|100%| S|CS|TAMS 0x000000074a100000, 0x000000074a100000| Complete 
| 140|0x000000074a200000, 0x000000074a300000, 0x000000074a300000|100%| S|CS|TAMS 0x000000074a200000, 0x000000074a200000| Complete 
| 141|0x000000074a300000, 0x000000074a300000, 0x000000074a400000|  0%| F|  |TAMS 0x000000074a300000, 0x000000074a300000| Untracked 
| 142|0x000000074a400000, 0x000000074a400000, 0x000000074a500000|  0%| F|  |TAMS 0x000000074a400000, 0x000000074a400000| Untracked 
| 143|0x000000074a500000, 0x000000074a500000, 0x000000074a600000|  0%| F|  |TAMS 0x000000074a500000, 0x000000074a500000| Untracked 
| 144|0x000000074a600000, 0x000000074a600000, 0x000000074a700000|  0%| F|  |TAMS 0x000000074a600000, 0x000000074a600000| Untracked 
| 145|0x000000074a700000, 0x000000074a700000, 0x000000074a800000|  0%| F|  |TAMS 0x000000074a700000, 0x000000074a700000| Untracked 
| 146|0x000000074a800000, 0x000000074a800000, 0x000000074a900000|  0%| F|  |TAMS 0x000000074a800000, 0x000000074a800000| Untracked 
| 147|0x000000074a900000, 0x000000074a900000, 0x000000074aa00000|  0%| F|  |TAMS 0x000000074a900000, 0x000000074a900000| Untracked 
| 148|0x000000074aa00000, 0x000000074aa00000, 0x000000074ab00000|  0%| F|  |TAMS 0x000000074aa00000, 0x000000074aa00000| Untracked 
| 149|0x000000074ab00000, 0x000000074ab00000, 0x000000074ac00000|  0%| F|  |TAMS 0x000000074ab00000, 0x000000074ab00000| Untracked 
| 150|0x000000074ac00000, 0x000000074ac00000, 0x000000074ad00000|  0%| F|  |TAMS 0x000000074ac00000, 0x000000074ac00000| Untracked 
| 151|0x000000074ad00000, 0x000000074ad00000, 0x000000074ae00000|  0%| F|  |TAMS 0x000000074ad00000, 0x000000074ad00000| Untracked 
| 152|0x000000074ae00000, 0x000000074ae00000, 0x000000074af00000|  0%| F|  |TAMS 0x000000074ae00000, 0x000000074ae00000| Untracked 
| 153|0x000000074af00000, 0x000000074af00000, 0x000000074b000000|  0%| F|  |TAMS 0x000000074af00000, 0x000000074af00000| Untracked 
| 154|0x000000074b000000, 0x000000074b000000, 0x000000074b100000|  0%| F|  |TAMS 0x000000074b000000, 0x000000074b000000| Untracked 
| 155|0x000000074b100000, 0x000000074b100000, 0x000000074b200000|  0%| F|  |TAMS 0x000000074b100000, 0x000000074b100000| Untracked 
| 156|0x000000074b200000, 0x000000074b200000, 0x000000074b300000|  0%| F|  |TAMS 0x000000074b200000, 0x000000074b200000| Untracked 
| 157|0x000000074b300000, 0x000000074b300000, 0x000000074b400000|  0%| F|  |TAMS 0x000000074b300000, 0x000000074b300000| Untracked 
| 158|0x000000074b400000, 0x000000074b400000, 0x000000074b500000|  0%| F|  |TAMS 0x000000074b400000, 0x000000074b400000| Untracked 
| 159|0x000000074b500000, 0x000000074b500000, 0x000000074b600000|  0%| F|  |TAMS 0x000000074b500000, 0x000000074b500000| Untracked 
| 160|0x000000074b600000, 0x000000074b600000, 0x000000074b700000|  0%| F|  |TAMS 0x000000074b600000, 0x000000074b600000| Untracked 
| 161|0x000000074b700000, 0x000000074b700000, 0x000000074b800000|  0%| F|  |TAMS 0x000000074b700000, 0x000000074b700000| Untracked 
| 162|0x000000074b800000, 0x000000074b880990, 0x000000074b900000| 50%| E|  |TAMS 0x000000074b800000, 0x000000074b800000| Complete 
| 163|0x000000074b900000, 0x000000074ba00000, 0x000000074ba00000|100%| E|CS|TAMS 0x000000074b900000, 0x000000074b900000| Complete 
| 164|0x000000074ba00000, 0x000000074bb00000, 0x000000074bb00000|100%| E|CS|TAMS 0x000000074ba00000, 0x000000074ba00000| Complete 
| 165|0x000000074bb00000, 0x000000074bc00000, 0x000000074bc00000|100%| E|CS|TAMS 0x000000074bb00000, 0x000000074bb00000| Complete 
| 166|0x000000074bc00000, 0x000000074bd00000, 0x000000074bd00000|100%| E|CS|TAMS 0x000000074bc00000, 0x000000074bc00000| Complete 
| 167|0x000000074bd00000, 0x000000074be00000, 0x000000074be00000|100%| E|CS|TAMS 0x000000074bd00000, 0x000000074bd00000| Complete 
| 168|0x000000074be00000, 0x000000074bf00000, 0x000000074bf00000|100%| E|CS|TAMS 0x000000074be00000, 0x000000074be00000| Complete 
| 169|0x000000074bf00000, 0x000000074c000000, 0x000000074c000000|100%| E|CS|TAMS 0x000000074bf00000, 0x000000074bf00000| Complete 
| 170|0x000000074c000000, 0x000000074c100000, 0x000000074c100000|100%| E|CS|TAMS 0x000000074c000000, 0x000000074c000000| Complete 
| 171|0x000000074c100000, 0x000000074c200000, 0x000000074c200000|100%| E|CS|TAMS 0x000000074c100000, 0x000000074c100000| Complete 
| 172|0x000000074c200000, 0x000000074c300000, 0x000000074c300000|100%| E|CS|TAMS 0x000000074c200000, 0x000000074c200000| Complete 
| 173|0x000000074c300000, 0x000000074c400000, 0x000000074c400000|100%| E|CS|TAMS 0x000000074c300000, 0x000000074c300000| Complete 
| 174|0x000000074c400000, 0x000000074c500000, 0x000000074c500000|100%| E|CS|TAMS 0x000000074c400000, 0x000000074c400000| Complete 
| 175|0x000000074c500000, 0x000000074c600000, 0x000000074c600000|100%| E|CS|TAMS 0x000000074c500000, 0x000000074c500000| Complete 
| 176|0x000000074c600000, 0x000000074c700000, 0x000000074c700000|100%| E|CS|TAMS 0x000000074c600000, 0x000000074c600000| Complete 
| 177|0x000000074c700000, 0x000000074c800000, 0x000000074c800000|100%| E|CS|TAMS 0x000000074c700000, 0x000000074c700000| Complete 
| 178|0x000000074c800000, 0x000000074c900000, 0x000000074c900000|100%| E|CS|TAMS 0x000000074c800000, 0x000000074c800000| Complete 
| 179|0x000000074c900000, 0x000000074ca00000, 0x000000074ca00000|100%| E|CS|TAMS 0x000000074c900000, 0x000000074c900000| Complete 
| 180|0x000000074ca00000, 0x000000074cb00000, 0x000000074cb00000|100%| E|CS|TAMS 0x000000074ca00000, 0x000000074ca00000| Complete 
| 181|0x000000074cb00000, 0x000000074cc00000, 0x000000074cc00000|100%| E|CS|TAMS 0x000000074cb00000, 0x000000074cb00000| Complete 
| 182|0x000000074cc00000, 0x000000074cd00000, 0x000000074cd00000|100%| E|CS|TAMS 0x000000074cc00000, 0x000000074cc00000| Complete 
| 183|0x000000074cd00000, 0x000000074ce00000, 0x000000074ce00000|100%| E|CS|TAMS 0x000000074cd00000, 0x000000074cd00000| Complete 
| 184|0x000000074ce00000, 0x000000074cf00000, 0x000000074cf00000|100%| E|CS|TAMS 0x000000074ce00000, 0x000000074ce00000| Complete 
| 185|0x000000074cf00000, 0x000000074d000000, 0x000000074d000000|100%| E|CS|TAMS 0x000000074cf00000, 0x000000074cf00000| Complete 
| 186|0x000000074d000000, 0x000000074d100000, 0x000000074d100000|100%| E|CS|TAMS 0x000000074d000000, 0x000000074d000000| Complete 
| 187|0x000000074d100000, 0x000000074d200000, 0x000000074d200000|100%| E|CS|TAMS 0x000000074d100000, 0x000000074d100000| Complete 
| 188|0x000000074d200000, 0x000000074d300000, 0x000000074d300000|100%| E|CS|TAMS 0x000000074d200000, 0x000000074d200000| Complete 
| 189|0x000000074d300000, 0x000000074d400000, 0x000000074d400000|100%| E|CS|TAMS 0x000000074d300000, 0x000000074d300000| Complete 
| 190|0x000000074d400000, 0x000000074d500000, 0x000000074d500000|100%| E|CS|TAMS 0x000000074d400000, 0x000000074d400000| Complete 
| 191|0x000000074d500000, 0x000000074d600000, 0x000000074d600000|100%| E|CS|TAMS 0x000000074d500000, 0x000000074d500000| Complete 

Card table byte_map: [0x00000241a46b0000,0x00000241a4cb0000] _byte_map_base: 0x00000241a0ca5000

Marking Bits (Prev, Next): (CMBitMap*) 0x000002418da7ebd0, (CMBitMap*) 0x000002418da7eb98
 Prev Bits: [0x00000241a8260000, 0x00000241ab208000)
 Next Bits: [0x00000241a52b0000, 0x00000241a8258000)

Polling page: 0x000002418b840000

Metaspace:

Usage:
  Non-class:     25.30 MB capacity,    25.03 MB ( 99%) used,   235.88 KB ( <1%) free+waste,    44.25 KB ( <1%) overhead. 
      Class:      3.30 MB capacity,     3.11 MB ( 94%) used,   180.74 KB (  5%) free+waste,    21.63 KB ( <1%) overhead. 
       Both:     28.61 MB capacity,    28.13 MB ( 98%) used,   416.63 KB (  1%) free+waste,    65.88 KB ( <1%) overhead. 

Virtual space:
  Non-class space:       28.00 MB reserved,      25.50 MB ( 91%) committed 
      Class space:        1.00 GB reserved,       3.38 MB ( <1%) committed 
             Both:        1.03 GB reserved,      28.88 MB (  3%) committed 

Chunk freelists:
   Non-Class:  1.50 KB
       Class:  1.00 KB
        Both:  2.50 KB

CodeHeap 'non-profiled nmethods': size=120064Kb used=673Kb max_used=673Kb free=119390Kb
 bounds [0x000002419cb70000, 0x000002419cde0000, 0x00000241a40b0000]
CodeHeap 'profiled nmethods': size=120000Kb used=4224Kb max_used=4224Kb free=115776Kb
 bounds [0x0000024195640000, 0x0000024195a60000, 0x000002419cb70000]
CodeHeap 'non-nmethods': size=5696Kb used=1174Kb max_used=1188Kb free=4521Kb
 bounds [0x00000241950b0000, 0x0000024195320000, 0x0000024195640000]
 total_blobs=2630 nmethods=2115 adapters=426
 compilation: enabled
              stopped_count=0, restarted_count=0
 full_count=0

Compilation events (10 events):
Event: 1.734 Thread 0x00000241adf77800 2112       3       java.lang.invoke.MethodTypeForm::cachedLambdaForm (44 bytes)
Event: 1.734 Thread 0x00000241adf77800 nmethod 2112 0x0000024195a5d390 code [0x0000024195a5d540, 0x0000024195a5d8a8]
Event: 1.734 Thread 0x00000241adf77800 2113       3       java.lang.invoke.MethodHandles$Lookup::checkSecurityManager (104 bytes)
Event: 1.735 Thread 0x00000241adf77800 nmethod 2113 0x0000024195a5d990 code [0x0000024195a5dc60, 0x0000024195a5eb68]
Event: 1.746 Thread 0x00000241adf77800 2115  s    3       jdk.internal.perf.PerfCounter::add (18 bytes)
Event: 1.746 Thread 0x00000241adf77800 nmethod 2115 0x0000024195a5f010 code [0x0000024195a5f1e0, 0x0000024195a5f858]
Event: 1.746 Thread 0x00000241ae16f000 2117       4       java.util.jar.JarFile::getEntry (22 bytes)
Event: 1.746 Thread 0x00000241adf77800 2116  s    3       jdk.internal.perf.PerfCounter::get (9 bytes)
Event: 1.747 Thread 0x00000241adf77800 nmethod 2116 0x0000024195a5fa10 code [0x0000024195a5fbc0, 0x0000024195a5ff28]
Event: 1.751 Thread 0x00000241adf77800 2119       3       java.lang.StringCoding::decodeUTF8 (45 bytes)

GC Heap History (4 events):
Event: 0.397 GC heap before
{Heap before GC invocations=0 (full 0):
 garbage-first heap   total 196608K, used 18432K [0x0000000741600000, 0x0000000800000000)
  region size 1024K, 14 young (14336K), 0 survivors (0K)
 Metaspace       used 9325K, capacity 9421K, committed 9600K, reserved 1058816K
  class space    used 788K, capacity 820K, committed 896K, reserved 1048576K
}
Event: 0.399 GC heap after
{Heap after GC invocations=1 (full 0):
 garbage-first heap   total 196608K, used 6380K [0x0000000741600000, 0x0000000800000000)
  region size 1024K, 2 young (2048K), 2 survivors (2048K)
 Metaspace       used 9325K, capacity 9421K, committed 9600K, reserved 1058816K
  class space    used 788K, capacity 820K, committed 896K, reserved 1048576K
}
Event: 1.176 GC heap before
{Heap before GC invocations=1 (full 0):
 garbage-first heap   total 196608K, used 55532K [0x0000000741600000, 0x0000000800000000)
  region size 1024K, 51 young (52224K), 2 survivors (2048K)
 Metaspace       used 20864K, capacity 21133K, committed 21248K, reserved 1069056K
  class space    used 2226K, capacity 2303K, committed 2304K, reserved 1048576K
}
Event: 1.185 GC heap after
{Heap after GC invocations=2 (full 0):
 garbage-first heap   total 196608K, used 11072K [0x0000000741600000, 0x0000000800000000)
  region size 1024K, 7 young (7168K), 7 survivors (7168K)
 Metaspace       used 20864K, capacity 21133K, committed 21248K, reserved 1069056K
  class space    used 2226K, capacity 2303K, committed 2304K, reserved 1048576K
}

Deoptimization events (10 events):
Event: 1.338 Thread 0x000002418da2f000 Uncommon trap: reason=unstable_if action=reinterpret pc=0x000002419cb87d40 method=java.lang.AbstractStringBuilder.isLatin1()Z @ 10 c2
Event: 1.380 Thread 0x000002418da2f000 Uncommon trap: reason=unstable_if action=reinterpret pc=0x000002419cbfbc04 method=java.lang.StringUTF16.compress([CI[BII)I @ 20 c2
Event: 1.464 Thread 0x000002418da2f000 Uncommon trap: reason=class_check action=maybe_recompile pc=0x000002419cbf29cc method=java.util.zip.InflaterInputStream.read([BII)I @ 100 c2
Event: 1.468 Thread 0x000002418da2f000 Uncommon trap: reason=intrinsic_or_type_checked_inlining action=make_not_entrant pc=0x000002419cbf7f48 method=java.util.Arrays.copyOf([Ljava/lang/Object;ILjava/lang/Class;)[Ljava/lang/Object; @ 35 c2
Event: 1.483 Thread 0x000002418da2f000 Uncommon trap: reason=class_check action=maybe_recompile pc=0x000002419cbc5684 method=java.util.Collections$UnmodifiableCollection.size()I @ 4 c2
Event: 1.484 Thread 0x000002418da2f000 Uncommon trap: reason=class_check action=maybe_recompile pc=0x000002419cbc5684 method=java.util.Collections$UnmodifiableCollection.size()I @ 4 c2
Event: 1.484 Thread 0x000002418da2f000 Uncommon trap: reason=class_check action=maybe_recompile pc=0x000002419cbc5684 method=java.util.Collections$UnmodifiableCollection.size()I @ 4 c2
Event: 1.484 Thread 0x000002418da2f000 Uncommon trap: reason=class_check action=maybe_recompile pc=0x000002419cbc5684 method=java.util.Collections$UnmodifiableCollection.size()I @ 4 c2
Event: 1.522 Thread 0x000002418da2f000 Uncommon trap: reason=unstable_if action=reinterpret pc=0x000002419cbe8b8c method=java.lang.Integer.getChars(II[B)I @ 25 c2
Event: 1.633 Thread 0x000002418da2f000 Uncommon trap: reason=unstable_if action=reinterpret pc=0x000002419cbdbeb8 method=java.lang.String.startsWith(Ljava/lang/String;I)Z @ 1 c2

Classes redefined (0 events):
No events

Internal exceptions (10 events):
Event: 1.256 Thread 0x000002418da2f000 Exception <a 'java/lang/NoSuchMethodError'{0x000000074d1a7fe0}: java.lang.invoke.DirectMethodHandle$Holder.invokeStaticInit(Ljava/lang/Object;Ljava/lang/Object;)I> (0x000000074d1a7fe0) thrown at [./open/src/hotspot/share/interpreter/linkResolver.cpp, line
Event: 1.296 Thread 0x000002418da2f000 Exception <a 'java/lang/NoSuchMethodError'{0x000000074cfb1050}: java.lang.invoke.DirectMethodHandle$Holder.invokeSpecial(Ljava/lang/Object;Ljava/lang/Object;)V> (0x000000074cfb1050) thrown at [./open/src/hotspot/share/interpreter/linkResolver.cpp, line 77
Event: 1.478 Thread 0x000002418da2f000 Exception <a 'java/lang/NoSuchMethodError'{0x000000074c7adac0}: java.lang.invoke.DirectMethodHandle$Holder.invokeStatic(Ljava/lang/Object;Ljava/lang/Object;Ljava/lang/Object;Ljava/lang/Object;Ljava/lang/Object;Ljava/lang/Object;Ljava/lang/Object;Ljava/lan
Event: 1.479 Thread 0x000002418da2f000 Exception <a 'java/lang/NoSuchMethodError'{0x000000074c7bbac8}: java.lang.invoke.DirectMethodHandle$Holder.invokeStatic(Ljava/lang/Object;Ljava/lang/Object;Ljava/lang/Object;Ljava/lang/Object;Ljava/lang/Object;Ljava/lang/Object;Ljava/lang/Object;Ljava/lan
Event: 1.480 Thread 0x000002418da2f000 Exception <a 'java/lang/NoSuchMethodError'{0x000000074c7c99d8}: java.lang.invoke.DirectMethodHandle$Holder.invokeSpecial(Ljava/lang/Object;Ljava/lang/Object;IILjava/lang/Object;Ljava/lang/Object;Ljava/lang/Object;)Ljava/lang/Object;> (0x000000074c7c99d8) 
Event: 1.480 Thread 0x000002418da2f000 Exception <a 'java/lang/NoSuchMethodError'{0x000000074c7cd208}: java.lang.invoke.DelegatingMethodHandle$Holder.reinvoke_L(Ljava/lang/Object;IILjava/lang/Object;Ljava/lang/Object;Ljava/lang/Object;)Ljava/lang/Object;> (0x000000074c7cd208) thrown at [./open
Event: 1.481 Thread 0x000002418da2f000 Exception <a 'java/lang/NoSuchMethodError'{0x000000074c7d1590}: java.lang.invoke.DirectMethodHandle$Holder.invokeStatic(Ljava/lang/Object;Ljava/lang/Object;Ljava/lang/Object;Ljava/lang/Object;I)Ljava/lang/Object;> (0x000000074c7d1590) thrown at [./open/sr
Event: 1.526 Thread 0x000002418da2f000 Exception <a 'java/lang/NoSuchMethodError'{0x000000074c6f7ba8}: java.lang.invoke.DirectMethodHandle$Holder.invokeStatic(Ljava/lang/Object;Ljava/lang/Object;Ljava/lang/Object;Ljava/lang/Object;)V> (0x000000074c6f7ba8) thrown at [./open/src/hotspot/share/in
Event: 1.608 Thread 0x000002418da2f000 Exception <a 'java/lang/NoSuchMethodError'{0x000000074c2dffb8}: java.lang.invoke.DirectMethodHandle$Holder.invokeStaticInit(Ljava/lang/Object;Ljava/lang/Object;)V> (0x000000074c2dffb8) thrown at [./open/src/hotspot/share/interpreter/linkResolver.cpp, line
Event: 1.738 Thread 0x000002418da2f000 Exception <a 'java/lang/NoSuchMethodError'{0x000000074bcc6f78}: java.lang.invoke.DirectMethodHandle$Holder.invokeVirtual(Ljava/lang/Object;Ljava/lang/Object;)V> (0x000000074bcc6f78) thrown at [./open/src/hotspot/share/interpreter/linkResolver.cpp, line 77

Events (10 events):
Event: 1.748 loading class kotlin/script/experimental/api/ScriptCompilationConfigurationKeys
Event: 1.748 loading class kotlin/script/experimental/api/ScriptCompilationConfigurationKeys done
Event: 1.749 loading class org/jetbrains/kotlin/scripting/definitions/StandardScriptDefinition
Event: 1.749 loading class org/jetbrains/kotlin/scripting/definitions/StandardScriptDefinition done
Event: 1.749 loading class org/jetbrains/kotlin/scripting/definitions/KotlinScriptDefinition
Event: 1.749 loading class org/jetbrains/kotlin/scripting/definitions/KotlinScriptDefinition done
Event: 1.750 loading class org/jetbrains/kotlin/scripting/definitions/KotlinScriptDefinition$Companion
Event: 1.750 loading class org/jetbrains/kotlin/scripting/definitions/KotlinScriptDefinition$Companion done
Event: 1.751 loading class kotlin/script/templates/standard/ScriptTemplateWithArgs
Event: 1.751 loading class kotlin/script/templates/standard/ScriptTemplateWithArgs done


Dynamic libraries:
0x00007ff753000000 - 0x00007ff75300f000 	C:\Program Files\Java\jdk-11.0.14\bin\java.exe
0x00007ff856110000 - 0x00007ff856308000 	C:\WINDOWS\SYSTEM32\ntdll.dll
0x00007ff8553b0000 - 0x00007ff85546f000 	C:\WINDOWS\System32\KERNEL32.DLL
0x00007ff8537f0000 - 0x00007ff853ae6000 	C:\WINDOWS\System32\KERNELBASE.dll
0x00007ff853d00000 - 0x00007ff853e00000 	C:\WINDOWS\System32\ucrtbase.dll
0x00007ff842f30000 - 0x00007ff842f45000 	C:\Program Files\Java\jdk-11.0.14\bin\VCRUNTIME140.dll
0x00007ff845a30000 - 0x00007ff845a48000 	C:\Program Files\Java\jdk-11.0.14\bin\jli.dll
0x00007ff855470000 - 0x00007ff85551f000 	C:\WINDOWS\System32\ADVAPI32.dll
0x00007ff855520000 - 0x00007ff8555be000 	C:\WINDOWS\System32\msvcrt.dll
0x00007ff854310000 - 0x00007ff8543ac000 	C:\WINDOWS\System32\sechost.dll
0x00007ff855c20000 - 0x00007ff855d46000 	C:\WINDOWS\System32\RPCRT4.dll
0x00007ff83e140000 - 0x00007ff83e3da000 	C:\WINDOWS\WinSxS\amd64_microsoft.windows.common-controls_6595b64144ccf1df_6.0.19041.1110_none_60b5254171f9507e\COMCTL32.dll
0x00007ff855880000 - 0x00007ff855a1d000 	C:\WINDOWS\System32\USER32.dll
0x00007ff853fe0000 - 0x00007ff854002000 	C:\WINDOWS\System32\win32u.dll
0x00007ff8551b0000 - 0x00007ff8551dc000 	C:\WINDOWS\System32\GDI32.dll
0x00007ff853e70000 - 0x00007ff853f85000 	C:\WINDOWS\System32\gdi32full.dll
0x00007ff853af0000 - 0x00007ff853b8d000 	C:\WINDOWS\System32\msvcp_win.dll
0x00007ff851d70000 - 0x00007ff851d7a000 	C:\WINDOWS\SYSTEM32\VERSION.dll
0x00007ff855850000 - 0x00007ff855880000 	C:\WINDOWS\System32\IMM32.DLL
0x00007ff835d40000 - 0x00007ff835ddb000 	C:\Program Files\Java\jdk-11.0.14\bin\msvcp140.dll
0x00007ff8051d0000 - 0x00007ff805ce6000 	C:\Program Files\Java\jdk-11.0.14\bin\server\jvm.dll
0x00007ff855d60000 - 0x00007ff855d68000 	C:\WINDOWS\System32\PSAPI.DLL
0x00007ff8496b0000 - 0x00007ff8496b9000 	C:\WINDOWS\SYSTEM32\WSOCK32.dll
0x00007ff84a690000 - 0x00007ff84a6b7000 	C:\WINDOWS\SYSTEM32\WINMM.dll
0x00007ff855bb0000 - 0x00007ff855c1b000 	C:\WINDOWS\System32\WS2_32.dll
0x00007ff8520d0000 - 0x00007ff8520e2000 	C:\WINDOWS\SYSTEM32\kernel.appcore.dll
0x00007ff849160000 - 0x00007ff849170000 	C:\Program Files\Java\jdk-11.0.14\bin\verify.dll
0x00007ff844210000 - 0x00007ff8443f4000 	C:\WINDOWS\SYSTEM32\DBGHELP.DLL
0x00007ff843fc0000 - 0x00007ff843ff4000 	C:\WINDOWS\SYSTEM32\dbgcore.DLL
0x00007ff853c70000 - 0x00007ff853cf2000 	C:\WINDOWS\System32\bcryptPrimitives.dll
0x00007ff83ea40000 - 0x00007ff83ea68000 	C:\Program Files\Java\jdk-11.0.14\bin\java.dll
0x00007ff848490000 - 0x00007ff84849a000 	C:\Program Files\Java\jdk-11.0.14\bin\jimage.dll
0x00007ff842ba0000 - 0x00007ff842bb6000 	C:\Program Files\Java\jdk-11.0.14\bin\zip.dll
0x00007ff854410000 - 0x00007ff854b54000 	C:\WINDOWS\System32\SHELL32.dll
0x00007ff851520000 - 0x00007ff851cb3000 	C:\WINDOWS\SYSTEM32\windows.storage.dll
0x00007ff855d70000 - 0x00007ff8560c4000 	C:\WINDOWS\System32\combase.dll
0x00007ff853160000 - 0x00007ff85318e000 	C:\WINDOWS\SYSTEM32\Wldp.dll
0x00007ff854be0000 - 0x00007ff854c8d000 	C:\WINDOWS\System32\SHCORE.dll
0x00007ff8543b0000 - 0x00007ff854405000 	C:\WINDOWS\System32\shlwapi.dll
0x00007ff853730000 - 0x00007ff85374f000 	C:\WINDOWS\SYSTEM32\profapi.dll
0x00007ff840d60000 - 0x00007ff840d79000 	C:\Program Files\Java\jdk-11.0.14\bin\net.dll
0x00007ff84c8e0000 - 0x00007ff84c9ea000 	C:\WINDOWS\SYSTEM32\WINHTTP.dll
0x00007ff852ec0000 - 0x00007ff852f2a000 	C:\WINDOWS\system32\mswsock.dll
0x00007ff83e9c0000 - 0x00007ff83e9d2000 	C:\Program Files\Java\jdk-11.0.14\bin\nio.dll

dbghelp: loaded successfully - version: 4.0.5 - missing functions: none
symbol engine: initialized successfully - sym options: 0x614 - pdb path: .;C:\Program Files\Java\jdk-11.0.14\bin;C:\WINDOWS\SYSTEM32;C:\WINDOWS\WinSxS\amd64_microsoft.windows.common-controls_6595b64144ccf1df_6.0.19041.1110_none_60b5254171f9507e;C:\Program Files\Java\jdk-11.0.14\bin\server

VM Arguments:
java_command: org.jetbrains.kotlin.cli.jvm.K2JVMCompiler @G:\ZeeshanNoorullah\ReactNative\reactredux\node_modules\@react-native\gradle-plugin\build\20230628_414082596978920056.compiler.options
java_class_path (initial): C:\Users\zeeshan.noorullah\.gradle\caches\modules-2\files-2.1\org.jetbrains.kotlin\kotlin-compiler-embeddable\1.7.22\1a39d9a56c9d1618300cd3444f070a5399663403\kotlin-compiler-embeddable-1.7.22.jar;C:\Users\zeeshan.noorullah\.gradle\caches\modules-2\files-2.1\org.jetbrains.kotlin\kotlin-reflect\1.7.22\e61a16c5c838d324529a6aa72dfb88ea98958a29\kotlin-reflect-1.7.22.jar;C:\Users\zeeshan.noorullah\.gradle\caches\modules-2\files-2.1\org.jetbrains.kotlin\kotlin-stdlib\1.7.22\9fb43bccb6cf8cfaaf3776c75f5df4f052f09b72\kotlin-stdlib-1.7.22.jar;C:\Users\zeeshan.noorullah\.gradle\caches\modules-2\files-2.1\org.jetbrains.kotlin\kotlin-script-runtime\1.7.22\703a4d56168f3517532bc04481e3c8b751f685cb\kotlin-script-runtime-1.7.22.jar;C:\Users\zeeshan.noorullah\.gradle\caches\modules-2\files-2.1\org.jetbrains.kotlin\kotlin-daemon-embeddable\1.7.22\a4f231458e1bb6fffbb8e1224f97d20a3ecc9c83\kotlin-daemon-embeddable-1.7.22.jar;C:\Users\zeeshan.noorullah\.gradle\caches\modules-2\files-2.1\org.jetbrains.intellij.deps\trove4j\1.0.20200330\3afb14d5f9ceb459d724e907a21145e8ff394f02\trove4j-1.0.20200330.jar;C:\Users\zeeshan.noorullah\.gradle\caches\modules-2\files-2.1\net.java.dev.jna\jna\5.6.0\330f2244e9030119ab3030fc3fededc86713d9cc\jna-5.6.0.jar;C:\Users\zeeshan.noorullah\.gradle\caches\modules-2\files-2.1\org.jetbrains.kotlin\kotlin-stdlib-common\1.7.22\5dd2c9dcf64c94b46cf4bdb6fa4035b9bb726e2e\kotlin-stdlib-common-1.7.22.jar;C:\Users\zeeshan.noorullah\.gradle\caches\modules-2\files-2.1\org.jetbrains\annotations\13.0\919f0dfe192fb4e063e7dacadee7f8bb9a2672a9\annotations-13.0.jar
Launcher Type: SUN_STANDARD

[Global flags]
     intx CICompilerCount                          = 3                                         {product} {ergonomic}
     uint ConcGCThreads                            = 1                                         {product} {ergonomic}
     uint G1ConcRefinementThreads                  = 4                                         {product} {ergonomic}
   size_t G1HeapRegionSize                         = 1048576                                   {product} {ergonomic}
    uintx GCDrainStackTargetSize                   = 64                                        {product} {ergonomic}
   size_t InitialHeapSize                          = 201326592                                 {product} {ergonomic}
   size_t MarkStackSize                            = 4194304                                   {product} {ergonomic}
   size_t MaxHeapSize                              = 3198156800                                {product} {ergonomic}
   size_t MaxNewSize                               = 1918894080                                {product} {ergonomic}
   size_t MinHeapDeltaBytes                        = 1048576                                   {product} {ergonomic}
    uintx NonNMethodCodeHeapSize                   = 5830732                                {pd product} {ergonomic}
    uintx NonProfiledCodeHeapSize                  = 122913754                              {pd product} {ergonomic}
    uintx ProfiledCodeHeapSize                     = 122913754                              {pd product} {ergonomic}
    uintx ReservedCodeCacheSize                    = 251658240                              {pd product} {ergonomic}
     bool SegmentedCodeCache                       = true                                      {product} {ergonomic}
     bool UseCompressedClassPointers               = true                                 {lp64_product} {ergonomic}
     bool UseCompressedOops                        = true                                 {lp64_product} {ergonomic}
     bool UseG1GC                                  = true                                      {product} {ergonomic}
     bool UseLargePagesIndividualAllocation        = false                                  {pd product} {ergonomic}

Logging:
Log output configuration:
 #0: stdout all=warning uptime,level,tags
 #1: stderr all=off uptime,level,tags

Environment Variables:
JAVA_HOME=C:\Program Files\Java\jdk-11.0.14
CLASSPATH=G:\ZeeshanNoorullah\ReactNative\reactredux\android\\gradle\wrapper\gradle-wrapper.jar
PATH=C:\Users\ZEESHA~1.NOO\AppData\Local\Temp\yarn--1687954272198-0.8292294207667328;G:\ZeeshanNoorullah\ReactNative\reactredux\node_modules\.bin;C:\Users\zeeshan.noorullah\AppData\Local\Yarn\Data\link\node_modules\.bin;C:\Users\zeeshan.noorullah\AppData\Local\Yarn\bin;C:\Program Files\libexec\lib\node_modules\npm\bin\node-gyp-bin;C:\Program Files\lib\node_modules\npm\bin\node-gyp-bin;C:\Program Files\nodejs\node_modules\npm\bin\node-gyp-bin;C:\Program Files\Common Files\Oracle\Java\javapath;C:\WINDOWS\system32;C:\WINDOWS;C:\WINDOWS\System32\Wbem;C:\WINDOWS\System32\WindowsPowerShell\v1.0\;C:\WINDOWS\System32\OpenSSH\;C:\xampp\php;C:\composer;C:\ProgramData\chocolatey\bin;C:\Program Files\Git\cmd;C:\Program Files\nodejs\;C:\Users\zeeshan.noorullah\AppData\Local\Microsoft\WindowsApps;C:\Users\zeeshan.noorullah\AppData\Local\GitHubDesktop\bin;C:\Users\zeeshan.noorullah\AppData\Roaming\npm;C:\Users\zeeshan.noorullah\AppData\Local\Programs\Git\cmd;C:\Users\zeeshan.noorullah\AppData\Local\Android\Sdk\platform-tools;C:\Program Files (x86)\BrowserStackLocal\;C:\Users\zeeshan.noorullah\AppData\Local\Programs\Microsoft VS Code\bin
USERNAME=zeeshan.noorullah
OS=Windows_NT
PROCESSOR_IDENTIFIER=Intel64 Family 6 Model 60 Stepping 3, GenuineIntel



---------------  S Y S T E M  ---------------

OS: Windows 10 , 64 bit Build 19041 (10.0.19041.3031)

CPU:total 4 (initial active 4) (4 cores per cpu, 1 threads per core) family 6 model 60 stepping 3 microcode 0x27, cmov, cx8, fxsr, mmx, sse, sse2, sse3, ssse3, sse4.1, sse4.2, popcnt, avx, avx2, aes, clmul, erms, lzcnt, tsc, tscinvbit, bmi1, bmi2, fma

Memory: 4k page, system-wide physical 12196M (2144M free)
TotalPageFile size 14244M (AvailPageFile size 5M)
current process WorkingSet (physical memory assigned to process): 171M, peak: 174M
current process commit charge ("private bytes"): 334M, peak: 336M

vm_info: Java HotSpot(TM) 64-Bit Server VM (11.0.14+8-LTS-263) for windows-amd64 JRE (11.0.14+8-LTS-263), built on Dec  7 2021 21:53:57 by "mach5one" with MS VC++ 15.9 (VS2017)

END.
